Waiting for device:
Listening:
"tt_delay":0,"tt_effective":200}
{"layer":2,"x":2,"y":9,"duration":93,"hold":false,"tt_base":200,"tt_delay":30,"tt_effective":230}
{"layer":2,"x":2,"y":2,"duration":316,"hold":true,"tt_base":200,"tt_delay":30,"tt_effective":230}
{"layer":2,"x":2,"y":7,"duration":96,"hold":false,"tt_base":200,"tt_delay":0,"tt_effective":200}
{"layer":0,"x":4,"y":7,"duration":559,"hold":true,"tt_base":200,"tt_delay":0,"tt_effective":200}
{"layer":0,"x":4,"y":6,"duration":63,"hold":false,"tt_base":200,"tt_delay":0,"tt_effective":200}
{"layer":0,"x":4,"y":6,"duration":96,"hold":false,"tt_base":200,"tt_delay":0,"tt_effective":200}
{"layer":2,"x":2,"y":8,"duration":73,"hold":false,"tt_base":200,"tt_delay":0,"tt_effective":200}
{"layer":2,"x":2,"y":2,"duration":210,"hold":false,"tt_base":200,"tt_delay":30,"tt_effective":230}
{"layer":0,"x":4,"y":7,"duration":340,"hold":true,"tt_base":200,"tt_delay":0,"tt_effective":200}
{"layer":0,"x":4,"y":4,"duration":73,"hold":false,"tt_base":200,"tt_delay":0,"tt_effective":200}
{"layer":0,"x":2,"y":0,"duration":87,"hold":false,"tt_base":200,"tt_delay":50,"tt_effective":250}
{"layer":0,"x":2,"y":8,"duration":67,"hold":false,"tt_base":200,"tt_delay":0,"tt_effective":200}
{"layer":0,"x":4,"y":4,"duration":83,"hold":false,"tt_base":200,"tt_delay":0,"tt_effective":200}
{"layer":2,"x":2,"y":7,"duration":90,"hold":false,"tt_base":200,"tt_delay":0,"tt_effective":200}
{"layer":2,"x":2,"y":2,"duration":323,"hold":true,"tt_base":200,"tt_delay":30,"tt_effective":230}
{"layer":0,"x":4,"y":7,"duration":366,"hold":true,"tt_base":200,"tt_delay":0,"tt_effective":200}
{"layer":0,"x":2,"y":2,"duration":77,"hold":false,"tt_base":200,"tt_delay":30,"tt_effective":230}
{"layer":0,"x":2,"y":7,"duration":220,"hold":true,"tt_base":200,"tt_delay":0,"tt_effective":200}
{"layer":0,"x":3,"y":3,"duration":103,"hold":false,"tt_base":200,"tt_delay":0,"tt_effective":200}
{"layer":0,"x":2,"y":1,"duration":97,"hold":false,"tt_base":200,"tt_delay":50,"tt_effective":250}
{"layer":0,"x":1,"y":7,"duration":87,"hold":false,"tt_base":200,"tt_delay":0,"tt_effective":200}
{"layer":0,"x":3,"y":3,"duration":97,"hold":false,"tt_base":200,"tt_delay":0,"tt_effective":200}
{"layer":0,"x":1,"y":8,"duration":67,"hold":false,"tt_base":200,"tt_delay":0,"tt_effective":200}
{"layer":0,"x":1,"y":7,"duration":83,"hold":false,"tt_base":200,"tt_delay":0,"tt_effective":200}
{"layer":0,"x":4,"y":4,"duration":73,"hold":false,"tt_base":200,"tt_delay":0,"tt_effective":200}
{"layer":0,"x":4,"y":4,"duration":83,"hold":false,"tt_base":200,"tt_delay":0,"tt_effective":200}
{"layer":2,"x":2,"y":6,"duration":83,"hold":false,"tt_base":200,"tt_delay":0,"tt_effective":200}
{"layer":0,"x":4,"y":7,"duration":446,"hold":true,"tt_base":200,"tt_delay":0,"tt_effective":200}
{"layer":0,"x":2,"y":3,"duration":549,"hold":true,"tt_base":200,"tt_delay":0,"tt_effective":200}
{"layer":2,"x":2,"y":9,"duration":71,"hold":false,"tt_base":200,"tt_delay":30,"tt_effective":230}
{"layer":2,"x":2,"y":9,"duration":89,"hold":false,"tt_base":200,"tt_delay":30,"tt_effective":230}
{"layer":2,"x":2,"y":6,"duration":73,"hold":false,"tt_base":200,"tt_delay":0,"tt_effective":200}
{"layer":2,"x":2,"y":9,"duration":50,"hold":false,"tt_base":200,"tt_delay":30,"tt_effective":230}
{"layer":2,"x":2,"y":6,"duration":97,"hold":false,"tt_base":200,"tt_delay":0,"tt_effective":200}
{"layer":0,"x":4,"y":7,"duration":1769,"hold":true,"tt_base":200,"tt_delay":0,"tt_effective":200}
{"layer":0,"x":2,"y":3,"duration":1810,"hold":true,"tt_base":200,"tt_delay":0,"tt_effective":200}
{"layer":0,"x":2,"y":4,"duration":93,"hold":false,"tt_base":200,"tt_delay":0,"tt_effective":200}
{"layer":0,"x":2,"y":7,"duration":257,"hold":true,"tt_base":200,"tt_delay":0,"tt_effective":200}
{"layer":1,"x":3,"y":10,"duration":113,"hold":false,"tt_base":200,"tt_delay":50,"tt_effective":250}
{"layer":0,"x":4,"y":4,"duration":267,"hold":true,"tt_base":200,"tt_delay":0,"tt_effective":200}
{"layer":0,"x":4,"y":5,"duration":113,"hold":false,"tt_base":200,"tt_delay":0,"tt_effective":200}
{"layer":0,"x":1,"y":2,"duration":90,"hold":false,"tt_base":200,"tt_delay":30,"tt_effective":230}
{"layer":0,"x":1,"y":2,"duration":56,"hold":false,"tt_base":200,"tt_delay":30,"tt_effective":230}
{"layer":0,"x":2,"y":7,"duration":942,"hold":true,"tt_base":200,"tt_delay":0,"tt_effective":200}
{"layer":0,"x":2,"y":2,"duration":86,"hold":false,"tt_base":200,"tt_delay":30,"tt_effective":230}
{"layer":0,"x":2,"y":8,"duration":87,"hold":false,"tt_base":200,"tt_delay":0,"tt_effective":200}
{"layer":0,"x":2,"y":3,"duration":83,"hold":false,"tt_base":200,"tt_delay":0,"tt_effective":200}
{"layer":0,"x":2,"y":4,"duration":84,"hold":false,"tt_base":200,"tt_delay":0,"tt_effective":200}
{"layer":0,"x":2,"y":10,"duration":97,"hold":false,"tt_base":200,"tt_delay":50,"tt_effective":250}
{"layer":0,"x":4,"y":7,"duration":100,"hold":false,"tt_base":200,"tt_delay":0,"tt_effective":200}
{"layer":0,"x":2,"y":4,"duration":114,"hold":false,"tt_base":200,"tt_delay":0,"tt_effective":200}
{"layer":0,"x":2,"y":8,"duration":84,"hold":false,"tt_base":200,"tt_delay":0,"tt_effective":200}
{"layer":0,"x":2,"y":3,"duration":54,"hold":false,"tt_base":200,"tt_delay":0,"tt_effective":200}
{"layer":0,"x":2,"y":3,"duration":97,"hold":false,"tt_base":200,"tt_delay":0,"tt_effective":200}
{"layer":0,"x":1,"y":8,"duration":51,"hold":false,"tt_base":200,"tt_delay":0,"tt_effective":200}
{"layer":0,"x":2,"y":4,"duration":96,"hold":false,"tt_base":200,"tt_delay":0,"tt_effective":200}
{"layer":0,"x":2,"y":10,"duration":111,"hold":false,"tt_base":200,"tt_delay":50,"tt_effective":250}
{"layer":0,"x":4,"y":7,"duration":87,"hold":false,"tt_base":200,"tt_delay":0,"tt_effective":200}
{"layer":0,"x":1,"y":4,"duration":113,"hold":false,"tt_base":200,"tt_delay":0,"tt_effective":200}
{"layer":0,"x":2,"y":1,"duration":104,"hold":false,"tt_base":200,"tt_delay":50,"tt_effective":250}
{"layer":0,"x":1,"y":7,"duration":66,"hold":false,"tt_base":200,"tt_delay":0,"tt_effective":200}
{"layer":0,"x":2,"y":10,"duration":93,"hold":false,"tt_base":200,"tt_delay":50,"tt_effective":250}
{"layer":0,"x":4,"y":7,"duration":87,"hold":false,"tt_base":200,"tt_delay":0,"tt_effective":200}
{"layer":0,"x":2,"y":8,"duration":80,"hold":false,"tt_base":200,"tt_delay":0,"tt_effective":200}
{"layer":0,"x":2,"y":3,"duration":87,"hold":false,"tt_base":200,"tt_delay":0,"tt_effective":200}
{"layer":0,"x":1,"y":4,"duration":83,"hold":false,"tt_base":200,"tt_delay":0,"tt_effective":200}
{"layer":0,"x":2,"y":8,"duration":107,"hold":false,"tt_base":200,"tt_delay":0,"tt_effective":200}
{"layer":0,"x":1,"y":7,"duration":47,"hold":false,"tt_base":200,"tt_delay":0,"tt_effective":200}
{"layer":0,"x":1,"y":7,"duration":120,"hold":false,"tt_base":200,"tt_delay":0,"tt_effective":200}
{"layer":0,"x":1,"y":8,"duration":66,"hold":false,"tt_base":200,"tt_delay":0,"tt_effective":200}
{"layer":0,"x":2,"y":8,"duration":80,"hold":false,"tt_base":200,"tt_delay":0,"tt_effective":200}
{"layer":0,"x":4,"y":6,"duration":73,"hold":false,"tt_base":200,"tt_delay":0,"tt_effective":200}
{"layer":0,"x":4,"y":6,"duration":93,"hold":false,"tt_base":200,"tt_delay":0,"tt_effective":200}
{"layer":0,"x":2,"y":8,"duration":63,"hold":false,"tt_base":200,"tt_delay":0,"tt_effective":200}
{"layer":0,"x":2,"y":2,"duration":70,"hold":false,"tt_base":200,"tt_delay":30,"tt_effective":230}
{"layer":0,"x":2,"y":8,"duration":73,"hold":false,"tt_base":200,"tt_delay":0,"tt_effective":200}
{"layer":0,"x":4,"y":7,"duration":86,"hold":false,"tt_base":200,"tt_delay":0,"tt_effective":200}
{"layer":0,"x":2,"y":3,"duration":70,"hold":false,"tt_base":200,"tt_delay":0,"tt_effective":200}
{"layer":0,"x":3,"y":3,"duration":90,"hold":false,"tt_base":200,"tt_delay":0,"tt_effective":200}
{"layer":0,"x":1,"y":8,"duration":70,"hold":false,"tt_base":200,"tt_delay":0,"tt_effective":200}
{"layer":0,"x":2,"y":10,"duration":114,"hold":false,"tt_base":200,"tt_delay":50,"tt_effective":250}
{"layer":0,"x":2,"y":4,"duration":96,"hold":false,"tt_base":200,"tt_delay":0,"tt_effective":200}
{"layer":0,"x":2,"y":8,"duration":43,"hold":false,"tt_base":200,"tt_delay":0,"tt_effective":200}
{"layer":0,"x":2,"y":2,"duration":73,"hold":false,"tt_base":200,"tt_delay":30,"tt_effective":230}
{"layer":0,"x":2,"y":8,"duration":81,"hold":false,"tt_base":200,"tt_delay":0,"tt_effective":200}
{"layer":0,"x":4,"y":7,"duration":114,"hold":false,"tt_base":200,"tt_delay":0,"tt_effective":200}
{"layer":0,"x":1,"y":4,"duration":93,"hold":false,"tt_base":200,"tt_delay":0,"tt_effective":200}
{"layer":0,"x":2,"y":1,"duration":83,"hold":false,"tt_base":200,"tt_delay":50,"tt_effective":250}
{"layer":0,"x":2,"y":3,"duration":70,"hold":false,"tt_base":200,"tt_delay":0,"tt_effective":200}
{"layer":0,"x":2,"y":3,"duration":50,"hold":false,"tt_base":200,"tt_delay":0,"tt_effective":200}
{"layer":0,"x":2,"y":3,"duration":101,"hold":false,"tt_base":200,"tt_delay":0,"tt_effective":200}
{"layer":0,"x":2,"y":9,"duration":51,"hold":false,"tt_base":200,"tt_delay":30,"tt_effective":230}
{"layer":0,"x":3,"y":5,"duration":66,"hold":false,"tt_base":200,"tt_delay":0,"tt_effective":200}
{"layer":0,"x":2,"y":10,"duration":73,"hold":false,"tt_base":200,"tt_delay":50,"tt_effective":250}
{"layer":0,"x":4,"y":7,"duration":90,"hold":false,"tt_base":200,"tt_delay":0,"tt_effective":200}
{"layer":0,"x":2,"y":9,"duration":96,"hold":false,"tt_base":200,"tt_delay":30,"tt_effective":230}
{"layer":0,"x":2,"y":7,"duration":100,"hold":false,"tt_base":200,"tt_delay":0,"tt_effective":200}
{"layer":0,"x":2,"y":5,"duration":79,"hold":false,"tt_base":200,"tt_delay":0,"tt_effective":200}
{"layer":0,"x":2,"y":9,"duration":87,"hold":false,"tt_base":200,"tt_delay":30,"tt_effective":230}
{"layer":0,"x":1,"y":8,"duration":83,"hold":false,"tt_base":200,"tt_delay":0,"tt_effective":200}
{"layer":0,"x":2,"y":3,"duration":73,"hold":false,"tt_base":200,"tt_delay":0,"tt_effective":200}
{"layer":0,"x":2,"y":4,"duration":103,"hold":false,"tt_base":200,"tt_delay":0,"tt_effective":200}
{"layer":0,"x":2,"y":10,"duration":87,"hold":false,"tt_base":200,"tt_delay":50,"tt_effective":250}
{"layer":0,"x":4,"y":7,"duration":90,"hold":false,"tt_base":200,"tt_delay":0,"tt_effective":200}
{"layer":0,"x":3,"y":3,"duration":73,"hold":false,"tt_base":200,"tt_delay":0,"tt_effective":200}
{"layer":0,"x":2,"y":2,"duration":73,"hold":false,"tt_base":200,"tt_delay":30,"tt_effective":230}
{"layer":0,"x":2,"y":9,"duration":66,"hold":false,"tt_base":200,"tt_delay":30,"tt_effective":230}
{"layer":0,"x":2,"y":3,"duration":33,"hold":false,"tt_base":200,"tt_delay":0,"tt_effective":200}
{"layer":0,"x":2,"y":4,"duration":90,"hold":false,"tt_base":200,"tt_delay":0,"tt_effective":200}
{"layer":0,"x":2,"y":9,"duration":60,"hold":false,"tt_base":200,"tt_delay":30,"tt_effective":230}
{"layer":0,"x":2,"y":1,"duration":90,"hold":false,"tt_base":200,"tt_delay":50,"tt_effective":250}
{"layer":0,"x":2,"y":7,"duration":94,"hold":false,"tt_base":200,"tt_delay":0,"tt_effective":200}
{"layer":0,"x":2,"y":10,"duration":176,"hold":false,"tt_base":200,"tt_delay":50,"tt_effective":250}
{"layer":0,"x":4,"y":7,"duration":121,"hold":false,"tt_base":200,"tt_delay":0,"tt_effective":200}
{"layer":0,"x":2,"y":2,"duration":116,"hold":false,"tt_base":200,"tt_delay":30,"tt_effective":230}
{"layer":0,"x":2,"y":10,"duration":83,"hold":false,"tt_base":200,"tt_delay":50,"tt_effective":250}
{"layer":0,"x":2,"y":4,"duration":89,"hold":false,"tt_base":200,"tt_delay":0,"tt_effective":200}
{"layer":0,"x":2,"y":10,"duration":80,"hold":false,"tt_base":200,"tt_delay":50,"tt_effective":250}
{"layer":0,"x":2,"y":7,"duration":73,"hold":false,"tt_base":200,"tt_delay":0,"tt_effective":200}
{"layer":0,"x":3,"y":4,"duration":90,"hold":false,"tt_base":200,"tt_delay":0,"tt_effective":200}
{"layer":0,"x":2,"y":10,"duration":117,"hold":false,"tt_base":200,"tt_delay":50,"tt_effective":250}
{"layer":0,"x":4,"y":7,"duration":80,"hold":false,"tt_base":200,"tt_delay":0,"tt_effective":200}
{"layer":0,"x":2,"y":8,"duration":63,"hold":false,"tt_base":200,"tt_delay":0,"tt_effective":200}
{"layer":0,"x":3,"y":3,"duration":40,"hold":false,"tt_base":200,"tt_delay":0,"tt_effective":200}
{"layer":0,"x":3,"y":3,"duration":86,"hold":false,"tt_base":200,"tt_delay":0,"tt_effective":200}
{"layer":0,"x":2,"y":10,"duration":110,"hold":false,"tt_base":200,"tt_delay":50,"tt_effective":250}
{"layer":0,"x":4,"y":7,"duration":91,"hold":false,"tt_base":200,"tt_delay":0,"tt_effective":200}
{"layer":0,"x":1,"y":3,"duration":83,"hold":false,"tt_base":200,"tt_delay":0,"tt_effective":200}
{"layer":0,"x":2,"y":10,"duration":90,"hold":false,"tt_base":200,"tt_delay":50,"tt_effective":250}
{"layer":0,"x":2,"y":2,"duration":103,"hold":false,"tt_base":200,"tt_delay":30,"tt_effective":230}
{"layer":0,"x":2,"y":6,"duration":63,"hold":false,"tt_base":200,"tt_delay":0,"tt_effective":200}
{"layer":0,"x":2,"y":1,"duration":90,"hold":false,"tt_base":200,"tt_delay":50,"tt_effective":250}
{"layer":0,"x":2,"y":5,"duration":33,"hold":false,"tt_base":200,"tt_delay":0,"tt_effective":200}
{"layer":0,"x":2,"y":5,"duration":90,"hold":false,"tt_base":200,"tt_delay":0,"tt_effective":200}
{"layer":0,"x":2,"y":9,"duration":131,"hold":false,"tt_base":200,"tt_delay":30,"tt_effective":230}
{"layer":0,"x":2,"y":10,"duration":115,"hold":false,"tt_base":200,"tt_delay":50,"tt_effective":250}
{"layer":0,"x":4,"y":7,"duration":77,"hold":false,"tt_base":200,"tt_delay":0,"tt_effective":200}
{"layer":0,"x":2,"y":2,"duration":73,"hold":false,"tt_base":200,"tt_delay":30,"tt_effective":230}
{"layer":0,"x":2,"y":9,"duration":100,"hold":false,"tt_base":200,"tt_delay":30,"tt_effective":230}
{"layer":0,"x":2,"y":3,"duration":76,"hold":false,"tt_base":200,"tt_delay":0,"tt_effective":200}
{"layer":0,"x":2,"y":2,"duration":14,"hold":false,"tt_base":200,"tt_delay":30,"tt_effective":230}
{"layer":0,"x":3,"y":3,"duration":120,"hold":false,"tt_base":200,"tt_delay":0,"tt_effective":200}
{"layer":0,"x":2,"y":1,"duration":101,"hold":false,"tt_base":200,"tt_delay":50,"tt_effective":250}
{"layer":0,"x":2,"y":4,"duration":67,"hold":false,"tt_base":200,"tt_delay":0,"tt_effective":200}
{"layer":0,"x":2,"y":4,"duration":43,"hold":false,"tt_base":200,"tt_delay":0,"tt_effective":200}
{"layer":0,"x":2,"y":4,"duration":127,"hold":false,"tt_base":200,"tt_delay":0,"tt_effective":200}
{"layer":0,"x":2,"y":1,"duration":85,"hold":false,"tt_base":200,"tt_delay":50,"tt_effective":250}
{"layer":0,"x":4,"y":6,"duration":222,"hold":true,"tt_base":200,"tt_delay":0,"tt_effective":200}
{"layer":0,"x":4,"y":6,"duration":67,"hold":false,"tt_base":200,"tt_delay":0,"tt_effective":200}
{"layer":0,"x":2,"y":4,"duration":80,"hold":false,"tt_base":200,"tt_delay":0,"tt_effective":200}
{"layer":0,"x":2,"y":4,"duration":43,"hold":false,"tt_base":200,"tt_delay":0,"tt_effective":200}
{"layer":0,"x":2,"y":4,"duration":127,"hold":false,"tt_base":200,"tt_delay":0,"tt_effective":200}
{"layer":0,"x":2,"y":1,"duration":84,"hold":false,"tt_base":200,"tt_delay":50,"tt_effective":250}
{"layer":0,"x":2,"y":2,"duration":107,"hold":false,"tt_base":200,"tt_delay":30,"tt_effective":230}
{"layer":0,"x":2,"y":8,"duration":91,"hold":false,"tt_base":200,"tt_delay":0,"tt_effective":200}
{"layer":0,"x":4,"y":7,"duration":87,"hold":false,"tt_base":200,"tt_delay":0,"tt_effective":200}
{"layer":0,"x":2,"y":4,"duration":123,"hold":false,"tt_base":200,"tt_delay":0,"tt_effective":200}
{"layer":0,"x":2,"y":8,"duration":89,"hold":false,"tt_base":200,"tt_delay":0,"tt_effective":200}
{"layer":0,"x":3,"y":3,"duration":93,"hold":false,"tt_base":200,"tt_delay":0,"tt_effective":200}
{"layer":0,"x":2,"y":7,"duration":87,"hold":false,"tt_base":200,"tt_delay":0,"tt_effective":200}
{"layer":0,"x":2,"y":9,"duration":84,"hold":false,"tt_base":200,"tt_delay":30,"tt_effective":230}
{"layer":0,"x":3,"y":3,"duration":97,"hold":false,"tt_base":200,"tt_delay":0,"tt_effective":200}
{"layer":0,"x":2,"y":1,"duration":100,"hold":false,"tt_base":200,"tt_delay":50,"tt_effective":250}
{"layer":0,"x":2,"y":6,"duration":64,"hold":false,"tt_base":200,"tt_delay":0,"tt_effective":200}
{"layer":0,"x":2,"y":8,"duration":74,"hold":false,"tt_base":200,"tt_delay":0,"tt_effective":200}
{"layer":0,"x":2,"y":7,"duration":84,"hold":false,"tt_base":200,"tt_delay":0,"tt_effective":200}
{"layer":0,"x":2,"y":4,"duration":76,"hold":false,"tt_base":200,"tt_delay":0,"tt_effective":200}
{"layer":0,"x":2,"y":8,"duration":97,"hold":false,"tt_base":200,"tt_delay":0,"tt_effective":200}
{"layer":0,"x":4,"y":7,"duration":70,"hold":false,"tt_base":200,"tt_delay":0,"tt_effective":200}
{"layer":0,"x":2,"y":9,"duration":70,"hold":false,"tt_base":200,"tt_delay":30,"tt_effective":230}
{"layer":0,"x":2,"y":7,"duration":87,"hold":false,"tt_base":200,"tt_delay":0,"tt_effective":200}
{"layer":0,"x":2,"y":4,"duration":94,"hold":false,"tt_base":200,"tt_delay":0,"tt_effective":200}
{"layer":0,"x":2,"y":8,"duration":84,"hold":false,"tt_base":200,"tt_delay":0,"tt_effective":200}
{"layer":0,"x":2,"y":3,"duration":90,"hold":false,"tt_base":200,"tt_delay":0,"tt_effective":200}
{"layer":0,"x":2,"y":4,"duration":107,"hold":false,"tt_base":200,"tt_delay":0,"tt_effective":200}
{"layer":0,"x":2,"y":1,"duration":104,"hold":false,"tt_base":200,"tt_delay":50,"tt_effective":250}
{"layer":0,"x":2,"y":2,"duration":54,"hold":false,"tt_base":200,"tt_delay":30,"tt_effective":230}
{"layer":0,"x":2,"y":8,"duration":117,"hold":false,"tt_base":200,"tt_delay":0,"tt_effective":200}
{"layer":0,"x":4,"y":7,"duration":96,"hold":false,"tt_base":200,"tt_delay":0,"tt_effective":200}
{"layer":0,"x":2,"y":1,"duration":87,"hold":false,"tt_base":200,"tt_delay":50,"tt_effective":250}
{"layer":0,"x":3,"y":3,"duration":70,"hold":false,"tt_base":200,"tt_delay":0,"tt_effective":200}
{"layer":0,"x":3,"y":3,"duration":109,"hold":false,"tt_base":200,"tt_delay":0,"tt_effective":200}
{"layer":0,"x":2,"y":10,"duration":93,"hold":false,"tt_base":200,"tt_delay":50,"tt_effective":250}
{"layer":0,"x":2,"y":7,"duration":91,"hold":false,"tt_base":200,"tt_delay":0,"tt_effective":200}
{"layer":0,"x":2,"y":4,"duration":118,"hold":false,"tt_base":200,"tt_delay":0,"tt_effective":200}
{"layer":0,"x":2,"y":8,"duration":124,"hold":false,"tt_base":200,"tt_delay":0,"tt_effective":200}
{"layer":0,"x":2,"y":7,"duration":108,"hold":false,"tt_base":200,"tt_delay":0,"tt_effective":200}
{"layer":0,"x":2,"y":4,"duration":94,"hold":false,"tt_base":200,"tt_delay":0,"tt_effective":200}
{"layer":0,"x":2,"y":1,"duration":91,"hold":false,"tt_base":200,"tt_delay":50,"tt_effective":250}
{"layer":0,"x":2,"y":2,"duration":87,"hold":false,"tt_base":200,"tt_delay":30,"tt_effective":230}
{"layer":0,"x":2,"y":8,"duration":111,"hold":false,"tt_base":200,"tt_delay":0,"tt_effective":200}
{"layer":0,"x":4,"y":7,"duration":207,"hold":true,"tt_base":200,"tt_delay":0,"tt_effective":200}
{"layer":0,"x":2,"y":3,"duration":110,"hold":false,"tt_base":200,"tt_delay":0,"tt_effective":200}
{"layer":0,"x":1,"y":5,"duration":66,"hold":false,"tt_base":200,"tt_delay":0,"tt_effective":200}
{"layer":0,"x":2,"y":9,"duration":76,"hold":false,"tt_base":200,"tt_delay":30,"tt_effective":230}
{"layer":0,"x":2,"y":1,"duration":67,"hold":false,"tt_base":200,"tt_delay":50,"tt_effective":250}
{"layer":0,"x":3,"y":4,"duration":80,"hold":false,"tt_base":200,"tt_delay":0,"tt_effective":200}
{"layer":0,"x":2,"y":9,"duration":67,"hold":false,"tt_base":200,"tt_delay":30,"tt_effective":230}
{"layer":0,"x":2,"y":2,"duration":97,"hold":false,"tt_base":200,"tt_delay":30,"tt_effective":230}
{"layer":0,"x":2,"y":8,"duration":80,"hold":false,"tt_base":200,"tt_delay":0,"tt_effective":200}
{"layer":0,"x":4,"y":7,"duration":107,"hold":false,"tt_base":200,"tt_delay":0,"tt_effective":200}
{"layer":0,"x":2,"y":3,"duration":77,"hold":false,"tt_base":200,"tt_delay":0,"tt_effective":200}
{"layer":0,"x":2,"y":4,"duration":217,"hold":true,"tt_base":200,"tt_delay":0,"tt_effective":200}
{"layer":0,"x":2,"y":2,"duration":132,"hold":false,"tt_base":200,"tt_delay":30,"tt_effective":230}
{"layer":0,"x":2,"y":1,"duration":123,"hold":false,"tt_base":200,"tt_delay":50,"tt_effective":250}
{"layer":0,"x":3,"y":4,"duration":113,"hold":false,"tt_base":200,"tt_delay":0,"tt_effective":200}
{"layer":0,"x":2,"y":1,"duration":120,"hold":false,"tt_base":200,"tt_delay":50,"tt_effective":250}
{"layer":0,"x":1,"y":7,"duration":67,"hold":false,"tt_base":200,"tt_delay":0,"tt_effective":200}
{"layer":0,"x":2,"y":8,"duration":70,"hold":false,"tt_base":200,"tt_delay":0,"tt_effective":200}
{"layer":0,"x":4,"y":7,"duration":94,"hold":false,"tt_base":200,"tt_delay":0,"tt_effective":200}
{"layer":0,"x":2,"y":3,"duration":76,"hold":false,"tt_base":200,"tt_delay":0,"tt_effective":200}
{"layer":0,"x":2,"y":1,"duration":86,"hold":false,"tt_base":200,"tt_delay":50,"tt_effective":250}
{"layer":0,"x":3,"y":3,"duration":63,"hold":false,"tt_base":200,"tt_delay":0,"tt_effective":200}
{"layer":0,"x":3,"y":3,"duration":93,"hold":false,"tt_base":200,"tt_delay":0,"tt_effective":200}
{"layer":0,"x":2,"y":10,"duration":91,"hold":false,"tt_base":200,"tt_delay":50,"tt_effective":250}
{"layer":0,"x":4,"y":7,"duration":94,"hold":false,"tt_base":200,"tt_delay":0,"tt_effective":200}
{"layer":0,"x":3,"y":3,"duration":107,"hold":false,"tt_base":200,"tt_delay":0,"tt_effective":200}
{"layer":0,"x":2,"y":1,"duration":87,"hold":false,"tt_base":200,"tt_delay":50,"tt_effective":250}
{"layer":0,"x":2,"y":3,"duration":60,"hold":false,"tt_base":200,"tt_delay":0,"tt_effective":200}
{"layer":0,"x":3,"y":3,"duration":99,"hold":false,"tt_base":200,"tt_delay":0,"tt_effective":200}
{"layer":0,"x":2,"y":10,"duration":81,"hold":false,"tt_base":200,"tt_delay":50,"tt_effective":250}
{"layer":0,"x":4,"y":7,"duration":81,"hold":false,"tt_base":200,"tt_delay":0,"tt_effective":200}
{"layer":0,"x":1,"y":4,"duration":70,"hold":false,"tt_base":200,"tt_delay":0,"tt_effective":200}
{"layer":0,"x":2,"y":1,"duration":84,"hold":false,"tt_base":200,"tt_delay":50,"tt_effective":250}
{"layer":0,"x":2,"y":2,"duration":80,"hold":false,"tt_base":200,"tt_delay":30,"tt_effective":230}
{"layer":0,"x":2,"y":8,"duration":76,"hold":false,"tt_base":200,"tt_delay":0,"tt_effective":200}
{"layer":0,"x":2,"y":5,"duration":57,"hold":false,"tt_base":200,"tt_delay":0,"tt_effective":200}
{"layer":0,"x":2,"y":5,"duration":113,"hold":false,"tt_base":200,"tt_delay":0,"tt_effective":200}
{"layer":0,"x":2,"y":9,"duration":77,"hold":false,"tt_base":200,"tt_delay":30,"tt_effective":230}
{"layer":0,"x":2,"y":1,"duration":57,"hold":false,"tt_base":200,"tt_delay":50,"tt_effective":250}
{"layer":0,"x":2,"y":2,"duration":83,"hold":false,"tt_base":200,"tt_delay":30,"tt_effective":230}
{"layer":0,"x":2,"y":8,"duration":87,"hold":false,"tt_base":200,"tt_delay":0,"tt_effective":200}
{"layer":0,"x":4,"y":7,"duration":91,"hold":false,"tt_base":200,"tt_delay":0,"tt_effective":200}
{"layer":0,"x":2,"y":1,"duration":86,"hold":false,"tt_base":200,"tt_delay":50,"tt_effective":250}
{"layer":0,"x":3,"y":3,"duration":83,"hold":false,"tt_base":200,"tt_delay":0,"tt_effective":200}
{"layer":0,"x":1,"y":1,"duration":89,"hold":false,"tt_base":200,"tt_delay":50,"tt_effective":250}
{"layer":0,"x":1,"y":8,"duration":90,"hold":false,"tt_base":200,"tt_delay":0,"tt_effective":200}
{"layer":0,"x":2,"y":1,"duration":80,"hold":false,"tt_base":200,"tt_delay":50,"tt_effective":250}
{"layer":0,"x":2,"y":2,"duration":86,"hold":false,"tt_base":200,"tt_delay":30,"tt_effective":230}
{"layer":0,"x":2,"y":8,"duration":74,"hold":false,"tt_base":200,"tt_delay":0,"tt_effective":200}
{"layer":0,"x":1,"y":7,"duration":60,"hold":false,"tt_base":200,"tt_delay":0,"tt_effective":200}
{"layer":0,"x":1,"y":7,"duration":106,"hold":false,"tt_base":200,"tt_delay":0,"tt_effective":200}
{"layer":0,"x":2,"y":10,"duration":126,"hold":false,"tt_base":200,"tt_delay":50,"tt_effective":250}
{"layer":0,"x":4,"y":7,"duration":113,"hold":false,"tt_base":200,"tt_delay":0,"tt_effective":200}
{"layer":0,"x":1,"y":5,"duration":97,"hold":false,"tt_base":200,"tt_delay":0,"tt_effective":200}
{"layer":0,"x":2,"y":1,"duration":107,"hold":false,"tt_base":200,"tt_delay":50,"tt_effective":250}
{"layer":0,"x":2,"y":7,"duration":99,"hold":false,"tt_base":200,"tt_delay":0,"tt_effective":200}
{"layer":0,"x":3,"y":4,"duration":96,"hold":false,"tt_base":200,"tt_delay":0,"tt_effective":200}
{"layer":0,"x":2,"y":9,"duration":83,"hold":false,"tt_base":200,"tt_delay":30,"tt_effective":230}
{"layer":0,"x":2,"y":8,"duration":111,"hold":false,"tt_base":200,"tt_delay":0,"tt_effective":200}
{"layer":0,"x":2,"y":2,"duration":93,"hold":false,"tt_base":200,"tt_delay":30,"tt_effective":230}
{"layer":0,"x":2,"y":1,"duration":116,"hold":false,"tt_base":200,"tt_delay":50,"tt_effective":250}
{"layer":0,"x":4,"y":7,"duration":90,"hold":false,"tt_base":200,"tt_delay":0,"tt_effective":200}
{"layer":0,"x":3,"y":3,"duration":103,"hold":false,"tt_base":200,"tt_delay":0,"tt_effective":200}
{"layer":0,"x":2,"y":9,"duration":94,"hold":false,"tt_base":200,"tt_delay":30,"tt_effective":230}
{"layer":0,"x":2,"y":7,"duration":117,"hold":false,"tt_base":200,"tt_delay":0,"tt_effective":200}
{"layer":0,"x":1,"y":1,"duration":90,"hold":false,"tt_base":200,"tt_delay":50,"tt_effective":250}
{"layer":0,"x":1,"y":8,"duration":67,"hold":false,"tt_base":200,"tt_delay":0,"tt_effective":200}
{"layer":0,"x":2,"y":8,"duration":106,"hold":false,"tt_base":200,"tt_delay":0,"tt_effective":200}
{"layer":0,"x":4,"y":7,"duration":121,"hold":false,"tt_base":200,"tt_delay":0,"tt_effective":200}
{"layer":0,"x":1,"y":8,"duration":86,"hold":false,"tt_base":200,"tt_delay":0,"tt_effective":200}
{"layer":0,"x":2,"y":4,"duration":99,"hold":false,"tt_base":200,"tt_delay":0,"tt_effective":200}
{"layer":0,"x":2,"y":9,"duration":70,"hold":false,"tt_base":200,"tt_delay":30,"tt_effective":230}
{"layer":0,"x":1,"y":7,"duration":83,"hold":false,"tt_base":200,"tt_delay":0,"tt_effective":200}
{"layer":0,"x":2,"y":9,"duration":70,"hold":false,"tt_base":200,"tt_delay":30,"tt_effective":230}
{"layer":0,"x":3,"y":1,"duration":77,"hold":false,"tt_base":200,"tt_delay":50,"tt_effective":250}
{"layer":0,"x":3,"y":1,"duration":86,"hold":false,"tt_base":200,"tt_delay":50,"tt_effective":250}
{"layer":0,"x":2,"y":10,"duration":107,"hold":false,"tt_base":200,"tt_delay":50,"tt_effective":250}
{"layer":0,"x":4,"y":7,"duration":91,"hold":false,"tt_base":200,"tt_delay":0,"tt_effective":200}
{"layer":0,"x":2,"y":8,"duration":87,"hold":false,"tt_base":200,"tt_delay":0,"tt_effective":200}
{"layer":0,"x":3,"y":3,"duration":71,"hold":false,"tt_base":200,"tt_delay":0,"tt_effective":200}
{"layer":0,"x":3,"y":3,"duration":103,"hold":false,"tt_base":200,"tt_delay":0,"tt_effective":200}
{"layer":0,"x":2,"y":10,"duration":93,"hold":false,"tt_base":200,"tt_delay":50,"tt_effective":250}
{"layer":0,"x":4,"y":7,"duration":94,"hold":false,"tt_base":200,"tt_delay":0,"tt_effective":200}
{"layer":0,"x":3,"y":5,"duration":69,"hold":false,"tt_base":200,"tt_delay":0,"tt_effective":200}
{"layer":0,"x":2,"y":9,"duration":91,"hold":false,"tt_base":200,"tt_delay":30,"tt_effective":230}
{"layer":0,"x":2,"y":7,"duration":84,"hold":false,"tt_base":200,"tt_delay":0,"tt_effective":200}
{"layer":0,"x":3,"y":3,"duration":86,"hold":false,"tt_base":200,"tt_delay":0,"tt_effective":200}
{"layer":0,"x":2,"y":8,"duration":71,"hold":false,"tt_base":200,"tt_delay":0,"tt_effective":200}
{"layer":0,"x":2,"y":2,"duration":116,"hold":false,"tt_base":200,"tt_delay":30,"tt_effective":230}
{"layer":0,"x":2,"y":8,"duration":94,"hold":false,"tt_base":200,"tt_delay":0,"tt_effective":200}
{"layer":0,"x":4,"y":7,"duration":113,"hold":false,"tt_base":200,"tt_delay":0,"tt_effective":200}
{"layer":0,"x":1,"y":4,"duration":63,"hold":false,"tt_base":200,"tt_delay":0,"tt_effective":200}
{"layer":0,"x":2,"y":2,"duration":67,"hold":false,"tt_base":200,"tt_delay":30,"tt_effective":230}
{"layer":0,"x":2,"y":10,"duration":70,"hold":false,"tt_base":200,"tt_delay":50,"tt_effective":250}
{"layer":0,"x":3,"y":5,"duration":67,"hold":false,"tt_base":200,"tt_delay":0,"tt_effective":200}
{"layer":0,"x":3,"y":5,"duration":57,"hold":false,"tt_base":200,"tt_delay":0,"tt_effective":200}
{"layer":0,"x":2,"y":8,"duration":80,"hold":false,"tt_base":200,"tt_delay":0,"tt_effective":200}
{"layer":0,"x":3,"y":4,"duration":136,"hold":false,"tt_base":200,"tt_delay":0,"tt_effective":200}
{"layer":0,"x":2,"y":9,"duration":94,"hold":false,"tt_base":200,"tt_delay":30,"tt_effective":230}
{"layer":0,"x":2,"y":6,"duration":87,"hold":false,"tt_base":200,"tt_delay":0,"tt_effective":200}
{"layer":0,"x":2,"y":8,"duration":107,"hold":false,"tt_base":200,"tt_delay":0,"tt_effective":200}
{"layer":0,"x":2,"y":7,"duration":84,"hold":false,"tt_base":200,"tt_delay":0,"tt_effective":200}
{"layer":0,"x":2,"y":4,"duration":83,"hold":false,"tt_base":200,"tt_delay":0,"tt_effective":200}
{"layer":0,"x":2,"y":10,"duration":114,"hold":false,"tt_base":200,"tt_delay":50,"tt_effective":250}
{"layer":0,"x":4,"y":7,"duration":101,"hold":false,"tt_base":200,"tt_delay":0,"tt_effective":200}
{"layer":0,"x":1,"y":4,"duration":73,"hold":false,"tt_base":200,"tt_delay":0,"tt_effective":200}
{"layer":0,"x":4,"y":6,"duration":90,"hold":false,"tt_base":200,"tt_delay":0,"tt_effective":200}
{"layer":0,"x":1,"y":3,"duration":67,"hold":false,"tt_base":200,"tt_delay":0,"tt_effective":200}
{"layer":0,"x":2,"y":1,"duration":76,"hold":false,"tt_base":200,"tt_delay":50,"tt_effective":250}
{"layer":0,"x":2,"y":9,"duration":90,"hold":false,"tt_base":200,"tt_delay":30,"tt_effective":230}
{"layer":0,"x":4,"y":6,"duration":73,"hold":false,"tt_base":200,"tt_delay":0,"tt_effective":200}
{"layer":0,"x":3,"y":3,"duration":99,"hold":false,"tt_base":200,"tt_delay":0,"tt_effective":200}
{"layer":0,"x":2,"y":9,"duration":96,"hold":false,"tt_base":200,"tt_delay":30,"tt_effective":230}
{"layer":0,"x":1,"y":7,"duration":76,"hold":false,"tt_base":200,"tt_delay":0,"tt_effective":200}
{"layer":0,"x":2,"y":9,"duration":80,"hold":false,"tt_base":200,"tt_delay":30,"tt_effective":230}
{"layer":0,"x":2,"y":4,"duration":90,"hold":false,"tt_base":200,"tt_delay":0,"tt_effective":200}
{"layer":0,"x":2,"y":1,"duration":120,"hold":false,"tt_base":200,"tt_delay":50,"tt_effective":250}
{"layer":0,"x":4,"y":7,"duration":86,"hold":false,"tt_base":200,"tt_delay":0,"tt_effective":200}
{"layer":0,"x":2,"y":6,"duration":79,"hold":false,"tt_base":200,"tt_delay":0,"tt_effective":200}
{"layer":0,"x":2,"y":1,"duration":103,"hold":false,"tt_base":200,"tt_delay":50,"tt_effective":250}
{"layer":0,"x":1,"y":7,"duration":60,"hold":false,"tt_base":200,"tt_delay":0,"tt_effective":200}
{"layer":0,"x":2,"y":1,"duration":87,"hold":false,"tt_base":200,"tt_delay":50,"tt_effective":250}
{"layer":0,"x":1,"y":8,"duration":86,"hold":false,"tt_base":200,"tt_delay":0,"tt_effective":200}
{"layer":0,"x":2,"y":5,"duration":73,"hold":false,"tt_base":200,"tt_delay":0,"tt_effective":200}
{"layer":0,"x":1,"y":8,"duration":64,"hold":false,"tt_base":200,"tt_delay":0,"tt_effective":200}
{"layer":0,"x":2,"y":2,"duration":103,"hold":false,"tt_base":200,"tt_delay":30,"tt_effective":230}
{"layer":0,"x":2,"y":9,"duration":104,"hold":false,"tt_base":200,"tt_delay":30,"tt_effective":230}
{"layer":0,"x":2,"y":10,"duration":120,"hold":false,"tt_base":200,"tt_delay":50,"tt_effective":250}
{"layer":0,"x":4,"y":7,"duration":106,"hold":false,"tt_base":200,"tt_delay":0,"tt_effective":200}
{"layer":0,"x":1,"y":4,"duration":77,"hold":false,"tt_base":200,"tt_delay":0,"tt_effective":200}
{"layer":0,"x":2,"y":10,"duration":100,"hold":false,"tt_base":200,"tt_delay":50,"tt_effective":250}
{"layer":0,"x":2,"y":2,"duration":70,"hold":false,"tt_base":200,"tt_delay":30,"tt_effective":230}
{"layer":0,"x":4,"y":6,"duration":76,"hold":false,"tt_base":200,"tt_delay":0,"tt_effective":200}
{"layer":0,"x":2,"y":4,"duration":103,"hold":false,"tt_base":200,"tt_delay":0,"tt_effective":200}
{"layer":0,"x":2,"y":10,"duration":87,"hold":false,"tt_base":200,"tt_delay":50,"tt_effective":250}
{"layer":0,"x":4,"y":6,"duration":37,"hold":false,"tt_base":200,"tt_delay":0,"tt_effective":200}
{"layer":0,"x":4,"y":6,"duration":80,"hold":false,"tt_base":200,"tt_delay":0,"tt_effective":200}
{"layer":0,"x":2,"y":2,"duration":97,"hold":false,"tt_base":200,"tt_delay":30,"tt_effective":230}
{"layer":0,"x":2,"y":4,"duration":87,"hold":false,"tt_base":200,"tt_delay":0,"tt_effective":200}
{"layer":0,"x":2,"y":10,"duration":74,"hold":false,"tt_base":200,"tt_delay":50,"tt_effective":250}
{"layer":0,"x":2,"y":5,"duration":86,"hold":false,"tt_base":200,"tt_delay":0,"tt_effective":200}
{"layer":0,"x":3,"y":7,"duration":90,"hold":false,"tt_base":200,"tt_delay":0,"tt_effective":200}
{"layer":0,"x":2,"y":8,"duration":73,"hold":false,"tt_base":200,"tt_delay":0,"tt_effective":200}
{"layer":0,"x":2,"y":3,"duration":76,"hold":false,"tt_base":200,"tt_delay":0,"tt_effective":200}
{"layer":0,"x":2,"y":8,"duration":80,"hold":false,"tt_base":200,"tt_delay":0,"tt_effective":200}
{"layer":0,"x":4,"y":7,"duration":116,"hold":false,"tt_base":200,"tt_delay":0,"tt_effective":200}
{"layer":0,"x":2,"y":3,"duration":90,"hold":false,"tt_base":200,"tt_delay":0,"tt_effective":200}
{"layer":0,"x":1,"y":8,"duration":54,"hold":false,"tt_base":200,"tt_delay":0,"tt_effective":200}
{"layer":0,"x":2,"y":10,"duration":90,"hold":false,"tt_base":200,"tt_delay":50,"tt_effective":250}
{"layer":0,"x":4,"y":7,"duration":96,"hold":false,"tt_base":200,"tt_delay":0,"tt_effective":200}
{"layer":0,"x":3,"y":3,"duration":100,"hold":false,"tt_base":200,"tt_delay":0,"tt_effective":200}
{"layer":0,"x":2,"y":1,"duration":103,"hold":false,"tt_base":200,"tt_delay":50,"tt_effective":250}
{"layer":0,"x":2,"y":4,"duration":80,"hold":false,"tt_base":200,"tt_delay":0,"tt_effective":200}
{"layer":0,"x":2,"y":8,"duration":90,"hold":false,"tt_base":200,"tt_delay":0,"tt_effective":200}
{"layer":0,"x":2,"y":7,"duration":77,"hold":false,"tt_base":200,"tt_delay":0,"tt_effective":200}
{"layer":0,"x":2,"y":1,"duration":86,"hold":false,"tt_base":200,"tt_delay":50,"tt_effective":250}
{"layer":0,"x":4,"y":7,"duration":96,"hold":false,"tt_base":200,"tt_delay":0,"tt_effective":200}
{"layer":0,"x":2,"y":9,"duration":97,"hold":false,"tt_base":200,"tt_delay":30,"tt_effective":230}
{"layer":0,"x":2,"y":7,"duration":121,"hold":false,"tt_base":200,"tt_delay":0,"tt_effective":200}
{"layer":0,"x":3,"y":3,"duration":94,"hold":false,"tt_base":200,"tt_delay":0,"tt_effective":200}
{"layer":0,"x":2,"y":8,"duration":90,"hold":false,"tt_base":200,"tt_delay":0,"tt_effective":200}
{"layer":0,"x":2,"y":2,"duration":94,"hold":false,"tt_base":200,"tt_delay":30,"tt_effective":230}
{"layer":0,"x":2,"y":4,"duration":76,"hold":false,"tt_base":200,"tt_delay":0,"tt_effective":200}
{"layer":0,"x":2,"y":10,"duration":77,"hold":false,"tt_base":200,"tt_delay":50,"tt_effective":250}
{"layer":0,"x":4,"y":7,"duration":70,"hold":false,"tt_base":200,"tt_delay":0,"tt_effective":200}
{"layer":0,"x":3,"y":3,"duration":116,"hold":false,"tt_base":200,"tt_delay":0,"tt_effective":200}
{"layer":0,"x":2,"y":10,"duration":90,"hold":false,"tt_base":200,"tt_delay":50,"tt_effective":250}
{"layer":0,"x":1,"y":7,"duration":86,"hold":false,"tt_base":200,"tt_delay":0,"tt_effective":200}
{"layer":0,"x":2,"y":4,"duration":87,"hold":false,"tt_base":200,"tt_delay":0,"tt_effective":200}
{"layer":0,"x":2,"y":9,"duration":63,"hold":false,"tt_base":200,"tt_delay":30,"tt_effective":230}
{"layer":0,"x":3,"y":5,"duration":73,"hold":false,"tt_base":200,"tt_delay":0,"tt_effective":200}
{"layer":0,"x":2,"y":1,"duration":90,"hold":false,"tt_base":200,"tt_delay":50,"tt_effective":250}
{"layer":0,"x":2,"y":2,"duration":97,"hold":false,"tt_base":200,"tt_delay":30,"tt_effective":230}
{"layer":0,"x":2,"y":8,"duration":81,"hold":false,"tt_base":200,"tt_delay":0,"tt_effective":200}
{"layer":0,"x":4,"y":7,"duration":87,"hold":false,"tt_base":200,"tt_delay":0,"tt_effective":200}
{"layer":0,"x":2,"y":7,"duration":110,"hold":false,"tt_base":200,"tt_delay":0,"tt_effective":200}
{"layer":0,"x":2,"y":8,"duration":67,"hold":false,"tt_base":200,"tt_delay":0,"tt_effective":200}
{"layer":0,"x":3,"y":5,"duration":87,"hold":false,"tt_base":200,"tt_delay":0,"tt_effective":200}
{"layer":0,"x":2,"y":8,"duration":77,"hold":false,"tt_base":200,"tt_delay":0,"tt_effective":200}
{"layer":0,"x":4,"y":7,"duration":110,"hold":false,"tt_base":200,"tt_delay":0,"tt_effective":200}
{"layer":0,"x":2,"y":2,"duration":107,"hold":false,"tt_base":200,"tt_delay":30,"tt_effective":230}
{"layer":0,"x":2,"y":9,"duration":73,"hold":false,"tt_base":200,"tt_delay":30,"tt_effective":230}
{"layer":0,"x":2,"y":3,"duration":90,"hold":false,"tt_base":200,"tt_delay":0,"tt_effective":200}
{"layer":0,"x":1,"y":4,"duration":86,"hold":false,"tt_base":200,"tt_delay":0,"tt_effective":200}
{"layer":0,"x":2,"y":8,"duration":63,"hold":false,"tt_base":200,"tt_delay":0,"tt_effective":200}
{"layer":0,"x":2,"y":4,"duration":73,"hold":false,"tt_base":200,"tt_delay":0,"tt_effective":200}
{"layer":0,"x":2,"y":4,"duration":90,"hold":false,"tt_base":200,"tt_delay":0,"tt_effective":200}
{"layer":0,"x":2,"y":9,"duration":93,"hold":false,"tt_base":200,"tt_delay":30,"tt_effective":230}
{"layer":0,"x":3,"y":5,"duration":80,"hold":false,"tt_base":200,"tt_delay":0,"tt_effective":200}
{"layer":0,"x":2,"y":1,"duration":113,"hold":false,"tt_base":200,"tt_delay":50,"tt_effective":250}
{"layer":0,"x":2,"y":6,"duration":70,"hold":false,"tt_base":200,"tt_delay":0,"tt_effective":200}
{"layer":0,"x":2,"y":8,"duration":104,"hold":false,"tt_base":200,"tt_delay":0,"tt_effective":200}
{"layer":0,"x":2,"y":7,"duration":90,"hold":false,"tt_base":200,"tt_delay":0,"tt_effective":200}
{"layer":0,"x":2,"y":4,"duration":91,"hold":false,"tt_base":200,"tt_delay":0,"tt_effective":200}
{"layer":0,"x":2,"y":8,"duration":117,"hold":false,"tt_base":200,"tt_delay":0,"tt_effective":200}
{"layer":0,"x":4,"y":7,"duration":97,"hold":false,"tt_base":200,"tt_delay":0,"tt_effective":200}
{"layer":0,"x":1,"y":5,"duration":90,"hold":false,"tt_base":200,"tt_delay":0,"tt_effective":200}
{"layer":0,"x":2,"y":1,"duration":87,"hold":false,"tt_base":200,"tt_delay":50,"tt_effective":250}
{"layer":0,"x":2,"y":5,"duration":93,"hold":false,"tt_base":200,"tt_delay":0,"tt_effective":200}
{"layer":0,"x":2,"y":7,"duration":87,"hold":false,"tt_base":200,"tt_delay":0,"tt_effective":200}
{"layer":0,"x":2,"y":10,"duration":100,"hold":false,"tt_base":200,"tt_delay":50,"tt_effective":250}
{"layer":0,"x":2,"y":3,"duration":106,"hold":false,"tt_base":200,"tt_delay":0,"tt_effective":200}
{"layer":0,"x":3,"y":3,"duration":113,"hold":false,"tt_base":200,"tt_delay":0,"tt_effective":200}
{"layer":0,"x":3,"y":7,"duration":83,"hold":false,"tt_base":200,"tt_delay":0,"tt_effective":200}
{"layer":0,"x":2,"y":9,"duration":114,"hold":false,"tt_base":200,"tt_delay":30,"tt_effective":230}
{"layer":0,"x":1,"y":8,"duration":102,"hold":false,"tt_base":200,"tt_delay":0,"tt_effective":200}
{"layer":0,"x":2,"y":6,"duration":83,"hold":false,"tt_base":200,"tt_delay":0,"tt_effective":200}
{"layer":0,"x":2,"y":1,"duration":90,"hold":false,"tt_base":200,"tt_delay":50,"tt_effective":250}
{"layer":0,"x":4,"y":7,"duration":93,"hold":false,"tt_base":200,"tt_delay":0,"tt_effective":200}
{"layer":0,"x":2,"y":4,"duration":117,"hold":false,"tt_base":200,"tt_delay":0,"tt_effective":200}
{"layer":0,"x":2,"y":2,"duration":123,"hold":false,"tt_base":200,"tt_delay":30,"tt_effective":230}
{"layer":0,"x":2,"y":8,"duration":83,"hold":false,"tt_base":200,"tt_delay":0,"tt_effective":200}
{"layer":0,"x":3,"y":4,"duration":90,"hold":false,"tt_base":200,"tt_delay":0,"tt_effective":200}
{"layer":0,"x":2,"y":9,"duration":60,"hold":false,"tt_base":200,"tt_delay":30,"tt_effective":230}
{"layer":0,"x":3,"y":3,"duration":110,"hold":false,"tt_base":200,"tt_delay":0,"tt_effective":200}
{"layer":0,"x":2,"y":9,"duration":90,"hold":false,"tt_base":200,"tt_delay":30,"tt_effective":230}
{"layer":0,"x":4,"y":7,"duration":220,"hold":true,"tt_base":200,"tt_delay":0,"tt_effective":200}
{"layer":0,"x":2,"y":1,"duration":94,"hold":false,"tt_base":200,"tt_delay":50,"tt_effective":250}
{"layer":0,"x":3,"y":4,"duration":107,"hold":false,"tt_base":200,"tt_delay":0,"tt_effective":200}
{"layer":0,"x":2,"y":1,"duration":100,"hold":false,"tt_base":200,"tt_delay":50,"tt_effective":250}
{"layer":0,"x":2,"y":4,"duration":53,"hold":false,"tt_base":200,"tt_delay":0,"tt_effective":200}
{"layer":0,"x":2,"y":4,"duration":126,"hold":false,"tt_base":200,"tt_delay":0,"tt_effective":200}
{"layer":0,"x":2,"y":10,"duration":103,"hold":false,"tt_base":200,"tt_delay":50,"tt_effective":250}
{"layer":0,"x":4,"y":7,"duration":143,"hold":false,"tt_base":200,"tt_delay":0,"tt_effective":200}
{"layer":2,"x":2,"y":6,"duration":70,"hold":false,"tt_base":200,"tt_delay":0,"tt_effective":200}
{"layer":2,"x":2,"y":3,"duration":473,"hold":true,"tt_base":200,"tt_delay":0,"tt_effective":200}
{"layer":2,"x":2,"y":8,"duration":87,"hold":false,"tt_base":200,"tt_delay":0,"tt_effective":200}
{"layer":0,"x":4,"y":7,"duration":811,"hold":true,"tt_base":200,"tt_delay":0,"tt_effective":200}
{"layer":0,"x":4,"y":4,"duration":63,"hold":false,"tt_base":200,"tt_delay":0,"tt_effective":200}
{"layer":2,"x":2,"y":8,"duration":87,"hold":false,"tt_base":200,"tt_delay":0,"tt_effective":200}
{"layer":2,"x":1,"y":2,"duration":174,"hold":false,"tt_base":200,"tt_delay":30,"tt_effective":230}
{"layer":0,"x":4,"y":7,"duration":214,"hold":true,"tt_base":200,"tt_delay":0,"tt_effective":200}
{"layer":0,"x":4,"y":7,"duration":137,"hold":false,"tt_base":200,"tt_delay":0,"tt_effective":200}
{"layer":0,"x":2,"y":10,"duration":81,"hold":false,"tt_base":200,"tt_delay":50,"tt_effective":250}
{"layer":0,"x":1,"y":4,"duration":86,"hold":false,"tt_base":200,"tt_delay":0,"tt_effective":200}
{"layer":2,"x":2,"y":8,"duration":83,"hold":false,"tt_base":200,"tt_delay":0,"tt_effective":200}
{"layer":2,"x":2,"y":2,"duration":277,"hold":true,"tt_base":200,"tt_delay":30,"tt_effective":230}
{"layer":0,"x":4,"y":7,"duration":297,"hold":true,"tt_base":200,"tt_delay":0,"tt_effective":200}
{"layer":0,"x":4,"y":7,"duration":137,"hold":false,"tt_base":200,"tt_delay":0,"tt_effective":200}
{"layer":0,"x":2,"y":10,"duration":88,"hold":false,"tt_base":200,"tt_delay":50,"tt_effective":250}
{"layer":0,"x":2,"y":4,"duration":119,"hold":false,"tt_base":200,"tt_delay":0,"tt_effective":200}
{"layer":2,"x":2,"y":8,"duration":57,"hold":false,"tt_base":200,"tt_delay":0,"tt_effective":200}
{"layer":2,"x":2,"y":8,"duration":73,"hold":false,"tt_base":200,"tt_delay":0,"tt_effective":200}
{"layer":2,"x":2,"y":8,"duration":63,"hold":false,"tt_base":200,"tt_delay":0,"tt_effective":200}
{"layer":2,"x":2,"y":8,"duration":77,"hold":false,"tt_base":200,"tt_delay":0,"tt_effective":200}
{"layer":2,"x":2,"y":8,"duration":66,"hold":false,"tt_base":200,"tt_delay":0,"tt_effective":200}
{"layer":2,"x":2,"y":8,"duration":57,"hold":false,"tt_base":200,"tt_delay":0,"tt_effective":200}
{"layer":2,"x":2,"y":8,"duration":83,"hold":false,"tt_base":200,"tt_delay":0,"tt_effective":200}
{"layer":0,"x":4,"y":7,"duration":1465,"hold":true,"tt_base":200,"tt_delay":0,"tt_effective":200}
{"layer":0,"x":4,"y":4,"duration":100,"hold":false,"tt_base":200,"tt_delay":0,"tt_effective":200}
{"layer":0,"x":2,"y":5,"duration":86,"hold":false,"tt_base":200,"tt_delay":0,"tt_effective":200}
{"layer":0,"x":2,"y":7,"duration":442,"hold":true,"tt_base":200,"tt_delay":0,"tt_effective":200}
{"layer":0,"x":4,"y":5,"duration":109,"hold":false,"tt_base":200,"tt_delay":0,"tt_effective":200}
{"layer":0,"x":4,"y":7,"duration":116,"hold":false,"tt_base":200,"tt_delay":0,"tt_effective":200}
{"layer":0,"x":2,"y":1,"duration":73,"hold":false,"tt_base":200,"tt_delay":50,"tt_effective":250}
{"layer":0,"x":2,"y":1,"duration":86,"hold":false,"tt_base":200,"tt_delay":50,"tt_effective":250}
{"layer":0,"x":4,"y":4,"duration":77,"hold":false,"tt_base":200,"tt_delay":0,"tt_effective":200}
{"layer":0,"x":4,"y":4,"duration":73,"hold":false,"tt_base":200,"tt_delay":0,"tt_effective":200}
{"layer":0,"x":3,"y":3,"duration":90,"hold":false,"tt_base":200,"tt_delay":0,"tt_effective":200}
{"layer":0,"x":2,"y":10,"duration":230,"hold":false,"tt_base":200,"tt_delay":50,"tt_effective":250}
{"layer":0,"x":0,"y":2,"duration":67,"hold":false,"tt_base":200,"tt_delay":30,"tt_effective":230}
{"layer":0,"x":2,"y":10,"duration":395,"hold":true,"tt_base":200,"tt_delay":50,"tt_effective":250}
{"layer":0,"x":4,"y":6,"duration":96,"hold":false,"tt_base":200,"tt_delay":0,"tt_effective":200}
{"layer":1,"x":3,"y":1,"duration":143,"hold":false,"tt_base":200,"tt_delay":50,"tt_effective":250}
{"layer":0,"x":4,"y":4,"duration":263,"hold":true,"tt_base":200,"tt_delay":0,"tt_effective":200}
{"layer":0,"x":1,"y":5,"duration":87,"hold":false,"tt_base":200,"tt_delay":0,"tt_effective":200}
{"layer":0,"x":1,"y":8,"duration":100,"hold":false,"tt_base":200,"tt_delay":0,"tt_effective":200}
{"layer":2,"x":2,"y":7,"duration":114,"hold":false,"tt_base":200,"tt_delay":0,"tt_effective":200}
{"layer":0,"x":4,"y":7,"duration":230,"hold":true,"tt_base":200,"tt_delay":0,"tt_effective":200}
{"layer":0,"x":4,"y":5,"duration":70,"hold":false,"tt_base":200,"tt_delay":0,"tt_effective":200}
{"layer":0,"x":2,"y":10,"duration":100,"hold":false,"tt_base":200,"tt_delay":50,"tt_effective":250}
{"layer":0,"x":4,"y":4,"duration":97,"hold":false,"tt_base":200,"tt_delay":0,"tt_effective":200}
{"layer":0,"x":2,"y":6,"duration":106,"hold":false,"tt_base":200,"tt_delay":0,"tt_effective":200}
{"layer":0,"x":2,"y":9,"duration":64,"hold":false,"tt_base":200,"tt_delay":30,"tt_effective":230}
{"layer":0,"x":4,"y":7,"duration":93,"hold":false,"tt_base":200,"tt_delay":0,"tt_effective":200}
{"layer":0,"x":2,"y":8,"duration":70,"hold":false,"tt_base":200,"tt_delay":0,"tt_effective":200}
{"layer":0,"x":3,"y":4,"duration":76,"hold":false,"tt_base":200,"tt_delay":0,"tt_effective":200}
{"layer":0,"x":2,"y":9,"duration":56,"hold":false,"tt_base":200,"tt_delay":30,"tt_effective":230}
{"layer":0,"x":2,"y":4,"duration":80,"hold":false,"tt_base":200,"tt_delay":0,"tt_effective":200}
{"layer":0,"x":2,"y":9,"duration":61,"hold":false,"tt_base":200,"tt_delay":30,"tt_effective":230}
{"layer":0,"x":4,"y":7,"duration":83,"hold":false,"tt_base":200,"tt_delay":0,"tt_effective":200}
{"layer":0,"x":2,"y":9,"duration":70,"hold":false,"tt_base":200,"tt_delay":30,"tt_effective":230}
{"layer":0,"x":2,"y":7,"duration":124,"hold":false,"tt_base":200,"tt_delay":0,"tt_effective":200}
{"layer":0,"x":4,"y":7,"duration":104,"hold":false,"tt_base":200,"tt_delay":0,"tt_effective":200}
{"layer":0,"x":2,"y":6,"duration":97,"hold":false,"tt_base":200,"tt_delay":0,"tt_effective":200}
{"layer":0,"x":2,"y":10,"duration":104,"hold":false,"tt_base":200,"tt_delay":50,"tt_effective":250}
{"layer":0,"x":3,"y":4,"duration":93,"hold":false,"tt_base":200,"tt_delay":0,"tt_effective":200}
{"layer":0,"x":2,"y":10,"duration":87,"hold":false,"tt_base":200,"tt_delay":50,"tt_effective":250}
{"layer":0,"x":4,"y":7,"duration":106,"hold":false,"tt_base":200,"tt_delay":0,"tt_effective":200}
{"layer":0,"x":3,"y":3,"duration":87,"hold":false,"tt_base":200,"tt_delay":0,"tt_effective":200}
{"layer":0,"x":3,"y":7,"duration":109,"hold":false,"tt_base":200,"tt_delay":0,"tt_effective":200}
{"layer":0,"x":2,"y":8,"duration":130,"hold":false,"tt_base":200,"tt_delay":0,"tt_effective":200}
{"layer":0,"x":4,"y":7,"duration":120,"hold":false,"tt_base":200,"tt_delay":0,"tt_effective":200}
{"layer":0,"x":3,"y":2,"duration":80,"hold":false,"tt_base":200,"tt_delay":30,"tt_effective":230}
{"layer":0,"x":3,"y":9,"duration":73,"hold":false,"tt_base":200,"tt_delay":30,"tt_effective":230}
{"layer":0,"x":1,"y":7,"duration":63,"hold":false,"tt_base":200,"tt_delay":0,"tt_effective":200}
{"layer":0,"x":2,"y":10,"duration":77,"hold":false,"tt_base":200,"tt_delay":50,"tt_effective":250}
{"layer":0,"x":2,"y":5,"duration":80,"hold":false,"tt_base":200,"tt_delay":0,"tt_effective":200}
{"layer":0,"x":4,"y":7,"duration":87,"hold":false,"tt_base":200,"tt_delay":0,"tt_effective":200}
{"layer":0,"x":2,"y":8,"duration":96,"hold":false,"tt_base":200,"tt_delay":0,"tt_effective":200}
{"layer":0,"x":4,"y":6,"duration":73,"hold":false,"tt_base":200,"tt_delay":0,"tt_effective":200}
{"layer":0,"x":3,"y":5,"duration":66,"hold":false,"tt_base":200,"tt_delay":0,"tt_effective":200}
{"layer":0,"x":2,"y":8,"duration":90,"hold":false,"tt_base":200,"tt_delay":0,"tt_effective":200}
{"layer":0,"x":2,"y":7,"duration":87,"hold":false,"tt_base":200,"tt_delay":0,"tt_effective":200}
{"layer":0,"x":2,"y":5,"duration":94,"hold":false,"tt_base":200,"tt_delay":0,"tt_effective":200}
{"layer":0,"x":2,"y":1,"duration":100,"hold":false,"tt_base":200,"tt_delay":50,"tt_effective":250}
{"layer":0,"x":4,"y":7,"duration":107,"hold":false,"tt_base":200,"tt_delay":0,"tt_effective":200}
{"layer":0,"x":1,"y":4,"duration":96,"hold":false,"tt_base":200,"tt_delay":0,"tt_effective":200}
{"layer":0,"x":2,"y":1,"duration":80,"hold":false,"tt_base":200,"tt_delay":50,"tt_effective":250}
{"layer":0,"x":2,"y":3,"duration":40,"hold":false,"tt_base":200,"tt_delay":0,"tt_effective":200}
{"layer":0,"x":2,"y":3,"duration":83,"hold":false,"tt_base":200,"tt_delay":0,"tt_effective":200}
{"layer":0,"x":2,"y":1,"duration":123,"hold":false,"tt_base":200,"tt_delay":50,"tt_effective":250}
{"layer":0,"x":2,"y":4,"duration":86,"hold":false,"tt_base":200,"tt_delay":0,"tt_effective":200}
{"layer":0,"x":2,"y":10,"duration":80,"hold":false,"tt_base":200,"tt_delay":50,"tt_effective":250}
{"layer":0,"x":4,"y":7,"duration":80,"hold":false,"tt_base":200,"tt_delay":0,"tt_effective":200}
{"layer":0,"x":3,"y":3,"duration":90,"hold":false,"tt_base":200,"tt_delay":0,"tt_effective":200}
{"layer":0,"x":2,"y":10,"duration":84,"hold":false,"tt_base":200,"tt_delay":50,"tt_effective":250}
{"layer":0,"x":2,"y":6,"duration":73,"hold":false,"tt_base":200,"tt_delay":0,"tt_effective":200}
{"layer":0,"x":2,"y":8,"duration":69,"hold":false,"tt_base":200,"tt_delay":0,"tt_effective":200}
{"layer":0,"x":4,"y":7,"duration":119,"hold":false,"tt_base":200,"tt_delay":0,"tt_effective":200}
{"layer":0,"x":1,"y":4,"duration":100,"hold":false,"tt_base":200,"tt_delay":0,"tt_effective":200}
{"layer":0,"x":2,"y":1,"duration":90,"hold":false,"tt_base":200,"tt_delay":50,"tt_effective":250}
{"layer":0,"x":2,"y":2,"duration":143,"hold":false,"tt_base":200,"tt_delay":30,"tt_effective":230}
{"layer":0,"x":2,"y":1,"duration":127,"hold":false,"tt_base":200,"tt_delay":50,"tt_effective":250}
{"layer":0,"x":2,"y":6,"duration":70,"hold":false,"tt_base":200,"tt_delay":0,"tt_effective":200}
{"layer":0,"x":2,"y":8,"duration":86,"hold":false,"tt_base":200,"tt_delay":0,"tt_effective":200}
{"layer":0,"x":2,"y":4,"duration":80,"hold":false,"tt_base":200,"tt_delay":0,"tt_effective":200}
{"layer":0,"x":2,"y":2,"duration":104,"hold":false,"tt_base":200,"tt_delay":30,"tt_effective":230}
{"layer":0,"x":2,"y":10,"duration":90,"hold":false,"tt_base":200,"tt_delay":50,"tt_effective":250}
{"layer":0,"x":4,"y":4,"duration":249,"hold":true,"tt_base":200,"tt_delay":0,"tt_effective":200}
{"layer":0,"x":2,"y":5,"duration":113,"hold":false,"tt_base":200,"tt_delay":0,"tt_effective":200}
{"layer":0,"x":4,"y":5,"duration":73,"hold":false,"tt_base":200,"tt_delay":0,"tt_effective":200}
{"layer":0,"x":2,"y":10,"duration":87,"hold":false,"tt_base":200,"tt_delay":50,"tt_effective":250}
{"layer":0,"x":2,"y":10,"duration":47,"hold":false,"tt_base":200,"tt_delay":50,"tt_effective":250}
{"layer":0,"x":4,"y":6,"duration":77,"hold":false,"tt_base":200,"tt_delay":0,"tt_effective":200}
{"layer":0,"x":0,"y":2,"duration":80,"hold":false,"tt_base":200,"tt_delay":30,"tt_effective":230}
{"layer":0,"x":2,"y":10,"duration":309,"hold":true,"tt_base":200,"tt_delay":50,"tt_effective":250}
{"layer":0,"x":4,"y":7,"duration":670,"hold":true,"tt_base":200,"tt_delay":0,"tt_effective":200}
{"layer":0,"x":2,"y":9,"duration":100,"hold":false,"tt_base":200,"tt_delay":30,"tt_effective":230}
{"layer":0,"x":2,"y":7,"duration":98,"hold":false,"tt_base":200,"tt_delay":0,"tt_effective":200}
{"layer":0,"x":2,"y":3,"duration":94,"hold":false,"tt_base":200,"tt_delay":0,"tt_effective":200}
{"layer":0,"x":2,"y":8,"duration":97,"hold":false,"tt_base":200,"tt_delay":0,"tt_effective":200}
{"layer":2,"x":2,"y":7,"duration":140,"hold":false,"tt_base":200,"tt_delay":0,"tt_effective":200}
{"layer":0,"x":4,"y":7,"duration":283,"hold":true,"tt_base":200,"tt_delay":0,"tt_effective":200}
{"layer":0,"x":4,"y":5,"duration":57,"hold":false,"tt_base":200,"tt_delay":0,"tt_effective":200}
{"layer":0,"x":4,"y":4,"duration":80,"hold":false,"tt_base":200,"tt_delay":0,"tt_effective":200}
{"layer":2,"x":2,"y":7,"duration":166,"hold":false,"tt_base":200,"tt_delay":0,"tt_effective":200}
{"layer":2,"x":2,"y":2,"duration":582,"hold":true,"tt_base":200,"tt_delay":30,"tt_effective":230}
{"layer":0,"x":4,"y":7,"duration":546,"hold":true,"tt_base":200,"tt_delay":0,"tt_effective":200}
{"layer":0,"x":3,"y":3,"duration":110,"hold":false,"tt_base":200,"tt_delay":0,"tt_effective":200}
{"layer":0,"x":2,"y":7,"duration":247,"hold":true,"tt_base":200,"tt_delay":0,"tt_effective":200}
{"layer":0,"x":2,"y":5,"duration":93,"hold":false,"tt_base":200,"tt_delay":0,"tt_effective":200}
{"layer":0,"x":2,"y":1,"duration":90,"hold":false,"tt_base":200,"tt_delay":50,"tt_effective":250}
{"layer":0,"x":2,"y":1,"duration":93,"hold":false,"tt_base":200,"tt_delay":50,"tt_effective":250}
{"layer":0,"x":4,"y":4,"duration":80,"hold":false,"tt_base":200,"tt_delay":0,"tt_effective":200}
{"layer":2,"x":2,"y":8,"duration":110,"hold":false,"tt_base":200,"tt_delay":0,"tt_effective":200}
{"layer":2,"x":2,"y":2,"duration":340,"hold":true,"tt_base":200,"tt_delay":30,"tt_effective":230}
{"layer":0,"x":4,"y":7,"duration":499,"hold":true,"tt_base":200,"tt_delay":0,"tt_effective":200}
{"layer":0,"x":2,"y":9,"duration":97,"hold":false,"tt_base":200,"tt_delay":30,"tt_effective":230}
{"layer":0,"x":1,"y":9,"duration":73,"hold":false,"tt_base":200,"tt_delay":30,"tt_effective":230}
{"layer":0,"x":4,"y":6,"duration":126,"hold":false,"tt_base":200,"tt_delay":0,"tt_effective":200}
{"layer":0,"x":2,"y":7,"duration":107,"hold":false,"tt_base":200,"tt_delay":0,"tt_effective":200}
{"layer":0,"x":2,"y":10,"duration":81,"hold":false,"tt_base":200,"tt_delay":50,"tt_effective":250}
{"layer":0,"x":3,"y":8,"duration":90,"hold":false,"tt_base":200,"tt_delay":0,"tt_effective":200}
{"layer":0,"x":4,"y":7,"duration":89,"hold":false,"tt_base":200,"tt_delay":0,"tt_effective":200}
{"layer":0,"x":2,"y":3,"duration":117,"hold":false,"tt_base":200,"tt_delay":0,"tt_effective":200}
{"layer":0,"x":2,"y":10,"duration":137,"hold":false,"tt_base":200,"tt_delay":50,"tt_effective":250}
{"layer":0,"x":1,"y":7,"duration":93,"hold":false,"tt_base":200,"tt_delay":0,"tt_effective":200}
{"layer":0,"x":2,"y":10,"duration":103,"hold":false,"tt_base":200,"tt_delay":50,"tt_effective":250}
{"layer":0,"x":4,"y":7,"duration":86,"hold":false,"tt_base":200,"tt_delay":0,"tt_effective":200}
{"layer":0,"x":2,"y":9,"duration":67,"hold":false,"tt_base":200,"tt_delay":30,"tt_effective":230}
{"layer":0,"x":1,"y":7,"duration":70,"hold":false,"tt_base":200,"tt_delay":0,"tt_effective":200}
{"layer":0,"x":4,"y":7,"duration":99,"hold":false,"tt_base":200,"tt_delay":0,"tt_effective":200}
{"layer":0,"x":1,"y":4,"duration":96,"hold":false,"tt_base":200,"tt_delay":0,"tt_effective":200}
{"layer":0,"x":2,"y":1,"duration":104,"hold":false,"tt_base":200,"tt_delay":50,"tt_effective":250}
{"layer":0,"x":2,"y":2,"duration":120,"hold":false,"tt_base":200,"tt_delay":30,"tt_effective":230}
{"layer":0,"x":2,"y":1,"duration":124,"hold":false,"tt_base":200,"tt_delay":50,"tt_effective":250}
{"layer":0,"x":2,"y":6,"duration":73,"hold":false,"tt_base":200,"tt_delay":0,"tt_effective":200}
{"layer":0,"x":2,"y":8,"duration":77,"hold":false,"tt_base":200,"tt_delay":0,"tt_effective":200}
{"layer":0,"x":2,"y":4,"duration":91,"hold":false,"tt_base":200,"tt_delay":0,"tt_effective":200}
{"layer":0,"x":2,"y":2,"duration":140,"hold":false,"tt_base":200,"tt_delay":30,"tt_effective":230}
{"layer":0,"x":2,"y":10,"duration":81,"hold":false,"tt_base":200,"tt_delay":50,"tt_effective":250}
{"layer":0,"x":4,"y":5,"duration":60,"hold":false,"tt_base":200,"tt_delay":0,"tt_effective":200}
{"layer":0,"x":4,"y":4,"duration":64,"hold":false,"tt_base":200,"tt_delay":0,"tt_effective":200}
{"layer":0,"x":2,"y":5,"duration":86,"hold":false,"tt_base":200,"tt_delay":0,"tt_effective":200}
{"layer":0,"x":3,"y":4,"duration":116,"hold":false,"tt_base":200,"tt_delay":0,"tt_effective":200}
{"layer":0,"x":1,"y":9,"duration":84,"hold":false,"tt_base":200,"tt_delay":30,"tt_effective":230}
{"layer":2,"x":2,"y":9,"duration":103,"hold":false,"tt_base":200,"tt_delay":30,"tt_effective":230}
{"layer":0,"x":4,"y":7,"duration":263,"hold":true,"tt_base":200,"tt_delay":0,"tt_effective":200}
{"layer":0,"x":2,"y":2,"duration":330,"hold":true,"tt_base":200,"tt_delay":30,"tt_effective":230}
{"layer":0,"x":2,"y":5,"duration":103,"hold":false,"tt_base":200,"tt_delay":0,"tt_effective":200}
{"layer":0,"x":2,"y":10,"duration":558,"hold":true,"tt_base":200,"tt_delay":50,"tt_effective":250}
{"layer":0,"x":2,"y":0,"duration":113,"hold":false,"tt_base":200,"tt_delay":50,"tt_effective":250}
{"layer":0,"x":1,"y":2,"duration":93,"hold":false,"tt_base":200,"tt_delay":30,"tt_effective":230}
{"layer":0,"x":2,"y":1,"duration":106,"hold":false,"tt_base":200,"tt_delay":50,"tt_effective":250}
{"layer":0,"x":4,"y":4,"duration":66,"hold":false,"tt_base":200,"tt_delay":0,"tt_effective":200}
{"layer":2,"x":2,"y":7,"duration":113,"hold":false,"tt_base":200,"tt_delay":0,"tt_effective":200}
{"layer":2,"x":2,"y":2,"duration":488,"hold":true,"tt_base":200,"tt_delay":30,"tt_effective":230}
{"layer":0,"x":4,"y":7,"duration":568,"hold":true,"tt_base":200,"tt_delay":0,"tt_effective":200}
{"layer":2,"x":2,"y":8,"duration":90,"hold":false,"tt_base":200,"tt_delay":0,"tt_effective":200}
{"layer":2,"x":2,"y":8,"duration":89,"hold":false,"tt_base":200,"tt_delay":0,"tt_effective":200}
{"layer":0,"x":4,"y":7,"duration":757,"hold":true,"tt_base":200,"tt_delay":0,"tt_effective":200}
{"layer":0,"x":4,"y":7,"duration":86,"hold":false,"tt_base":200,"tt_delay":0,"tt_effective":200}
{"layer":0,"x":3,"y":9,"duration":50,"hold":false,"tt_base":200,"tt_delay":30,"tt_effective":230}
{"layer":0,"x":3,"y":10,"duration":77,"hold":false,"tt_base":200,"tt_delay":50,"tt_effective":250}
{"layer":0,"x":3,"y":2,"duration":139,"hold":false,"tt_base":200,"tt_delay":30,"tt_effective":230}
{"layer":0,"x":3,"y":9,"duration":83,"hold":false,"tt_base":200,"tt_delay":30,"tt_effective":230}
{"layer":0,"x":1,"y":0,"duration":106,"hold":false,"tt_base":200,"tt_delay":50,"tt_effective":250}
{"layer":0,"x":4,"y":4,"duration":53,"hold":false,"tt_base":200,"tt_delay":0,"tt_effective":200}
{"layer":2,"x":2,"y":8,"duration":90,"hold":false,"tt_base":200,"tt_delay":0,"tt_effective":200}
{"layer":2,"x":2,"y":2,"duration":306,"hold":true,"tt_base":200,"tt_delay":30,"tt_effective":230}
{"layer":0,"x":4,"y":7,"duration":397,"hold":true,"tt_base":200,"tt_delay":0,"tt_effective":200}
{"layer":0,"x":1,"y":2,"duration":80,"hold":false,"tt_base":200,"tt_delay":30,"tt_effective":230}
{"layer":2,"x":2,"y":8,"duration":110,"hold":false,"tt_base":200,"tt_delay":0,"tt_effective":200}
{"layer":0,"x":4,"y":7,"duration":306,"hold":true,"tt_base":200,"tt_delay":0,"tt_effective":200}
{"layer":0,"x":1,"y":2,"duration":103,"hold":false,"tt_base":200,"tt_delay":30,"tt_effective":230}
{"layer":0,"x":1,"y":2,"duration":90,"hold":false,"tt_base":200,"tt_delay":30,"tt_effective":230}
{"layer":0,"x":3,"y":3,"duration":96,"hold":false,"tt_base":200,"tt_delay":0,"tt_effective":200}
{"layer":0,"x":1,"y":2,"duration":116,"hold":false,"tt_base":200,"tt_delay":30,"tt_effective":230}
{"layer":0,"x":1,"y":4,"duration":59,"hold":false,"tt_base":200,"tt_delay":0,"tt_effective":200}
{"layer":0,"x":2,"y":2,"duration":93,"hold":false,"tt_base":200,"tt_delay":30,"tt_effective":230}
{"layer":0,"x":2,"y":10,"duration":117,"hold":false,"tt_base":200,"tt_delay":50,"tt_effective":250}
{"layer":0,"x":4,"y":5,"duration":87,"hold":false,"tt_base":200,"tt_delay":0,"tt_effective":200}
{"layer":0,"x":1,"y":8,"duration":87,"hold":false,"tt_base":200,"tt_delay":0,"tt_effective":200}
{"layer":2,"x":2,"y":6,"duration":73,"hold":false,"tt_base":200,"tt_delay":0,"tt_effective":200}
{"layer":2,"x":2,"y":2,"duration":393,"hold":true,"tt_base":200,"tt_delay":30,"tt_effective":230}
{"layer":0,"x":4,"y":7,"duration":605,"hold":true,"tt_base":200,"tt_delay":0,"tt_effective":200}
{"layer":2,"x":2,"y":9,"duration":110,"hold":false,"tt_base":200,"tt_delay":30,"tt_effective":230}
{"layer":0,"x":4,"y":7,"duration":300,"hold":true,"tt_base":200,"tt_delay":0,"tt_effective":200}
{"layer":0,"x":2,"y":2,"duration":506,"hold":true,"tt_base":200,"tt_delay":30,"tt_effective":230}
{"layer":0,"x":2,"y":5,"duration":80,"hold":false,"tt_base":200,"tt_delay":0,"tt_effective":200}
{"layer":0,"x":2,"y":5,"duration":87,"hold":false,"tt_base":200,"tt_delay":0,"tt_effective":200}
{"layer":0,"x":2,"y":10,"duration":60,"hold":false,"tt_base":200,"tt_delay":50,"tt_effective":250}
{"layer":0,"x":2,"y":9,"duration":96,"hold":false,"tt_base":200,"tt_delay":30,"tt_effective":230}
{"layer":0,"x":2,"y":6,"duration":83,"hold":false,"tt_base":200,"tt_delay":0,"tt_effective":200}
{"layer":0,"x":1,"y":4,"duration":96,"hold":false,"tt_base":200,"tt_delay":0,"tt_effective":200}
{"layer":0,"x":2,"y":10,"duration":110,"hold":false,"tt_base":200,"tt_delay":50,"tt_effective":250}
{"layer":0,"x":2,"y":2,"duration":83,"hold":false,"tt_base":200,"tt_delay":30,"tt_effective":230}
{"layer":0,"x":2,"y":4,"duration":86,"hold":false,"tt_base":200,"tt_delay":0,"tt_effective":200}
{"layer":0,"x":4,"y":7,"duration":74,"hold":false,"tt_base":200,"tt_delay":0,"tt_effective":200}
{"layer":0,"x":2,"y":3,"duration":87,"hold":false,"tt_base":200,"tt_delay":0,"tt_effective":200}
{"layer":0,"x":1,"y":9,"duration":70,"hold":false,"tt_base":200,"tt_delay":30,"tt_effective":230}
{"layer":0,"x":2,"y":3,"duration":123,"hold":false,"tt_base":200,"tt_delay":0,"tt_effective":200}
{"layer":0,"x":4,"y":5,"duration":73,"hold":false,"tt_base":200,"tt_delay":0,"tt_effective":200}
{"layer":0,"x":2,"y":0,"duration":93,"hold":false,"tt_base":200,"tt_delay":50,"tt_effective":250}
{"layer":0,"x":1,"y":2,"duration":96,"hold":false,"tt_base":200,"tt_delay":30,"tt_effective":230}
{"layer":0,"x":4,"y":4,"duration":60,"hold":false,"tt_base":200,"tt_delay":0,"tt_effective":200}
{"layer":2,"x":2,"y":7,"duration":106,"hold":false,"tt_base":200,"tt_delay":0,"tt_effective":200}
{"layer":2,"x":2,"y":2,"duration":439,"hold":true,"tt_base":200,"tt_delay":30,"tt_effective":230}
{"layer":2,"x":2,"y":8,"duration":97,"hold":false,"tt_base":200,"tt_delay":0,"tt_effective":200}
{"layer":0,"x":4,"y":7,"duration":532,"hold":true,"tt_base":200,"tt_delay":0,"tt_effective":200}
{"layer":0,"x":4,"y":4,"duration":57,"hold":false,"tt_base":200,"tt_delay":0,"tt_effective":200}
{"layer":2,"x":2,"y":8,"duration":73,"hold":false,"tt_base":200,"tt_delay":0,"tt_effective":200}
{"layer":2,"x":2,"y":6,"duration":69,"hold":false,"tt_base":200,"tt_delay":0,"tt_effective":200}
{"layer":2,"x":2,"y":6,"duration":73,"hold":false,"tt_base":200,"tt_delay":0,"tt_effective":200}
{"layer":2,"x":2,"y":6,"duration":120,"hold":false,"tt_base":200,"tt_delay":0,"tt_effective":200}
{"layer":2,"x":2,"y":6,"duration":126,"hold":false,"tt_base":200,"tt_delay":0,"tt_effective":200}
{"layer":0,"x":4,"y":7,"duration":1441,"hold":true,"tt_base":200,"tt_delay":0,"tt_effective":200}
{"layer":0,"x":1,"y":9,"duration":70,"hold":false,"tt_base":200,"tt_delay":30,"tt_effective":230}
{"layer":0,"x":4,"y":4,"duration":70,"hold":false,"tt_base":200,"tt_delay":0,"tt_effective":200}
{"layer":2,"x":2,"y":8,"duration":123,"hold":false,"tt_base":200,"tt_delay":0,"tt_effective":200}
{"layer":2,"x":2,"y":7,"duration":69,"hold":false,"tt_base":200,"tt_delay":0,"tt_effective":200}
{"layer":2,"x":2,"y":7,"duration":76,"hold":false,"tt_base":200,"tt_delay":0,"tt_effective":200}
{"layer":2,"x":2,"y":7,"duration":77,"hold":false,"tt_base":200,"tt_delay":0,"tt_effective":200}
{"layer":2,"x":2,"y":7,"duration":80,"hold":false,"tt_base":200,"tt_delay":0,"tt_effective":200}
{"layer":2,"x":2,"y":4,"duration":665,"hold":true,"tt_base":200,"tt_delay":0,"tt_effective":200}
{"layer":2,"x":2,"y":8,"duration":96,"hold":false,"tt_base":200,"tt_delay":0,"tt_effective":200}
{"layer":0,"x":4,"y":7,"duration":2215,"hold":true,"tt_base":200,"tt_delay":0,"tt_effective":200}
{"layer":2,"x":2,"y":8,"duration":122,"hold":false,"tt_base":200,"tt_delay":0,"tt_effective":200}
{"layer":0,"x":4,"y":7,"duration":693,"hold":true,"tt_base":200,"tt_delay":0,"tt_effective":200}
{"layer":0,"x":2,"y":2,"duration":3197,"hold":true,"tt_base":200,"tt_delay":30,"tt_effective":230}
{"layer":0,"x":1,"y":1,"duration":123,"hold":false,"tt_base":200,"tt_delay":50,"tt_effective":250}
{"layer":0,"x":2,"y":9,"duration":412,"hold":true,"tt_base":200,"tt_delay":30,"tt_effective":230}
{"layer":0,"x":4,"y":7,"duration":164,"hold":false,"tt_base":200,"tt_delay":0,"tt_effective":200}
{"layer":0,"x":2,"y":10,"duration":94,"hold":false,"tt_base":200,"tt_delay":50,"tt_effective":250}
{"layer":0,"x":1,"y":3,"duration":83,"hold":false,"tt_base":200,"tt_delay":0,"tt_effective":200}
{"layer":0,"x":3,"y":6,"duration":100,"hold":false,"tt_base":200,"tt_delay":0,"tt_effective":200}
{"layer":0,"x":2,"y":8,"duration":90,"hold":false,"tt_base":200,"tt_delay":0,"tt_effective":200}
{"layer":0,"x":4,"y":4,"duration":73,"hold":false,"tt_base":200,"tt_delay":0,"tt_effective":200}
{"layer":0,"x":4,"y":7,"duration":153,"hold":false,"tt_base":200,"tt_delay":0,"tt_effective":200}
{"layer":0,"x":2,"y":10,"duration":87,"hold":false,"tt_base":200,"tt_delay":50,"tt_effective":250}
{"layer":0,"x":2,"y":4,"duration":70,"hold":false,"tt_base":200,"tt_delay":0,"tt_effective":200}
{"layer":2,"x":2,"y":8,"duration":46,"hold":false,"tt_base":200,"tt_delay":0,"tt_effective":200}
{"layer":2,"x":2,"y":8,"duration":49,"hold":false,"tt_base":200,"tt_delay":0,"tt_effective":200}
{"layer":2,"x":2,"y":8,"duration":73,"hold":false,"tt_base":200,"tt_delay":0,"tt_effective":200}
{"layer":0,"x":4,"y":7,"duration":602,"hold":true,"tt_base":200,"tt_delay":0,"tt_effective":200}
{"layer":0,"x":4,"y":4,"duration":73,"hold":false,"tt_base":200,"tt_delay":0,"tt_effective":200}
{"layer":0,"x":1,"y":2,"duration":79,"hold":false,"tt_base":200,"tt_delay":30,"tt_effective":230}
{"layer":0,"x":1,"y":2,"duration":106,"hold":false,"tt_base":200,"tt_delay":30,"tt_effective":230}
{"layer":0,"x":1,"y":2,"duration":106,"hold":false,"tt_base":200,"tt_delay":30,"tt_effective":230}
{"layer":0,"x":1,"y":2,"duration":89,"hold":false,"tt_base":200,"tt_delay":30,"tt_effective":230}
{"layer":0,"x":1,"y":5,"duration":63,"hold":false,"tt_base":200,"tt_delay":0,"tt_effective":200}
{"layer":0,"x":3,"y":3,"duration":93,"hold":false,"tt_base":200,"tt_delay":0,"tt_effective":200}
{"layer":0,"x":1,"y":2,"duration":87,"hold":false,"tt_base":200,"tt_delay":30,"tt_effective":230}
{"layer":0,"x":0,"y":1,"duration":103,"hold":false,"tt_base":200,"tt_delay":50,"tt_effective":250}
{"layer":0,"x":0,"y":10,"duration":56,"hold":false,"tt_base":200,"tt_delay":50,"tt_effective":250}
{"layer":0,"x":0,"y":10,"duration":77,"hold":false,"tt_base":200,"tt_delay":50,"tt_effective":250}
{"layer":0,"x":4,"y":5,"duration":83,"hold":false,"tt_base":200,"tt_delay":0,"tt_effective":200}
{"layer":0,"x":2,"y":0,"duration":116,"hold":false,"tt_base":200,"tt_delay":50,"tt_effective":250}
{"layer":0,"x":1,"y":2,"duration":83,"hold":false,"tt_base":200,"tt_delay":30,"tt_effective":230}
{"layer":0,"x":4,"y":4,"duration":146,"hold":false,"tt_base":200,"tt_delay":0,"tt_effective":200}
{"layer":0,"x":4,"y":7,"duration":110,"hold":false,"tt_base":200,"tt_delay":0,"tt_effective":200}
{"layer":0,"x":1,"y":2,"duration":91,"hold":false,"tt_base":200,"tt_delay":30,"tt_effective":230}
{"layer":0,"x":3,"y":5,"duration":70,"hold":false,"tt_base":200,"tt_delay":0,"tt_effective":200}
{"layer":2,"x":2,"y":9,"duration":120,"hold":false,"tt_base":200,"tt_delay":30,"tt_effective":230}
{"layer":2,"x":2,"y":2,"duration":353,"hold":true,"tt_base":200,"tt_delay":30,"tt_effective":230}
{"layer":0,"x":4,"y":7,"duration":238,"hold":true,"tt_base":200,"tt_delay":0,"tt_effective":200}
{"layer":0,"x":4,"y":7,"duration":157,"hold":false,"tt_base":200,"tt_delay":0,"tt_effective":200}
{"layer":0,"x":2,"y":10,"duration":105,"hold":false,"tt_base":200,"tt_delay":50,"tt_effective":250}
{"layer":0,"x":1,"y":3,"duration":83,"hold":false,"tt_base":200,"tt_delay":0,"tt_effective":200}
{"layer":0,"x":3,"y":6,"duration":83,"hold":false,"tt_base":200,"tt_delay":0,"tt_effective":200}
{"layer":0,"x":2,"y":8,"duration":90,"hold":false,"tt_base":200,"tt_delay":0,"tt_effective":200}
{"layer":0,"x":1,"y":9,"duration":113,"hold":false,"tt_base":200,"tt_delay":30,"tt_effective":230}
{"layer":0,"x":2,"y":6,"duration":103,"hold":false,"tt_base":200,"tt_delay":0,"tt_effective":200}
{"layer":0,"x":2,"y":1,"duration":113,"hold":false,"tt_base":200,"tt_delay":50,"tt_effective":250}
{"layer":0,"x":4,"y":4,"duration":73,"hold":false,"tt_base":200,"tt_delay":0,"tt_effective":200}
{"layer":2,"x":2,"y":7,"duration":756,"hold":true,"tt_base":200,"tt_delay":0,"tt_effective":200}
{"layer":2,"x":2,"y":7,"duration":490,"hold":true,"tt_base":200,"tt_delay":0,"tt_effective":200}
{"layer":2,"x":2,"y":8,"duration":1325,"hold":true,"tt_base":200,"tt_delay":0,"tt_effective":200}
{"layer":2,"x":2,"y":8,"duration":322,"hold":true,"tt_base":200,"tt_delay":0,"tt_effective":200}
{"layer":2,"x":2,"y":8,"duration":425,"hold":true,"tt_base":200,"tt_delay":0,"tt_effective":200}
{"layer":2,"x":2,"y":7,"duration":79,"hold":false,"tt_base":200,"tt_delay":0,"tt_effective":200}
{"layer":2,"x":2,"y":2,"duration":150,"hold":false,"tt_base":200,"tt_delay":30,"tt_effective":230}
{"layer":0,"x":4,"y":7,"duration":6245,"hold":true,"tt_base":200,"tt_delay":0,"tt_effective":200}
{"layer":0,"x":1,"y":5,"duration":90,"hold":false,"tt_base":200,"tt_delay":0,"tt_effective":200}
{"layer":0,"x":3,"y":5,"duration":81,"hold":false,"tt_base":200,"tt_delay":0,"tt_effective":200}
{"layer":0,"x":2,"y":7,"duration":279,"hold":true,"tt_base":200,"tt_delay":0,"tt_effective":200}
{"layer":2,"x":2,"y":7,"duration":83,"hold":false,"tt_base":200,"tt_delay":0,"tt_effective":200}
{"layer":2,"x":2,"y":7,"duration":83,"hold":false,"tt_base":200,"tt_delay":0,"tt_effective":200}
{"layer":2,"x":2,"y":7,"duration":106,"hold":false,"tt_base":200,"tt_delay":0,"tt_effective":200}
{"layer":0,"x":4,"y":7,"duration":881,"hold":true,"tt_base":200,"tt_delay":0,"tt_effective":200}
{"layer":0,"x":2,"y":8,"duration":93,"hold":false,"tt_base":200,"tt_delay":0,"tt_effective":200}
{"layer":0,"x":3,"y":3,"duration":89,"hold":false,"tt_base":200,"tt_delay":0,"tt_effective":200}
{"layer":0,"x":0,"y":2,"duration":126,"hold":false,"tt_base":200,"tt_delay":30,"tt_effective":230}
{"layer":0,"x":0,"y":10,"duration":93,"hold":false,"tt_base":200,"tt_delay":50,"tt_effective":250}
{"layer":0,"x":4,"y":5,"duration":110,"hold":false,"tt_base":200,"tt_delay":0,"tt_effective":200}
{"layer":0,"x":1,"y":2,"duration":97,"hold":false,"tt_base":200,"tt_delay":30,"tt_effective":230}
{"layer":0,"x":1,"y":2,"duration":106,"hold":false,"tt_base":200,"tt_delay":30,"tt_effective":230}
{"layer":0,"x":3,"y":9,"duration":96,"hold":false,"tt_base":200,"tt_delay":30,"tt_effective":230}
{"layer":0,"x":1,"y":2,"duration":120,"hold":false,"tt_base":200,"tt_delay":30,"tt_effective":230}
{"layer":0,"x":1,"y":2,"duration":106,"hold":false,"tt_base":200,"tt_delay":30,"tt_effective":230}
{"layer":0,"x":3,"y":5,"duration":94,"hold":false,"tt_base":200,"tt_delay":0,"tt_effective":200}
{"layer":0,"x":2,"y":7,"duration":257,"hold":true,"tt_base":200,"tt_delay":0,"tt_effective":200}
{"layer":2,"x":2,"y":7,"duration":93,"hold":false,"tt_base":200,"tt_delay":0,"tt_effective":200}
{"layer":2,"x":2,"y":7,"duration":96,"hold":false,"tt_base":200,"tt_delay":0,"tt_effective":200}
{"layer":2,"x":2,"y":7,"duration":120,"hold":false,"tt_base":200,"tt_delay":0,"tt_effective":200}
{"layer":0,"x":4,"y":7,"duration":897,"hold":true,"tt_base":200,"tt_delay":0,"tt_effective":200}
{"layer":0,"x":2,"y":8,"duration":100,"hold":false,"tt_base":200,"tt_delay":0,"tt_effective":200}
{"layer":0,"x":3,"y":3,"duration":97,"hold":false,"tt_base":200,"tt_delay":0,"tt_effective":200}
{"layer":0,"x":0,"y":10,"duration":79,"hold":false,"tt_base":200,"tt_delay":50,"tt_effective":250}
{"layer":0,"x":4,"y":5,"duration":93,"hold":false,"tt_base":200,"tt_delay":0,"tt_effective":200}
{"layer":0,"x":4,"y":4,"duration":180,"hold":false,"tt_base":200,"tt_delay":0,"tt_effective":200}
{"layer":0,"x":3,"y":11,"duration":115,"hold":false,"tt_base":200,"tt_delay":50,"tt_effective":250}
{"layer":0,"x":1,"y":5,"duration":73,"hold":false,"tt_base":200,"tt_delay":0,"tt_effective":200}
{"layer":0,"x":1,"y":5,"duration":70,"hold":false,"tt_base":200,"tt_delay":0,"tt_effective":200}
{"layer":0,"x":1,"y":5,"duration":80,"hold":false,"tt_base":200,"tt_delay":0,"tt_effective":200}
{"layer":0,"x":1,"y":5,"duration":82,"hold":false,"tt_base":200,"tt_delay":0,"tt_effective":200}
{"layer":0,"x":1,"y":5,"duration":87,"hold":false,"tt_base":200,"tt_delay":0,"tt_effective":200}
{"layer":0,"x":1,"y":5,"duration":125,"hold":false,"tt_base":200,"tt_delay":0,"tt_effective":200}
{"layer":0,"x":1,"y":5,"duration":87,"hold":false,"tt_base":200,"tt_delay":0,"tt_effective":200}
{"layer":0,"x":1,"y":2,"duration":99,"hold":false,"tt_base":200,"tt_delay":30,"tt_effective":230}
{"layer":0,"x":3,"y":9,"duration":77,"hold":false,"tt_base":200,"tt_delay":30,"tt_effective":230}
{"layer":0,"x":1,"y":2,"duration":100,"hold":false,"tt_base":200,"tt_delay":30,"tt_effective":230}
{"layer":0,"x":1,"y":2,"duration":90,"hold":false,"tt_base":200,"tt_delay":30,"tt_effective":230}
{"layer":0,"x":3,"y":5,"duration":83,"hold":false,"tt_base":200,"tt_delay":0,"tt_effective":200}
{"layer":0,"x":2,"y":7,"duration":213,"hold":true,"tt_base":200,"tt_delay":0,"tt_effective":200}
{"layer":2,"x":2,"y":7,"duration":74,"hold":false,"tt_base":200,"tt_delay":0,"tt_effective":200}
{"layer":2,"x":2,"y":7,"duration":82,"hold":false,"tt_base":200,"tt_delay":0,"tt_effective":200}
{"layer":2,"x":2,"y":7,"duration":109,"hold":false,"tt_base":200,"tt_delay":0,"tt_effective":200}
{"layer":0,"x":4,"y":7,"duration":625,"hold":true,"tt_base":200,"tt_delay":0,"tt_effective":200}
{"layer":0,"x":3,"y":3,"duration":103,"hold":false,"tt_base":200,"tt_delay":0,"tt_effective":200}
{"layer":0,"x":0,"y":2,"duration":103,"hold":false,"tt_base":200,"tt_delay":30,"tt_effective":230}
{"layer":0,"x":4,"y":5,"duration":59,"hold":false,"tt_base":200,"tt_delay":0,"tt_effective":200}
{"layer":0,"x":1,"y":2,"duration":86,"hold":false,"tt_base":200,"tt_delay":30,"tt_effective":230}
{"layer":0,"x":1,"y":2,"duration":106,"hold":false,"tt_base":200,"tt_delay":30,"tt_effective":230}
{"layer":0,"x":3,"y":9,"duration":96,"hold":false,"tt_base":200,"tt_delay":30,"tt_effective":230}
{"layer":0,"x":2,"y":0,"duration":116,"hold":false,"tt_base":200,"tt_delay":50,"tt_effective":250}
{"layer":0,"x":1,"y":2,"duration":120,"hold":false,"tt_base":200,"tt_delay":30,"tt_effective":230}
{"layer":0,"x":4,"y":4,"duration":73,"hold":false,"tt_base":200,"tt_delay":0,"tt_effective":200}
{"layer":2,"x":2,"y":7,"duration":86,"hold":false,"tt_base":200,"tt_delay":0,"tt_effective":200}
{"layer":2,"x":2,"y":7,"duration":140,"hold":false,"tt_base":200,"tt_delay":0,"tt_effective":200}
{"layer":0,"x":4,"y":7,"duration":386,"hold":true,"tt_base":200,"tt_delay":0,"tt_effective":200}
{"layer":2,"x":2,"y":7,"duration":146,"hold":false,"tt_base":200,"tt_delay":0,"tt_effective":200}
{"layer":0,"x":4,"y":7,"duration":365,"hold":true,"tt_base":200,"tt_delay":0,"tt_effective":200}
{"layer":0,"x":0,"y":10,"duration":126,"hold":false,"tt_base":200,"tt_delay":50,"tt_effective":250}
{"layer":2,"x":2,"y":7,"duration":104,"hold":false,"tt_base":200,"tt_delay":0,"tt_effective":200}
{"layer":0,"x":4,"y":7,"duration":220,"hold":true,"tt_base":200,"tt_delay":0,"tt_effective":200}
{"layer":0,"x":3,"y":2,"duration":93,"hold":false,"tt_base":200,"tt_delay":30,"tt_effective":230}
{"layer":0,"x":1,"y":2,"duration":73,"hold":false,"tt_base":200,"tt_delay":30,"tt_effective":230}
{"layer":0,"x":1,"y":2,"duration":100,"hold":false,"tt_base":200,"tt_delay":30,"tt_effective":230}
{"layer":0,"x":1,"y":5,"duration":113,"hold":false,"tt_base":200,"tt_delay":0,"tt_effective":200}
{"layer":0,"x":1,"y":2,"duration":79,"hold":false,"tt_base":200,"tt_delay":30,"tt_effective":230}
{"layer":0,"x":1,"y":2,"duration":110,"hold":false,"tt_base":200,"tt_delay":30,"tt_effective":230}
{"layer":0,"x":3,"y":3,"duration":126,"hold":false,"tt_base":200,"tt_delay":0,"tt_effective":200}
{"layer":0,"x":1,"y":2,"duration":113,"hold":false,"tt_base":200,"tt_delay":30,"tt_effective":230}
{"layer":0,"x":0,"y":2,"duration":106,"hold":false,"tt_base":200,"tt_delay":30,"tt_effective":230}
{"layer":0,"x":0,"y":10,"duration":91,"hold":false,"tt_base":200,"tt_delay":50,"tt_effective":250}
{"layer":0,"x":4,"y":5,"duration":107,"hold":false,"tt_base":200,"tt_delay":0,"tt_effective":200}
{"layer":0,"x":3,"y":2,"duration":99,"hold":false,"tt_base":200,"tt_delay":30,"tt_effective":230}
{"layer":0,"x":1,"y":8,"duration":103,"hold":false,"tt_base":200,"tt_delay":0,"tt_effective":200}
{"layer":2,"x":2,"y":9,"duration":96,"hold":false,"tt_base":200,"tt_delay":30,"tt_effective":230}
{"layer":0,"x":4,"y":7,"duration":223,"hold":true,"tt_base":200,"tt_delay":0,"tt_effective":200}
{"layer":0,"x":3,"y":2,"duration":89,"hold":false,"tt_base":200,"tt_delay":30,"tt_effective":230}
{"layer":0,"x":1,"y":2,"duration":100,"hold":false,"tt_base":200,"tt_delay":30,"tt_effective":230}
{"layer":0,"x":1,"y":2,"duration":96,"hold":false,"tt_base":200,"tt_delay":30,"tt_effective":230}
{"layer":0,"x":1,"y":2,"duration":102,"hold":false,"tt_base":200,"tt_delay":30,"tt_effective":230}
{"layer":0,"x":1,"y":2,"duration":93,"hold":false,"tt_base":200,"tt_delay":30,"tt_effective":230}
{"layer":0,"x":3,"y":3,"duration":73,"hold":false,"tt_base":200,"tt_delay":0,"tt_effective":200}
{"layer":0,"x":1,"y":2,"duration":87,"hold":false,"tt_base":200,"tt_delay":30,"tt_effective":230}
{"layer":0,"x":0,"y":2,"duration":96,"hold":false,"tt_base":200,"tt_delay":30,"tt_effective":230}
{"layer":0,"x":0,"y":10,"duration":106,"hold":false,"tt_base":200,"tt_delay":50,"tt_effective":250}
{"layer":0,"x":4,"y":5,"duration":60,"hold":false,"tt_base":200,"tt_delay":0,"tt_effective":200}
{"layer":0,"x":2,"y":0,"duration":89,"hold":false,"tt_base":200,"tt_delay":50,"tt_effective":250}
{"layer":0,"x":1,"y":2,"duration":86,"hold":false,"tt_base":200,"tt_delay":30,"tt_effective":230}
{"layer":0,"x":4,"y":4,"duration":83,"hold":false,"tt_base":200,"tt_delay":0,"tt_effective":200}
{"layer":2,"x":2,"y":6,"duration":100,"hold":false,"tt_base":200,"tt_delay":0,"tt_effective":200}
{"layer":2,"x":2,"y":2,"duration":870,"hold":true,"tt_base":200,"tt_delay":30,"tt_effective":230}
{"layer":2,"x":2,"y":8,"duration":173,"hold":false,"tt_base":200,"tt_delay":0,"tt_effective":200}
{"layer":2,"x":2,"y":7,"duration":66,"hold":false,"tt_base":200,"tt_delay":0,"tt_effective":200}
{"layer":2,"x":2,"y":7,"duration":67,"hold":false,"tt_base":200,"tt_delay":0,"tt_effective":200}
{"layer":0,"x":4,"y":7,"duration":2111,"hold":true,"tt_base":200,"tt_delay":0,"tt_effective":200}
{"layer":0,"x":2,"y":0,"duration":107,"hold":false,"tt_base":200,"tt_delay":50,"tt_effective":250}
{"layer":0,"x":1,"y":2,"duration":100,"hold":false,"tt_base":200,"tt_delay":30,"tt_effective":230}
{"layer":0,"x":2,"y":1,"duration":100,"hold":false,"tt_base":200,"tt_delay":50,"tt_effective":250}
{"layer":0,"x":4,"y":4,"duration":83,"hold":false,"tt_base":200,"tt_delay":0,"tt_effective":200}
{"layer":2,"x":2,"y":2,"duration":432,"hold":true,"tt_base":200,"tt_delay":30,"tt_effective":230}
{"layer":2,"x":2,"y":7,"duration":110,"hold":false,"tt_base":200,"tt_delay":0,"tt_effective":200}
{"layer":0,"x":4,"y":7,"duration":289,"hold":true,"tt_base":200,"tt_delay":0,"tt_effective":200}
{"layer":0,"x":3,"y":3,"duration":86,"hold":false,"tt_base":200,"tt_delay":0,"tt_effective":200}
{"layer":0,"x":2,"y":7,"duration":398,"hold":true,"tt_base":200,"tt_delay":0,"tt_effective":200}
{"layer":0,"x":2,"y":2,"duration":114,"hold":false,"tt_base":200,"tt_delay":30,"tt_effective":230}
{"layer":0,"x":2,"y":7,"duration":243,"hold":true,"tt_base":200,"tt_delay":0,"tt_effective":200}
{"layer":0,"x":1,"y":3,"duration":92,"hold":false,"tt_base":200,"tt_delay":0,"tt_effective":200}
{"layer":0,"x":1,"y":7,"duration":96,"hold":false,"tt_base":200,"tt_delay":0,"tt_effective":200}
{"layer":0,"x":2,"y":1,"duration":87,"hold":false,"tt_base":200,"tt_delay":50,"tt_effective":250}
{"layer":0,"x":4,"y":4,"duration":56,"hold":false,"tt_base":200,"tt_delay":0,"tt_effective":200}
{"layer":0,"x":4,"y":4,"duration":83,"hold":false,"tt_base":200,"tt_delay":0,"tt_effective":200}

Device disconnected.
Waiting for new device:....................
Listening:
{"layer":2,"x":2,"y":7,"duration":83,"hold":false,"tt_base":100,"tt_delay":0,"tt_effective":100}
{"layer":2,"x":2,"y":7,"duration":73,"hold":false,"tt_base":100,"tt_delay":0,"tt_effective":100}
{"layer":0,"x":4,"y":7,"duration":412,"hold":true,"tt_base":100,"tt_delay":20,"tt_effective":120}
{"layer":0,"x":4,"y":7,"duration":100,"hold":false,"tt_base":100,"tt_delay":20,"tt_effective":120}
{"layer":0,"x":3,"y":5,"duration":113,"hold":true,"tt_base":100,"tt_delay":0,"tt_effective":100}
{"layer":0,"x":1,"y":1,"duration":133,"hold":true,"tt_base":100,"tt_delay":20,"tt_effective":120}
{"layer":0,"x":1,"y":1,"duration":93,"hold":false,"tt_base":100,"tt_delay":20,"tt_effective":120}
{"layer":0,"x":2,"y":8,"duration":762,"hold":true,"tt_base":100,"tt_delay":0,"tt_effective":100}
{"layer":2,"x":2,"y":6,"duration":109,"hold":true,"tt_base":100,"tt_delay":0,"tt_effective":100}
{"layer":2,"x":2,"y":9,"duration":90,"hold":false,"tt_base":100,"tt_delay":0,"tt_effective":100}
{"layer":2,"x":2,"y":9,"duration":76,"hold":false,"tt_base":100,"tt_delay":0,"tt_effective":100}
{"layer":2,"x":2,"y":6,"duration":60,"hold":false,"tt_base":100,"tt_delay":0,"tt_effective":100}
{"layer":2,"x":2,"y":6,"duration":66,"hold":false,"tt_base":100,"tt_delay":0,"tt_effective":100}
{"layer":2,"x":2,"y":6,"duration":86,"hold":false,"tt_base":100,"tt_delay":0,"tt_effective":100}
{"layer":2,"x":2,"y":6,"duration":73,"hold":false,"tt_base":100,"tt_delay":0,"tt_effective":100}
{"layer":2,"x":2,"y":1,"duration":69,"hold":false,"tt_base":100,"tt_delay":20,"tt_effective":120}
{"layer":2,"x":1,"y":6,"duration":77,"hold":false,"tt_base":100,"tt_delay":0,"tt_effective":100}
{"layer":2,"x":2,"y":1,"duration":323,"hold":true,"tt_base":100,"tt_delay":20,"tt_effective":120}
{"layer":2,"x":1,"y":6,"duration":80,"hold":false,"tt_base":100,"tt_delay":0,"tt_effective":100}
{"layer":2,"x":2,"y":3,"duration":7021,"hold":true,"tt_base":100,"tt_delay":0,"tt_effective":100}
{"layer":0,"x":4,"y":7,"duration":6908,"hold":true,"tt_base":100,"tt_delay":20,"tt_effective":120}
{"layer":0,"x":1,"y":7,"duration":90,"hold":false,"tt_base":100,"tt_delay":0,"tt_effective":100}
{"layer":0,"x":2,"y":4,"duration":249,"hold":true,"tt_base":100,"tt_delay":0,"tt_effective":100}
{"layer":2,"x":2,"y":8,"duration":76,"hold":false,"tt_base":100,"tt_delay":0,"tt_effective":100}
{"layer":2,"x":2,"y":8,"duration":83,"hold":false,"tt_base":100,"tt_delay":0,"tt_effective":100}
{"layer":0,"x":4,"y":7,"duration":2258,"hold":true,"tt_base":100,"tt_delay":20,"tt_effective":120}
{"layer":0,"x":4,"y":4,"duration":106,"hold":true,"tt_base":100,"tt_delay":0,"tt_effective":100}
{"layer":0,"x":4,"y":4,"duration":112,"hold":true,"tt_base":100,"tt_delay":0,"tt_effective":100}
{"layer":0,"x":4,"y":4,"duration":73,"hold":false,"tt_base":100,"tt_delay":0,"tt_effective":100}
{"layer":0,"x":3,"y":3,"duration":50,"hold":false,"tt_base":100,"tt_delay":0,"tt_effective":100}
