Waiting for device:
Listening:
{"layer":2,"x":2,"y":9,"duration":183,"hold":true,"tt_base":140,"tt_delay":20,"tt_effective":160}
{"layer":2,"x":2,"y":2,"duration":621,"hold":true,"tt_base":140,"tt_delay":20,"tt_effective":160}
{"layer":0,"x":4,"y":7,"duration":1186,"hold":true,"tt_base":140,"tt_delay":0,"tt_effective":140}
{"layer":0,"x":4,"y":7,"duration":75,"hold":false,"tt_base":140,"tt_delay":0,"tt_effective":140}
{"layer":0,"x":2,"y":10,"duration":79,"hold":false,"tt_base":140,"tt_delay":20,"tt_effective":160}
{"layer":0,"x":2,"y":4,"duration":105,"hold":false,"tt_base":140,"tt_delay":0,"tt_effective":140}
{"layer":0,"x":4,"y":7,"duration":86,"hold":false,"tt_base":140,"tt_delay":0,"tt_effective":140}
{"layer":0,"x":2,"y":10,"duration":106,"hold":false,"tt_base":140,"tt_delay":20,"tt_effective":160}
{"layer":0,"x":1,"y":3,"duration":86,"hold":false,"tt_base":140,"tt_delay":0,"tt_effective":140}
{"layer":0,"x":3,"y":1,"duration":108,"hold":false,"tt_base":140,"tt_delay":20,"tt_effective":160}
{"layer":0,"x":3,"y":9,"duration":72,"hold":false,"tt_base":140,"tt_delay":20,"tt_effective":160}
{"layer":0,"x":1,"y":7,"duration":49,"hold":false,"tt_base":140,"tt_delay":0,"tt_effective":140}
{"layer":0,"x":2,"y":10,"duration":43,"hold":false,"tt_base":140,"tt_delay":20,"tt_effective":160}
{"layer":0,"x":4,"y":4,"duration":75,"hold":false,"tt_base":140,"tt_delay":0,"tt_effective":140}
{"layer":0,"x":2,"y":0,"duration":108,"hold":false,"tt_base":140,"tt_delay":20,"tt_effective":160}
{"layer":0,"x":2,"y":8,"duration":92,"hold":false,"tt_base":140,"tt_delay":0,"tt_effective":140}
{"layer":0,"x":4,"y":4,"duration":92,"hold":false,"tt_base":140,"tt_delay":0,"tt_effective":140}
{"layer":2,"x":2,"y":7,"duration":535,"hold":true,"tt_base":140,"tt_delay":0,"tt_effective":140}
{"layer":0,"x":4,"y":7,"duration":699,"hold":true,"tt_base":140,"tt_delay":0,"tt_effective":140}
{"layer":0,"x":2,"y":0,"duration":98,"hold":false,"tt_base":140,"tt_delay":20,"tt_effective":160}
{"layer":0,"x":2,"y":8,"duration":95,"hold":false,"tt_base":140,"tt_delay":0,"tt_effective":140}
{"layer":0,"x":4,"y":4,"duration":81,"hold":false,"tt_base":140,"tt_delay":0,"tt_effective":140}
{"layer":0,"x":4,"y":7,"duration":115,"hold":false,"tt_base":140,"tt_delay":0,"tt_effective":140}
{"layer":0,"x":3,"y":5,"duration":121,"hold":false,"tt_base":140,"tt_delay":0,"tt_effective":140}
{"layer":0,"x":1,"y":1,"duration":118,"hold":false,"tt_base":140,"tt_delay":20,"tt_effective":160}
{"layer":2,"x":2,"y":9,"duration":115,"hold":false,"tt_base":140,"tt_delay":20,"tt_effective":160}
{"layer":2,"x":2,"y":9,"duration":120,"hold":false,"tt_base":140,"tt_delay":20,"tt_effective":160}
{"layer":0,"x":4,"y":7,"duration":2075,"hold":true,"tt_base":140,"tt_delay":0,"tt_effective":140}
{"layer":0,"x":2,"y":3,"duration":2213,"hold":true,"tt_base":140,"tt_delay":0,"tt_effective":140}
{"layer":2,"x":2,"y":9,"duration":95,"hold":false,"tt_base":140,"tt_delay":20,"tt_effective":160}
{"layer":2,"x":2,"y":9,"duration":108,"hold":false,"tt_base":140,"tt_delay":20,"tt_effective":160}
{"layer":2,"x":2,"y":9,"duration":92,"hold":false,"tt_base":140,"tt_delay":20,"tt_effective":160}
{"layer":2,"x":2,"y":6,"duration":105,"hold":false,"tt_base":140,"tt_delay":0,"tt_effective":140}
{"layer":0,"x":4,"y":7,"duration":1615,"hold":true,"tt_base":140,"tt_delay":0,"tt_effective":140}
{"layer":0,"x":1,"y":1,"duration":134,"hold":false,"tt_base":140,"tt_delay":20,"tt_effective":160}
{"layer":2,"x":1,"y":7,"duration":114,"hold":false,"tt_base":140,"tt_delay":0,"tt_effective":140}
{"layer":2,"x":2,"y":1,"duration":1299,"hold":true,"tt_base":140,"tt_delay":20,"tt_effective":160}
{"layer":2,"x":1,"y":7,"duration":121,"hold":false,"tt_base":140,"tt_delay":0,"tt_effective":140}
{"layer":2,"x":2,"y":3,"duration":4971,"hold":true,"tt_base":140,"tt_delay":0,"tt_effective":140}
{"layer":0,"x":4,"y":7,"duration":2201,"hold":true,"tt_base":140,"tt_delay":0,"tt_effective":140}
{"layer":0,"x":1,"y":7,"duration":151,"hold":true,"tt_base":140,"tt_delay":0,"tt_effective":140}
{"layer":0,"x":2,"y":4,"duration":477,"hold":true,"tt_base":140,"tt_delay":0,"tt_effective":140}
{"layer":0,"x":4,"y":5,"duration":101,"hold":false,"tt_base":140,"tt_delay":0,"tt_effective":140}
{"layer":0,"x":1,"y":7,"duration":91,"hold":false,"tt_base":140,"tt_delay":0,"tt_effective":140}
{"layer":0,"x":2,"y":4,"duration":327,"hold":true,"tt_base":140,"tt_delay":0,"tt_effective":140}
{"layer":1,"x":3,"y":10,"duration":92,"hold":false,"tt_base":140,"tt_delay":20,"tt_effective":160}
{"layer":0,"x":4,"y":4,"duration":262,"hold":true,"tt_base":140,"tt_delay":0,"tt_effective":140}
{"layer":0,"x":2,"y":6,"duration":82,"hold":false,"tt_base":140,"tt_delay":0,"tt_effective":140}
{"layer":0,"x":2,"y":10,"duration":131,"hold":false,"tt_base":140,"tt_delay":20,"tt_effective":160}
{"layer":2,"x":2,"y":7,"duration":52,"hold":false,"tt_base":140,"tt_delay":0,"tt_effective":140}
{"layer":0,"x":4,"y":7,"duration":183,"hold":true,"tt_base":140,"tt_delay":0,"tt_effective":140}
{"layer":0,"x":4,"y":4,"duration":78,"hold":false,"tt_base":140,"tt_delay":0,"tt_effective":140}
{"layer":0,"x":1,"y":7,"duration":72,"hold":false,"tt_base":140,"tt_delay":0,"tt_effective":140}
{"layer":0,"x":2,"y":1,"duration":85,"hold":false,"tt_base":140,"tt_delay":20,"tt_effective":160}
{"layer":0,"x":3,"y":3,"duration":72,"hold":false,"tt_base":140,"tt_delay":0,"tt_effective":140}
{"layer":0,"x":3,"y":3,"duration":105,"hold":false,"tt_base":140,"tt_delay":0,"tt_effective":140}
{"layer":0,"x":2,"y":1,"duration":118,"hold":false,"tt_base":140,"tt_delay":20,"tt_effective":160}
{"layer":0,"x":4,"y":7,"duration":89,"hold":false,"tt_base":140,"tt_delay":0,"tt_effective":140}
{"layer":0,"x":2,"y":8,"duration":85,"hold":false,"tt_base":140,"tt_delay":0,"tt_effective":140}
{"layer":0,"x":1,"y":5,"duration":62,"hold":false,"tt_base":140,"tt_delay":0,"tt_effective":140}
{"layer":0,"x":1,"y":5,"duration":95,"hold":false,"tt_base":140,"tt_delay":0,"tt_effective":140}
{"layer":0,"x":2,"y":8,"duration":92,"hold":false,"tt_base":140,"tt_delay":0,"tt_effective":140}
{"layer":0,"x":2,"y":7,"duration":167,"hold":true,"tt_base":140,"tt_delay":0,"tt_effective":140}
{"layer":0,"x":2,"y":8,"duration":112,"hold":false,"tt_base":140,"tt_delay":0,"tt_effective":140}
{"layer":0,"x":4,"y":7,"duration":78,"hold":false,"tt_base":140,"tt_delay":0,"tt_effective":140}
{"layer":0,"x":2,"y":5,"duration":88,"hold":false,"tt_base":140,"tt_delay":0,"tt_effective":140}
{"layer":0,"x":2,"y":2,"duration":141,"hold":false,"tt_base":140,"tt_delay":20,"tt_effective":160}
{"layer":0,"x":2,"y":1,"duration":102,"hold":false,"tt_base":140,"tt_delay":20,"tt_effective":160}
{"layer":0,"x":3,"y":4,"duration":124,"hold":false,"tt_base":140,"tt_delay":0,"tt_effective":140}
{"layer":0,"x":2,"y":9,"duration":111,"hold":false,"tt_base":140,"tt_delay":20,"tt_effective":160}
{"layer":0,"x":2,"y":7,"duration":119,"hold":false,"tt_base":140,"tt_delay":0,"tt_effective":140}
{"layer":0,"x":2,"y":10,"duration":105,"hold":false,"tt_base":140,"tt_delay":20,"tt_effective":160}
{"layer":0,"x":4,"y":7,"duration":86,"hold":false,"tt_base":140,"tt_delay":0,"tt_effective":140}
{"layer":0,"x":2,"y":3,"duration":111,"hold":false,"tt_base":140,"tt_delay":0,"tt_effective":140}
{"layer":0,"x":1,"y":7,"duration":75,"hold":false,"tt_base":140,"tt_delay":0,"tt_effective":140}
{"layer":0,"x":2,"y":10,"duration":98,"hold":false,"tt_base":140,"tt_delay":20,"tt_effective":160}
{"layer":0,"x":2,"y":5,"duration":124,"hold":false,"tt_base":140,"tt_delay":0,"tt_effective":140}
{"layer":0,"x":2,"y":1,"duration":131,"hold":false,"tt_base":140,"tt_delay":20,"tt_effective":160}
{"layer":0,"x":2,"y":7,"duration":82,"hold":false,"tt_base":140,"tt_delay":0,"tt_effective":140}
{"layer":0,"x":4,"y":7,"duration":29,"hold":false,"tt_base":140,"tt_delay":0,"tt_effective":140}
{"layer":0,"x":3,"y":4,"duration":108,"hold":false,"tt_base":140,"tt_delay":0,"tt_effective":140}
{"layer":0,"x":2,"y":10,"duration":53,"hold":false,"tt_base":140,"tt_delay":20,"tt_effective":160}
{"layer":0,"x":2,"y":6,"duration":79,"hold":false,"tt_base":140,"tt_delay":0,"tt_effective":140}
{"layer":0,"x":2,"y":8,"duration":89,"hold":false,"tt_base":140,"tt_delay":0,"tt_effective":140}
{"layer":0,"x":2,"y":3,"duration":105,"hold":false,"tt_base":140,"tt_delay":0,"tt_effective":140}
{"layer":0,"x":2,"y":4,"duration":75,"hold":false,"tt_base":140,"tt_delay":0,"tt_effective":140}
{"layer":0,"x":2,"y":9,"duration":79,"hold":false,"tt_base":140,"tt_delay":20,"tt_effective":160}
{"layer":0,"x":3,"y":3,"duration":92,"hold":false,"tt_base":140,"tt_delay":0,"tt_effective":140}
{"layer":0,"x":2,"y":10,"duration":99,"hold":false,"tt_base":140,"tt_delay":20,"tt_effective":160}
{"layer":0,"x":4,"y":7,"duration":79,"hold":false,"tt_base":140,"tt_delay":0,"tt_effective":140}
{"layer":0,"x":2,"y":3,"duration":98,"hold":false,"tt_base":140,"tt_delay":0,"tt_effective":140}
{"layer":0,"x":2,"y":4,"duration":91,"hold":false,"tt_base":140,"tt_delay":0,"tt_effective":140}
{"layer":0,"x":1,"y":8,"duration":62,"hold":false,"tt_base":140,"tt_delay":0,"tt_effective":140}
{"layer":0,"x":3,"y":4,"duration":111,"hold":false,"tt_base":140,"tt_delay":0,"tt_effective":140}
{"layer":0,"x":2,"y":9,"duration":134,"hold":false,"tt_base":140,"tt_delay":20,"tt_effective":160}
{"layer":0,"x":2,"y":3,"duration":108,"hold":false,"tt_base":140,"tt_delay":0,"tt_effective":140}
{"layer":0,"x":2,"y":10,"duration":72,"hold":false,"tt_base":140,"tt_delay":20,"tt_effective":160}
{"layer":0,"x":4,"y":7,"duration":85,"hold":false,"tt_base":140,"tt_delay":0,"tt_effective":140}
{"layer":0,"x":2,"y":5,"duration":75,"hold":false,"tt_base":140,"tt_delay":0,"tt_effective":140}
{"layer":0,"x":3,"y":7,"duration":88,"hold":false,"tt_base":140,"tt_delay":0,"tt_effective":140}
{"layer":0,"x":2,"y":9,"duration":92,"hold":false,"tt_base":140,"tt_delay":20,"tt_effective":160}
{"layer":0,"x":4,"y":6,"duration":258,"hold":true,"tt_base":140,"tt_delay":0,"tt_effective":140}
{"layer":0,"x":4,"y":6,"duration":72,"hold":false,"tt_base":140,"tt_delay":0,"tt_effective":140}
{"layer":0,"x":2,"y":10,"duration":52,"hold":false,"tt_base":140,"tt_delay":20,"tt_effective":160}
{"layer":0,"x":2,"y":3,"duration":95,"hold":false,"tt_base":140,"tt_delay":0,"tt_effective":140}
{"layer":0,"x":2,"y":10,"duration":63,"hold":false,"tt_base":140,"tt_delay":20,"tt_effective":160}
{"layer":0,"x":4,"y":7,"duration":92,"hold":false,"tt_base":140,"tt_delay":0,"tt_effective":140}
{"layer":0,"x":2,"y":5,"duration":85,"hold":false,"tt_base":140,"tt_delay":0,"tt_effective":140}
{"layer":0,"x":3,"y":7,"duration":73,"hold":false,"tt_base":140,"tt_delay":0,"tt_effective":140}
{"layer":0,"x":2,"y":9,"duration":85,"hold":false,"tt_base":140,"tt_delay":20,"tt_effective":160}
{"layer":0,"x":2,"y":2,"duration":98,"hold":false,"tt_base":140,"tt_delay":20,"tt_effective":160}
{"layer":0,"x":2,"y":10,"duration":83,"hold":false,"tt_base":140,"tt_delay":20,"tt_effective":160}
{"layer":0,"x":4,"y":7,"duration":69,"hold":false,"tt_base":140,"tt_delay":0,"tt_effective":140}
{"layer":0,"x":2,"y":2,"duration":92,"hold":false,"tt_base":140,"tt_delay":20,"tt_effective":160}
{"layer":0,"x":2,"y":9,"duration":73,"hold":false,"tt_base":140,"tt_delay":20,"tt_effective":160}
{"layer":0,"x":2,"y":3,"duration":75,"hold":false,"tt_base":140,"tt_delay":0,"tt_effective":140}
{"layer":0,"x":2,"y":1,"duration":59,"hold":false,"tt_base":140,"tt_delay":20,"tt_effective":160}
{"layer":0,"x":2,"y":9,"duration":89,"hold":false,"tt_base":140,"tt_delay":20,"tt_effective":160}
{"layer":0,"x":2,"y":1,"duration":118,"hold":false,"tt_base":140,"tt_delay":20,"tt_effective":160}
{"layer":0,"x":4,"y":7,"duration":56,"hold":false,"tt_base":140,"tt_delay":0,"tt_effective":140}
{"layer":0,"x":1,"y":3,"duration":62,"hold":false,"tt_base":140,"tt_delay":0,"tt_effective":140}
{"layer":0,"x":2,"y":1,"duration":75,"hold":false,"tt_base":140,"tt_delay":20,"tt_effective":160}
{"layer":0,"x":3,"y":1,"duration":71,"hold":false,"tt_base":140,"tt_delay":20,"tt_effective":160}
{"layer":0,"x":3,"y":1,"duration":104,"hold":false,"tt_base":140,"tt_delay":20,"tt_effective":160}
{"layer":0,"x":2,"y":10,"duration":92,"hold":false,"tt_base":140,"tt_delay":20,"tt_effective":160}
{"layer":0,"x":1,"y":7,"duration":108,"hold":false,"tt_base":140,"tt_delay":0,"tt_effective":140}
{"layer":0,"x":2,"y":8,"duration":59,"hold":false,"tt_base":140,"tt_delay":0,"tt_effective":140}
{"layer":0,"x":2,"y":4,"duration":72,"hold":false,"tt_base":140,"tt_delay":0,"tt_effective":140}
{"layer":0,"x":2,"y":4,"duration":101,"hold":false,"tt_base":140,"tt_delay":0,"tt_effective":140}
{"layer":0,"x":2,"y":10,"duration":82,"hold":false,"tt_base":140,"tt_delay":20,"tt_effective":160}
{"layer":0,"x":4,"y":7,"duration":66,"hold":false,"tt_base":140,"tt_delay":0,"tt_effective":140}
{"layer":0,"x":2,"y":1,"duration":105,"hold":false,"tt_base":140,"tt_delay":20,"tt_effective":160}
{"layer":0,"x":2,"y":5,"duration":92,"hold":false,"tt_base":140,"tt_delay":0,"tt_effective":140}
{"layer":0,"x":2,"y":10,"duration":72,"hold":false,"tt_base":140,"tt_delay":20,"tt_effective":160}
{"layer":0,"x":2,"y":7,"duration":108,"hold":false,"tt_base":140,"tt_delay":0,"tt_effective":140}
{"layer":0,"x":2,"y":9,"duration":85,"hold":false,"tt_base":140,"tt_delay":20,"tt_effective":160}
{"layer":0,"x":2,"y":1,"duration":71,"hold":false,"tt_base":140,"tt_delay":20,"tt_effective":160}
{"layer":0,"x":4,"y":7,"duration":75,"hold":false,"tt_base":140,"tt_delay":0,"tt_effective":140}
{"layer":0,"x":2,"y":4,"duration":129,"hold":false,"tt_base":140,"tt_delay":0,"tt_effective":140}
{"layer":0,"x":1,"y":2,"duration":66,"hold":false,"tt_base":140,"tt_delay":20,"tt_effective":160}
{"layer":0,"x":2,"y":2,"duration":139,"hold":false,"tt_base":140,"tt_delay":20,"tt_effective":160}
{"layer":0,"x":2,"y":1,"duration":129,"hold":false,"tt_base":140,"tt_delay":20,"tt_effective":160}
{"layer":0,"x":4,"y":6,"duration":118,"hold":false,"tt_base":140,"tt_delay":0,"tt_effective":140}
{"layer":0,"x":3,"y":5,"duration":114,"hold":false,"tt_base":140,"tt_delay":0,"tt_effective":140}
{"layer":0,"x":2,"y":8,"duration":76,"hold":false,"tt_base":140,"tt_delay":0,"tt_effective":140}
{"layer":0,"x":2,"y":3,"duration":81,"hold":false,"tt_base":140,"tt_delay":0,"tt_effective":140}
{"layer":0,"x":2,"y":4,"duration":65,"hold":false,"tt_base":140,"tt_delay":0,"tt_effective":140}
{"layer":0,"x":2,"y":9,"duration":88,"hold":false,"tt_base":140,"tt_delay":20,"tt_effective":160}
{"layer":0,"x":2,"y":2,"duration":92,"hold":false,"tt_base":140,"tt_delay":20,"tt_effective":160}
{"layer":0,"x":2,"y":8,"duration":85,"hold":false,"tt_base":140,"tt_delay":0,"tt_effective":140}
{"layer":0,"x":4,"y":7,"duration":68,"hold":false,"tt_base":140,"tt_delay":0,"tt_effective":140}
{"layer":0,"x":2,"y":10,"duration":89,"hold":false,"tt_base":140,"tt_delay":20,"tt_effective":160}
{"layer":0,"x":2,"y":2,"duration":69,"hold":false,"tt_base":140,"tt_delay":20,"tt_effective":160}
{"layer":0,"x":2,"y":2,"duration":78,"hold":false,"tt_base":140,"tt_delay":20,"tt_effective":160}
{"layer":0,"x":2,"y":9,"duration":56,"hold":false,"tt_base":140,"tt_delay":20,"tt_effective":160}
{"layer":0,"x":1,"y":5,"duration":68,"hold":false,"tt_base":140,"tt_delay":0,"tt_effective":140}
{"layer":0,"x":2,"y":9,"duration":81,"hold":false,"tt_base":140,"tt_delay":20,"tt_effective":160}
{"layer":0,"x":1,"y":7,"duration":102,"hold":false,"tt_base":140,"tt_delay":0,"tt_effective":140}
{"layer":0,"x":2,"y":8,"duration":112,"hold":false,"tt_base":140,"tt_delay":0,"tt_effective":140}
{"layer":0,"x":4,"y":7,"duration":66,"hold":false,"tt_base":140,"tt_delay":0,"tt_effective":140}
{"layer":0,"x":2,"y":3,"duration":82,"hold":false,"tt_base":140,"tt_delay":0,"tt_effective":140}
{"layer":0,"x":3,"y":3,"duration":99,"hold":false,"tt_base":140,"tt_delay":0,"tt_effective":140}
{"layer":0,"x":2,"y":1,"duration":128,"hold":false,"tt_base":140,"tt_delay":20,"tt_effective":160}
{"layer":0,"x":1,"y":7,"duration":98,"hold":false,"tt_base":140,"tt_delay":0,"tt_effective":140}
{"layer":0,"x":2,"y":9,"duration":118,"hold":false,"tt_base":140,"tt_delay":20,"tt_effective":160}
{"layer":0,"x":2,"y":7,"duration":121,"hold":false,"tt_base":140,"tt_delay":0,"tt_effective":140}
{"layer":0,"x":2,"y":9,"duration":62,"hold":false,"tt_base":140,"tt_delay":20,"tt_effective":160}
{"layer":0,"x":2,"y":10,"duration":91,"hold":false,"tt_base":140,"tt_delay":20,"tt_effective":160}
{"layer":0,"x":4,"y":7,"duration":88,"hold":false,"tt_base":140,"tt_delay":0,"tt_effective":140}
{"layer":0,"x":4,"y":6,"duration":65,"hold":false,"tt_base":140,"tt_delay":0,"tt_effective":140}
{"layer":0,"x":4,"y":6,"duration":88,"hold":false,"tt_base":140,"tt_delay":0,"tt_effective":140}
{"layer":0,"x":4,"y":6,"duration":137,"hold":false,"tt_base":140,"tt_delay":0,"tt_effective":140}
{"layer":0,"x":2,"y":10,"duration":85,"hold":false,"tt_base":140,"tt_delay":20,"tt_effective":160}
{"layer":0,"x":4,"y":7,"duration":75,"hold":false,"tt_base":140,"tt_delay":0,"tt_effective":140}
{"layer":0,"x":2,"y":3,"duration":85,"hold":false,"tt_base":140,"tt_delay":0,"tt_effective":140}
{"layer":0,"x":3,"y":5,"duration":78,"hold":false,"tt_base":140,"tt_delay":0,"tt_effective":140}
{"layer":0,"x":2,"y":10,"duration":86,"hold":false,"tt_base":140,"tt_delay":20,"tt_effective":160}
{"layer":0,"x":1,"y":7,"duration":85,"hold":false,"tt_base":140,"tt_delay":0,"tt_effective":140}
{"layer":0,"x":2,"y":5,"duration":72,"hold":false,"tt_base":140,"tt_delay":0,"tt_effective":140}
{"layer":0,"x":2,"y":8,"duration":55,"hold":false,"tt_base":140,"tt_delay":0,"tt_effective":140}
{"layer":0,"x":2,"y":2,"duration":75,"hold":false,"tt_base":140,"tt_delay":20,"tt_effective":160}
{"layer":0,"x":2,"y":8,"duration":105,"hold":false,"tt_base":140,"tt_delay":0,"tt_effective":140}
{"layer":0,"x":4,"y":7,"duration":92,"hold":false,"tt_base":140,"tt_delay":0,"tt_effective":140}
{"layer":0,"x":2,"y":3,"duration":101,"hold":false,"tt_base":140,"tt_delay":0,"tt_effective":140}
{"layer":0,"x":2,"y":8,"duration":95,"hold":false,"tt_base":140,"tt_delay":0,"tt_effective":140}
{"layer":0,"x":2,"y":7,"duration":75,"hold":false,"tt_base":140,"tt_delay":0,"tt_effective":140}
{"layer":0,"x":2,"y":3,"duration":88,"hold":false,"tt_base":140,"tt_delay":0,"tt_effective":140}
{"layer":0,"x":2,"y":9,"duration":89,"hold":false,"tt_base":140,"tt_delay":20,"tt_effective":160}
{"layer":0,"x":1,"y":5,"duration":68,"hold":false,"tt_base":140,"tt_delay":0,"tt_effective":140}
{"layer":0,"x":2,"y":9,"duration":75,"hold":false,"tt_base":140,"tt_delay":20,"tt_effective":160}
{"layer":0,"x":1,"y":7,"duration":101,"hold":false,"tt_base":140,"tt_delay":0,"tt_effective":140}
{"layer":0,"x":2,"y":8,"duration":92,"hold":false,"tt_base":140,"tt_delay":0,"tt_effective":140}
{"layer":0,"x":4,"y":7,"duration":59,"hold":false,"tt_base":140,"tt_delay":0,"tt_effective":140}
{"layer":0,"x":1,"y":4,"duration":92,"hold":false,"tt_base":140,"tt_delay":0,"tt_effective":140}
{"layer":0,"x":2,"y":9,"duration":98,"hold":false,"tt_base":140,"tt_delay":20,"tt_effective":160}
{"layer":0,"x":2,"y":5,"duration":82,"hold":false,"tt_base":140,"tt_delay":0,"tt_effective":140}
{"layer":0,"x":2,"y":2,"duration":89,"hold":false,"tt_base":140,"tt_delay":20,"tt_effective":160}
{"layer":0,"x":2,"y":10,"duration":85,"hold":false,"tt_base":140,"tt_delay":20,"tt_effective":160}
{"layer":0,"x":4,"y":7,"duration":82,"hold":false,"tt_base":140,"tt_delay":0,"tt_effective":140}
{"layer":0,"x":2,"y":5,"duration":88,"hold":false,"tt_base":140,"tt_delay":0,"tt_effective":140}
{"layer":0,"x":2,"y":8,"duration":98,"hold":false,"tt_base":140,"tt_delay":0,"tt_effective":140}
{"layer":0,"x":2,"y":7,"duration":101,"hold":false,"tt_base":140,"tt_delay":0,"tt_effective":140}
{"layer":0,"x":1,"y":8,"duration":88,"hold":false,"tt_base":140,"tt_delay":0,"tt_effective":140}
{"layer":0,"x":2,"y":9,"duration":92,"hold":false,"tt_base":140,"tt_delay":20,"tt_effective":160}
{"layer":0,"x":2,"y":7,"duration":124,"hold":false,"tt_base":140,"tt_delay":0,"tt_effective":140}
{"layer":0,"x":2,"y":10,"duration":101,"hold":false,"tt_base":140,"tt_delay":20,"tt_effective":160}
{"layer":0,"x":4,"y":7,"duration":95,"hold":false,"tt_base":140,"tt_delay":0,"tt_effective":140}
{"layer":0,"x":2,"y":3,"duration":101,"hold":false,"tt_base":140,"tt_delay":0,"tt_effective":140}
{"layer":0,"x":1,"y":8,"duration":95,"hold":false,"tt_base":140,"tt_delay":0,"tt_effective":140}
{"layer":0,"x":4,"y":7,"duration":111,"hold":false,"tt_base":140,"tt_delay":0,"tt_effective":140}
{"layer":0,"x":2,"y":3,"duration":108,"hold":false,"tt_base":140,"tt_delay":0,"tt_effective":140}
{"layer":0,"x":2,"y":9,"duration":89,"hold":false,"tt_base":140,"tt_delay":20,"tt_effective":160}
{"layer":0,"x":2,"y":6,"duration":75,"hold":false,"tt_base":140,"tt_delay":0,"tt_effective":140}
{"layer":0,"x":2,"y":9,"duration":108,"hold":false,"tt_base":140,"tt_delay":20,"tt_effective":160}
{"layer":0,"x":1,"y":7,"duration":92,"hold":false,"tt_base":140,"tt_delay":0,"tt_effective":140}
{"layer":0,"x":2,"y":9,"duration":52,"hold":false,"tt_base":140,"tt_delay":20,"tt_effective":160}
{"layer":0,"x":2,"y":8,"duration":114,"hold":false,"tt_base":140,"tt_delay":0,"tt_effective":140}
{"layer":0,"x":4,"y":6,"duration":72,"hold":false,"tt_base":140,"tt_delay":0,"tt_effective":140}
{"layer":0,"x":4,"y":6,"duration":85,"hold":false,"tt_base":140,"tt_delay":0,"tt_effective":140}
{"layer":0,"x":2,"y":8,"duration":89,"hold":false,"tt_base":140,"tt_delay":0,"tt_effective":140}
{"layer":0,"x":4,"y":7,"duration":82,"hold":false,"tt_base":140,"tt_delay":0,"tt_effective":140}
{"layer":0,"x":1,"y":3,"duration":98,"hold":false,"tt_base":140,"tt_delay":0,"tt_effective":140}
{"layer":0,"x":2,"y":10,"duration":88,"hold":false,"tt_base":140,"tt_delay":20,"tt_effective":160}
{"layer":0,"x":1,"y":7,"duration":102,"hold":false,"tt_base":140,"tt_delay":0,"tt_effective":140}
{"layer":0,"x":4,"y":6,"duration":69,"hold":false,"tt_base":140,"tt_delay":0,"tt_effective":140}
{"layer":0,"x":2,"y":2,"duration":82,"hold":false,"tt_base":140,"tt_delay":20,"tt_effective":160}
{"layer":0,"x":3,"y":1,"duration":50,"hold":false,"tt_base":140,"tt_delay":20,"tt_effective":160}
{"layer":0,"x":2,"y":1,"duration":78,"hold":false,"tt_base":140,"tt_delay":20,"tt_effective":160}
{"layer":0,"x":4,"y":7,"duration":89,"hold":false,"tt_base":140,"tt_delay":0,"tt_effective":140}
{"layer":0,"x":2,"y":8,"duration":81,"hold":false,"tt_base":140,"tt_delay":0,"tt_effective":140}
{"layer":0,"x":2,"y":5,"duration":56,"hold":false,"tt_base":140,"tt_delay":0,"tt_effective":140}
{"layer":0,"x":4,"y":6,"duration":79,"hold":false,"tt_base":140,"tt_delay":0,"tt_effective":140}
{"layer":0,"x":2,"y":4,"duration":109,"hold":false,"tt_base":140,"tt_delay":0,"tt_effective":140}
{"layer":0,"x":2,"y":1,"duration":112,"hold":false,"tt_base":140,"tt_delay":20,"tt_effective":160}
{"layer":0,"x":4,"y":7,"duration":118,"hold":false,"tt_base":140,"tt_delay":0,"tt_effective":140}
{"layer":0,"x":2,"y":5,"duration":62,"hold":false,"tt_base":140,"tt_delay":0,"tt_effective":140}
{"layer":0,"x":3,"y":7,"duration":69,"hold":false,"tt_base":140,"tt_delay":0,"tt_effective":140}
{"layer":0,"x":2,"y":9,"duration":86,"hold":false,"tt_base":140,"tt_delay":20,"tt_effective":160}
{"layer":0,"x":2,"y":1,"duration":75,"hold":false,"tt_base":140,"tt_delay":20,"tt_effective":160}
{"layer":0,"x":3,"y":3,"duration":68,"hold":false,"tt_base":140,"tt_delay":0,"tt_effective":140}
{"layer":0,"x":3,"y":3,"duration":115,"hold":false,"tt_base":140,"tt_delay":0,"tt_effective":140}
{"layer":0,"x":2,"y":9,"duration":99,"hold":false,"tt_base":140,"tt_delay":20,"tt_effective":160}
{"layer":0,"x":2,"y":10,"duration":73,"hold":false,"tt_base":140,"tt_delay":20,"tt_effective":160}
{"layer":0,"x":1,"y":7,"duration":101,"hold":false,"tt_base":140,"tt_delay":0,"tt_effective":140}
{"layer":0,"x":2,"y":10,"duration":108,"hold":false,"tt_base":140,"tt_delay":20,"tt_effective":160}
{"layer":0,"x":4,"y":7,"duration":85,"hold":false,"tt_base":140,"tt_delay":0,"tt_effective":140}
{"layer":0,"x":2,"y":5,"duration":98,"hold":false,"tt_base":140,"tt_delay":0,"tt_effective":140}
{"layer":0,"x":2,"y":2,"duration":105,"hold":false,"tt_base":140,"tt_delay":20,"tt_effective":160}
{"layer":0,"x":2,"y":10,"duration":65,"hold":false,"tt_base":140,"tt_delay":20,"tt_effective":160}
{"layer":0,"x":2,"y":4,"duration":69,"hold":false,"tt_base":140,"tt_delay":0,"tt_effective":140}
{"layer":0,"x":2,"y":4,"duration":128,"hold":false,"tt_base":140,"tt_delay":0,"tt_effective":140}
{"layer":0,"x":2,"y":1,"duration":150,"hold":false,"tt_base":140,"tt_delay":20,"tt_effective":160}
{"layer":0,"x":4,"y":7,"duration":95,"hold":false,"tt_base":140,"tt_delay":0,"tt_effective":140}
{"layer":0,"x":2,"y":3,"duration":69,"hold":false,"tt_base":140,"tt_delay":0,"tt_effective":140}
{"layer":0,"x":3,"y":3,"duration":114,"hold":false,"tt_base":140,"tt_delay":0,"tt_effective":140}
{"layer":0,"x":2,"y":10,"duration":72,"hold":false,"tt_base":140,"tt_delay":20,"tt_effective":160}
{"layer":0,"x":2,"y":9,"duration":78,"hold":false,"tt_base":140,"tt_delay":20,"tt_effective":160}
{"layer":0,"x":2,"y":1,"duration":72,"hold":false,"tt_base":140,"tt_delay":20,"tt_effective":160}
{"layer":0,"x":2,"y":4,"duration":75,"hold":false,"tt_base":140,"tt_delay":0,"tt_effective":140}
{"layer":0,"x":2,"y":4,"duration":147,"hold":true,"tt_base":140,"tt_delay":0,"tt_effective":140}
{"layer":0,"x":2,"y":10,"duration":70,"hold":false,"tt_base":140,"tt_delay":20,"tt_effective":160}
{"layer":0,"x":1,"y":7,"duration":131,"hold":false,"tt_base":140,"tt_delay":0,"tt_effective":140}
{"layer":0,"x":2,"y":10,"duration":99,"hold":false,"tt_base":140,"tt_delay":20,"tt_effective":160}
{"layer":0,"x":4,"y":7,"duration":75,"hold":false,"tt_base":140,"tt_delay":0,"tt_effective":140}
{"layer":0,"x":2,"y":2,"duration":85,"hold":false,"tt_base":140,"tt_delay":20,"tt_effective":160}
{"layer":0,"x":2,"y":9,"duration":72,"hold":false,"tt_base":140,"tt_delay":20,"tt_effective":160}
{"layer":0,"x":3,"y":3,"duration":104,"hold":false,"tt_base":140,"tt_delay":0,"tt_effective":140}
{"layer":0,"x":2,"y":10,"duration":69,"hold":false,"tt_base":140,"tt_delay":20,"tt_effective":160}
{"layer":0,"x":2,"y":7,"duration":135,"hold":false,"tt_base":140,"tt_delay":0,"tt_effective":140}
{"layer":0,"x":2,"y":10,"duration":95,"hold":false,"tt_base":140,"tt_delay":20,"tt_effective":160}
{"layer":0,"x":2,"y":3,"duration":62,"hold":false,"tt_base":140,"tt_delay":0,"tt_effective":140}
{"layer":0,"x":3,"y":3,"duration":95,"hold":false,"tt_base":140,"tt_delay":0,"tt_effective":140}
{"layer":0,"x":2,"y":8,"duration":63,"hold":false,"tt_base":140,"tt_delay":0,"tt_effective":140}
{"layer":0,"x":2,"y":2,"duration":95,"hold":false,"tt_base":140,"tt_delay":20,"tt_effective":160}
{"layer":0,"x":2,"y":8,"duration":98,"hold":false,"tt_base":140,"tt_delay":0,"tt_effective":140}
{"layer":0,"x":4,"y":7,"duration":99,"hold":false,"tt_base":140,"tt_delay":0,"tt_effective":140}
{"layer":0,"x":3,"y":3,"duration":40,"hold":false,"tt_base":140,"tt_delay":0,"tt_effective":140}
{"layer":0,"x":2,"y":8,"duration":95,"hold":false,"tt_base":140,"tt_delay":0,"tt_effective":140}
{"layer":0,"x":3,"y":3,"duration":128,"hold":false,"tt_base":140,"tt_delay":0,"tt_effective":140}
{"layer":0,"x":2,"y":8,"duration":79,"hold":false,"tt_base":140,"tt_delay":0,"tt_effective":140}
{"layer":0,"x":1,"y":7,"duration":85,"hold":false,"tt_base":140,"tt_delay":0,"tt_effective":140}
{"layer":0,"x":2,"y":8,"duration":82,"hold":false,"tt_base":140,"tt_delay":0,"tt_effective":140}
{"layer":0,"x":1,"y":5,"duration":76,"hold":false,"tt_base":140,"tt_delay":0,"tt_effective":140}
{"layer":0,"x":2,"y":2,"duration":154,"hold":false,"tt_base":140,"tt_delay":20,"tt_effective":160}
{"layer":0,"x":2,"y":8,"duration":75,"hold":false,"tt_base":140,"tt_delay":0,"tt_effective":140}
{"layer":0,"x":4,"y":7,"duration":104,"hold":false,"tt_base":140,"tt_delay":0,"tt_effective":140}
{"layer":0,"x":2,"y":6,"duration":63,"hold":false,"tt_base":140,"tt_delay":0,"tt_effective":140}
{"layer":0,"x":2,"y":10,"duration":125,"hold":false,"tt_base":140,"tt_delay":20,"tt_effective":160}
{"layer":0,"x":2,"y":7,"duration":121,"hold":false,"tt_base":140,"tt_delay":0,"tt_effective":140}
{"layer":0,"x":2,"y":10,"duration":112,"hold":false,"tt_base":140,"tt_delay":20,"tt_effective":160}
{"layer":0,"x":1,"y":7,"duration":82,"hold":false,"tt_base":140,"tt_delay":0,"tt_effective":140}
{"layer":0,"x":2,"y":10,"duration":92,"hold":false,"tt_base":140,"tt_delay":20,"tt_effective":160}
{"layer":0,"x":2,"y":5,"duration":92,"hold":false,"tt_base":140,"tt_delay":0,"tt_effective":140}
{"layer":0,"x":2,"y":10,"duration":85,"hold":false,"tt_base":140,"tt_delay":20,"tt_effective":160}
{"layer":0,"x":4,"y":7,"duration":85,"hold":false,"tt_base":140,"tt_delay":0,"tt_effective":140}
{"layer":0,"x":2,"y":2,"duration":107,"hold":false,"tt_base":140,"tt_delay":20,"tt_effective":160}
{"layer":0,"x":2,"y":8,"duration":72,"hold":false,"tt_base":140,"tt_delay":0,"tt_effective":140}
{"layer":0,"x":2,"y":4,"duration":78,"hold":false,"tt_base":140,"tt_delay":0,"tt_effective":140}
{"layer":0,"x":2,"y":4,"duration":98,"hold":false,"tt_base":140,"tt_delay":0,"tt_effective":140}
{"layer":0,"x":2,"y":1,"duration":108,"hold":false,"tt_base":140,"tt_delay":20,"tt_effective":160}
{"layer":0,"x":2,"y":7,"duration":112,"hold":false,"tt_base":140,"tt_delay":0,"tt_effective":140}
{"layer":0,"x":2,"y":5,"duration":78,"hold":false,"tt_base":140,"tt_delay":0,"tt_effective":140}
{"layer":0,"x":2,"y":10,"duration":86,"hold":false,"tt_base":140,"tt_delay":20,"tt_effective":160}
{"layer":0,"x":1,"y":7,"duration":69,"hold":false,"tt_base":140,"tt_delay":0,"tt_effective":140}
{"layer":0,"x":2,"y":1,"duration":78,"hold":false,"tt_base":140,"tt_delay":20,"tt_effective":160}
{"layer":0,"x":2,"y":2,"duration":91,"hold":false,"tt_base":140,"tt_delay":20,"tt_effective":160}
{"layer":0,"x":2,"y":8,"duration":86,"hold":false,"tt_base":140,"tt_delay":0,"tt_effective":140}
{"layer":0,"x":4,"y":7,"duration":49,"hold":false,"tt_base":140,"tt_delay":0,"tt_effective":140}
{"layer":0,"x":2,"y":1,"duration":82,"hold":false,"tt_base":140,"tt_delay":20,"tt_effective":160}
{"layer":0,"x":1,"y":8,"duration":79,"hold":false,"tt_base":140,"tt_delay":0,"tt_effective":140}
{"layer":0,"x":2,"y":4,"duration":75,"hold":false,"tt_base":140,"tt_delay":0,"tt_effective":140}
{"layer":0,"x":2,"y":8,"duration":68,"hold":false,"tt_base":140,"tt_delay":0,"tt_effective":140}
{"layer":0,"x":2,"y":10,"duration":82,"hold":false,"tt_base":140,"tt_delay":20,"tt_effective":160}
{"layer":0,"x":4,"y":6,"duration":115,"hold":false,"tt_base":140,"tt_delay":0,"tt_effective":140}
{"layer":0,"x":4,"y":6,"duration":98,"hold":false,"tt_base":140,"tt_delay":0,"tt_effective":140}
{"layer":0,"x":2,"y":10,"duration":95,"hold":false,"tt_base":140,"tt_delay":20,"tt_effective":160}
{"layer":0,"x":2,"y":2,"duration":117,"hold":false,"tt_base":140,"tt_delay":20,"tt_effective":160}
{"layer":0,"x":2,"y":8,"duration":72,"hold":false,"tt_base":140,"tt_delay":0,"tt_effective":140}
{"layer":0,"x":3,"y":5,"duration":81,"hold":false,"tt_base":140,"tt_delay":0,"tt_effective":140}
{"layer":0,"x":2,"y":10,"duration":95,"hold":false,"tt_base":140,"tt_delay":20,"tt_effective":160}
{"layer":0,"x":1,"y":7,"duration":78,"hold":false,"tt_base":140,"tt_delay":0,"tt_effective":140}
{"layer":0,"x":2,"y":8,"duration":98,"hold":false,"tt_base":140,"tt_delay":0,"tt_effective":140}
{"layer":0,"x":4,"y":7,"duration":68,"hold":false,"tt_base":140,"tt_delay":0,"tt_effective":140}
{"layer":0,"x":1,"y":3,"duration":82,"hold":false,"tt_base":140,"tt_delay":0,"tt_effective":140}
{"layer":0,"x":2,"y":1,"duration":124,"hold":false,"tt_base":140,"tt_delay":20,"tt_effective":160}
{"layer":0,"x":2,"y":6,"duration":86,"hold":false,"tt_base":140,"tt_delay":0,"tt_effective":140}
{"layer":0,"x":2,"y":8,"duration":115,"hold":false,"tt_base":140,"tt_delay":0,"tt_effective":140}
{"layer":0,"x":4,"y":7,"duration":115,"hold":false,"tt_base":140,"tt_delay":0,"tt_effective":140}
{"layer":0,"x":2,"y":3,"duration":105,"hold":false,"tt_base":140,"tt_delay":0,"tt_effective":140}
{"layer":0,"x":3,"y":3,"duration":32,"hold":false,"tt_base":140,"tt_delay":0,"tt_effective":140}
{"layer":0,"x":2,"y":9,"duration":68,"hold":false,"tt_base":140,"tt_delay":20,"tt_effective":160}
{"layer":0,"x":3,"y":5,"duration":94,"hold":false,"tt_base":140,"tt_delay":0,"tt_effective":140}
{"layer":0,"x":2,"y":10,"duration":82,"hold":false,"tt_base":140,"tt_delay":20,"tt_effective":160}
{"layer":0,"x":1,"y":7,"duration":95,"hold":false,"tt_base":140,"tt_delay":0,"tt_effective":140}
{"layer":0,"x":2,"y":10,"duration":82,"hold":false,"tt_base":140,"tt_delay":20,"tt_effective":160}
{"layer":0,"x":4,"y":7,"duration":69,"hold":false,"tt_base":140,"tt_delay":0,"tt_effective":140}
{"layer":0,"x":3,"y":3,"duration":101,"hold":false,"tt_base":140,"tt_delay":0,"tt_effective":140}
{"layer":0,"x":2,"y":10,"duration":69,"hold":false,"tt_base":140,"tt_delay":20,"tt_effective":160}
{"layer":0,"x":2,"y":7,"duration":99,"hold":false,"tt_base":140,"tt_delay":0,"tt_effective":140}
{"layer":0,"x":2,"y":4,"duration":95,"hold":false,"tt_base":140,"tt_delay":0,"tt_effective":140}
{"layer":0,"x":2,"y":9,"duration":82,"hold":false,"tt_base":140,"tt_delay":20,"tt_effective":160}
{"layer":0,"x":2,"y":7,"duration":138,"hold":false,"tt_base":140,"tt_delay":0,"tt_effective":140}
{"layer":0,"x":1,"y":8,"duration":59,"hold":false,"tt_base":140,"tt_delay":0,"tt_effective":140}
{"layer":0,"x":2,"y":9,"duration":98,"hold":false,"tt_base":140,"tt_delay":20,"tt_effective":160}
{"layer":0,"x":2,"y":4,"duration":111,"hold":false,"tt_base":140,"tt_delay":0,"tt_effective":140}
{"layer":0,"x":2,"y":1,"duration":112,"hold":false,"tt_base":140,"tt_delay":20,"tt_effective":160}
{"layer":0,"x":4,"y":7,"duration":69,"hold":false,"tt_base":140,"tt_delay":0,"tt_effective":140}
{"layer":0,"x":3,"y":4,"duration":98,"hold":false,"tt_base":140,"tt_delay":0,"tt_effective":140}
{"layer":0,"x":2,"y":10,"duration":79,"hold":false,"tt_base":140,"tt_delay":20,"tt_effective":160}
{"layer":0,"x":2,"y":5,"duration":92,"hold":false,"tt_base":140,"tt_delay":0,"tt_effective":140}
{"layer":0,"x":2,"y":1,"duration":118,"hold":false,"tt_base":140,"tt_delay":20,"tt_effective":160}
{"layer":0,"x":2,"y":7,"duration":98,"hold":false,"tt_base":140,"tt_delay":0,"tt_effective":140}
{"layer":0,"x":2,"y":1,"duration":75,"hold":false,"tt_base":140,"tt_delay":20,"tt_effective":160}
{"layer":0,"x":4,"y":7,"duration":85,"hold":false,"tt_base":140,"tt_delay":0,"tt_effective":140}
{"layer":0,"x":1,"y":3,"duration":59,"hold":false,"tt_base":140,"tt_delay":0,"tt_effective":140}
{"layer":0,"x":1,"y":4,"duration":79,"hold":false,"tt_base":140,"tt_delay":0,"tt_effective":140}
{"layer":0,"x":2,"y":1,"duration":138,"hold":false,"tt_base":140,"tt_delay":20,"tt_effective":160}
{"layer":0,"x":4,"y":6,"duration":75,"hold":false,"tt_base":140,"tt_delay":0,"tt_effective":140}
{"layer":0,"x":4,"y":6,"duration":69,"hold":false,"tt_base":140,"tt_delay":0,"tt_effective":140}
{"layer":0,"x":4,"y":6,"duration":82,"hold":false,"tt_base":140,"tt_delay":0,"tt_effective":140}
{"layer":0,"x":4,"y":6,"duration":82,"hold":false,"tt_base":140,"tt_delay":0,"tt_effective":140}
{"layer":0,"x":1,"y":4,"duration":95,"hold":false,"tt_base":140,"tt_delay":0,"tt_effective":140}
{"layer":0,"x":2,"y":1,"duration":131,"hold":false,"tt_base":140,"tt_delay":20,"tt_effective":160}
{"layer":0,"x":2,"y":3,"duration":62,"hold":false,"tt_base":140,"tt_delay":0,"tt_effective":140}
{"layer":0,"x":2,"y":4,"duration":65,"hold":false,"tt_base":140,"tt_delay":0,"tt_effective":140}
{"layer":0,"x":2,"y":9,"duration":82,"hold":false,"tt_base":140,"tt_delay":20,"tt_effective":160}
{"layer":0,"x":3,"y":3,"duration":76,"hold":false,"tt_base":140,"tt_delay":0,"tt_effective":140}
{"layer":0,"x":3,"y":3,"duration":124,"hold":false,"tt_base":140,"tt_delay":0,"tt_effective":140}
{"layer":0,"x":2,"y":9,"duration":98,"hold":false,"tt_base":140,"tt_delay":20,"tt_effective":160}
{"layer":0,"x":2,"y":7,"duration":101,"hold":false,"tt_base":140,"tt_delay":0,"tt_effective":140}
{"layer":0,"x":2,"y":10,"duration":115,"hold":false,"tt_base":140,"tt_delay":20,"tt_effective":160}
{"layer":0,"x":4,"y":7,"duration":108,"hold":false,"tt_base":140,"tt_delay":0,"tt_effective":140}
{"layer":0,"x":1,"y":4,"duration":76,"hold":false,"tt_base":140,"tt_delay":0,"tt_effective":140}
{"layer":0,"x":1,"y":8,"duration":78,"hold":false,"tt_base":140,"tt_delay":0,"tt_effective":140}
{"layer":0,"x":1,"y":5,"duration":49,"hold":false,"tt_base":140,"tt_delay":0,"tt_effective":140}
{"layer":0,"x":1,"y":5,"duration":95,"hold":false,"tt_base":140,"tt_delay":0,"tt_effective":140}
{"layer":0,"x":1,"y":7,"duration":65,"hold":false,"tt_base":140,"tt_delay":0,"tt_effective":140}
{"layer":0,"x":2,"y":9,"duration":95,"hold":false,"tt_base":140,"tt_delay":20,"tt_effective":160}
{"layer":0,"x":3,"y":3,"duration":79,"hold":false,"tt_base":140,"tt_delay":0,"tt_effective":140}
{"layer":0,"x":2,"y":1,"duration":85,"hold":false,"tt_base":140,"tt_delay":20,"tt_effective":160}
{"layer":0,"x":2,"y":2,"duration":75,"hold":false,"tt_base":140,"tt_delay":20,"tt_effective":160}
{"layer":0,"x":2,"y":8,"duration":89,"hold":false,"tt_base":140,"tt_delay":0,"tt_effective":140}
{"layer":0,"x":4,"y":7,"duration":95,"hold":false,"tt_base":140,"tt_delay":0,"tt_effective":140}
{"layer":0,"x":2,"y":1,"duration":85,"hold":false,"tt_base":140,"tt_delay":20,"tt_effective":160}
{"layer":0,"x":2,"y":7,"duration":88,"hold":false,"tt_base":140,"tt_delay":0,"tt_effective":140}
{"layer":0,"x":3,"y":3,"duration":92,"hold":false,"tt_base":140,"tt_delay":0,"tt_effective":140}
{"layer":0,"x":3,"y":7,"duration":95,"hold":false,"tt_base":140,"tt_delay":0,"tt_effective":140}
{"layer":0,"x":2,"y":8,"duration":108,"hold":false,"tt_base":140,"tt_delay":0,"tt_effective":140}
{"layer":0,"x":4,"y":7,"duration":117,"hold":false,"tt_base":140,"tt_delay":0,"tt_effective":140}
{"layer":0,"x":2,"y":10,"duration":104,"hold":false,"tt_base":140,"tt_delay":20,"tt_effective":160}
{"layer":0,"x":3,"y":3,"duration":78,"hold":false,"tt_base":140,"tt_delay":0,"tt_effective":140}
{"layer":0,"x":3,"y":3,"duration":105,"hold":false,"tt_base":140,"tt_delay":0,"tt_effective":140}
{"layer":0,"x":1,"y":8,"duration":79,"hold":false,"tt_base":140,"tt_delay":0,"tt_effective":140}
{"layer":0,"x":1,"y":4,"duration":92,"hold":false,"tt_base":140,"tt_delay":0,"tt_effective":140}
{"layer":0,"x":2,"y":1,"duration":92,"hold":false,"tt_base":140,"tt_delay":20,"tt_effective":160}
{"layer":0,"x":2,"y":2,"duration":98,"hold":false,"tt_base":140,"tt_delay":20,"tt_effective":160}
{"layer":0,"x":2,"y":8,"duration":89,"hold":false,"tt_base":140,"tt_delay":0,"tt_effective":140}
{"layer":0,"x":4,"y":7,"duration":99,"hold":false,"tt_base":140,"tt_delay":0,"tt_effective":140}
{"layer":0,"x":1,"y":4,"duration":78,"hold":false,"tt_base":140,"tt_delay":0,"tt_effective":140}
{"layer":0,"x":1,"y":8,"duration":82,"hold":false,"tt_base":140,"tt_delay":0,"tt_effective":140}
{"layer":0,"x":1,"y":5,"duration":69,"hold":false,"tt_base":140,"tt_delay":0,"tt_effective":140}
{"layer":0,"x":1,"y":5,"duration":98,"hold":false,"tt_base":140,"tt_delay":0,"tt_effective":140}
{"layer":0,"x":1,"y":7,"duration":83,"hold":false,"tt_base":140,"tt_delay":0,"tt_effective":140}
{"layer":0,"x":2,"y":9,"duration":79,"hold":false,"tt_base":140,"tt_delay":20,"tt_effective":160}
{"layer":0,"x":3,"y":3,"duration":95,"hold":false,"tt_base":140,"tt_delay":0,"tt_effective":140}
{"layer":0,"x":2,"y":9,"duration":92,"hold":false,"tt_base":140,"tt_delay":20,"tt_effective":160}
{"layer":0,"x":2,"y":4,"duration":118,"hold":false,"tt_base":140,"tt_delay":0,"tt_effective":140}
{"layer":0,"x":2,"y":1,"duration":99,"hold":false,"tt_base":140,"tt_delay":20,"tt_effective":160}
{"layer":0,"x":2,"y":2,"duration":91,"hold":false,"tt_base":140,"tt_delay":20,"tt_effective":160}
{"layer":0,"x":2,"y":9,"duration":135,"hold":false,"tt_base":140,"tt_delay":20,"tt_effective":160}
{"layer":0,"x":2,"y":10,"duration":106,"hold":false,"tt_base":140,"tt_delay":20,"tt_effective":160}
{"layer":0,"x":4,"y":7,"duration":96,"hold":false,"tt_base":140,"tt_delay":0,"tt_effective":140}
{"layer":0,"x":2,"y":9,"duration":92,"hold":false,"tt_base":140,"tt_delay":20,"tt_effective":160}
{"layer":0,"x":2,"y":6,"duration":112,"hold":false,"tt_base":140,"tt_delay":0,"tt_effective":140}
{"layer":0,"x":1,"y":5,"duration":79,"hold":false,"tt_base":140,"tt_delay":0,"tt_effective":140}
{"layer":0,"x":2,"y":1,"duration":112,"hold":false,"tt_base":140,"tt_delay":20,"tt_effective":160}
{"layer":0,"x":2,"y":2,"duration":88,"hold":false,"tt_base":140,"tt_delay":20,"tt_effective":160}
{"layer":0,"x":2,"y":1,"duration":111,"hold":false,"tt_base":140,"tt_delay":20,"tt_effective":160}
{"layer":0,"x":3,"y":1,"duration":66,"hold":false,"tt_base":140,"tt_delay":20,"tt_effective":160}
{"layer":0,"x":3,"y":1,"duration":72,"hold":false,"tt_base":140,"tt_delay":20,"tt_effective":160}
{"layer":0,"x":2,"y":1,"duration":133,"hold":false,"tt_base":140,"tt_delay":20,"tt_effective":160}
{"layer":0,"x":2,"y":4,"duration":105,"hold":false,"tt_base":140,"tt_delay":0,"tt_effective":140}
{"layer":0,"x":2,"y":10,"duration":86,"hold":false,"tt_base":140,"tt_delay":20,"tt_effective":160}
{"layer":0,"x":4,"y":7,"duration":89,"hold":false,"tt_base":140,"tt_delay":0,"tt_effective":140}
{"layer":0,"x":1,"y":3,"duration":75,"hold":false,"tt_base":140,"tt_delay":0,"tt_effective":140}
{"layer":0,"x":2,"y":10,"duration":88,"hold":false,"tt_base":140,"tt_delay":20,"tt_effective":160}
{"layer":0,"x":2,"y":2,"duration":91,"hold":false,"tt_base":140,"tt_delay":20,"tt_effective":160}
{"layer":0,"x":3,"y":1,"duration":88,"hold":false,"tt_base":140,"tt_delay":20,"tt_effective":160}
{"layer":0,"x":4,"y":6,"duration":91,"hold":false,"tt_base":140,"tt_delay":0,"tt_effective":140}
{"layer":0,"x":2,"y":4,"duration":109,"hold":false,"tt_base":140,"tt_delay":0,"tt_effective":140}
{"layer":0,"x":2,"y":8,"duration":109,"hold":false,"tt_base":140,"tt_delay":0,"tt_effective":140}
{"layer":0,"x":2,"y":6,"duration":60,"hold":false,"tt_base":140,"tt_delay":0,"tt_effective":140}
{"layer":0,"x":2,"y":7,"duration":59,"hold":false,"tt_base":140,"tt_delay":0,"tt_effective":140}
{"layer":0,"x":2,"y":8,"duration":115,"hold":false,"tt_base":140,"tt_delay":0,"tt_effective":140}
{"layer":0,"x":2,"y":4,"duration":128,"hold":false,"tt_base":140,"tt_delay":0,"tt_effective":140}
{"layer":0,"x":2,"y":8,"duration":108,"hold":false,"tt_base":140,"tt_delay":0,"tt_effective":140}
{"layer":0,"x":4,"y":7,"duration":114,"hold":false,"tt_base":140,"tt_delay":0,"tt_effective":140}
{"layer":0,"x":3,"y":4,"duration":121,"hold":false,"tt_base":140,"tt_delay":0,"tt_effective":140}
{"layer":0,"x":2,"y":8,"duration":82,"hold":false,"tt_base":140,"tt_delay":0,"tt_effective":140}
{"layer":0,"x":1,"y":7,"duration":91,"hold":false,"tt_base":140,"tt_delay":0,"tt_effective":140}
{"layer":0,"x":1,"y":8,"duration":75,"hold":false,"tt_base":140,"tt_delay":0,"tt_effective":140}
{"layer":0,"x":2,"y":3,"duration":117,"hold":false,"tt_base":140,"tt_delay":0,"tt_effective":140}
{"layer":0,"x":2,"y":10,"duration":102,"hold":false,"tt_base":140,"tt_delay":20,"tt_effective":160}
{"layer":0,"x":4,"y":7,"duration":99,"hold":false,"tt_base":140,"tt_delay":0,"tt_effective":140}
{"layer":0,"x":2,"y":3,"duration":88,"hold":false,"tt_base":140,"tt_delay":0,"tt_effective":140}
{"layer":0,"x":2,"y":9,"duration":95,"hold":false,"tt_base":140,"tt_delay":20,"tt_effective":160}
{"layer":0,"x":3,"y":3,"duration":76,"hold":false,"tt_base":140,"tt_delay":0,"tt_effective":140}
{"layer":0,"x":3,"y":3,"duration":118,"hold":false,"tt_base":140,"tt_delay":0,"tt_effective":140}
{"layer":0,"x":2,"y":10,"duration":92,"hold":false,"tt_base":140,"tt_delay":20,"tt_effective":160}
{"layer":0,"x":2,"y":6,"duration":101,"hold":false,"tt_base":140,"tt_delay":0,"tt_effective":140}
{"layer":0,"x":2,"y":8,"duration":108,"hold":false,"tt_base":140,"tt_delay":0,"tt_effective":140}
{"layer":0,"x":4,"y":7,"duration":72,"hold":false,"tt_base":140,"tt_delay":0,"tt_effective":140}
{"layer":0,"x":1,"y":1,"duration":85,"hold":false,"tt_base":140,"tt_delay":20,"tt_effective":160}
{"layer":0,"x":1,"y":8,"duration":85,"hold":false,"tt_base":140,"tt_delay":0,"tt_effective":140}
{"layer":0,"x":2,"y":1,"duration":137,"hold":false,"tt_base":140,"tt_delay":20,"tt_effective":160}
{"layer":0,"x":1,"y":7,"duration":105,"hold":false,"tt_base":140,"tt_delay":0,"tt_effective":140}
{"layer":0,"x":1,"y":8,"duration":114,"hold":false,"tt_base":140,"tt_delay":0,"tt_effective":140}
{"layer":0,"x":2,"y":7,"duration":121,"hold":false,"tt_base":140,"tt_delay":0,"tt_effective":140}
{"layer":0,"x":1,"y":1,"duration":109,"hold":false,"tt_base":140,"tt_delay":20,"tt_effective":160}
{"layer":0,"x":1,"y":8,"duration":72,"hold":false,"tt_base":140,"tt_delay":0,"tt_effective":140}
{"layer":0,"x":2,"y":8,"duration":82,"hold":false,"tt_base":140,"tt_delay":0,"tt_effective":140}
{"layer":0,"x":4,"y":7,"duration":105,"hold":false,"tt_base":140,"tt_delay":0,"tt_effective":140}
{"layer":0,"x":2,"y":3,"duration":49,"hold":false,"tt_base":140,"tt_delay":0,"tt_effective":140}
{"layer":0,"x":3,"y":3,"duration":72,"hold":false,"tt_base":140,"tt_delay":0,"tt_effective":140}
{"layer":0,"x":4,"y":6,"duration":118,"hold":false,"tt_base":140,"tt_delay":0,"tt_effective":140}
{"layer":0,"x":4,"y":6,"duration":66,"hold":false,"tt_base":140,"tt_delay":0,"tt_effective":140}
{"layer":0,"x":3,"y":3,"duration":95,"hold":false,"tt_base":140,"tt_delay":0,"tt_effective":140}
{"layer":0,"x":2,"y":8,"duration":72,"hold":false,"tt_base":140,"tt_delay":0,"tt_effective":140}
{"layer":0,"x":2,"y":2,"duration":79,"hold":false,"tt_base":140,"tt_delay":20,"tt_effective":160}
{"layer":0,"x":3,"y":3,"duration":98,"hold":false,"tt_base":140,"tt_delay":0,"tt_effective":140}
{"layer":0,"x":2,"y":1,"duration":101,"hold":false,"tt_base":140,"tt_delay":20,"tt_effective":160}
{"layer":0,"x":2,"y":2,"duration":65,"hold":false,"tt_base":140,"tt_delay":20,"tt_effective":160}
{"layer":0,"x":2,"y":8,"duration":91,"hold":false,"tt_base":140,"tt_delay":0,"tt_effective":140}
{"layer":0,"x":4,"y":7,"duration":95,"hold":false,"tt_base":140,"tt_delay":0,"tt_effective":140}
{"layer":0,"x":1,"y":4,"duration":94,"hold":false,"tt_base":140,"tt_delay":0,"tt_effective":140}
{"layer":0,"x":2,"y":1,"duration":73,"hold":false,"tt_base":140,"tt_delay":20,"tt_effective":160}
{"layer":0,"x":3,"y":1,"duration":49,"hold":false,"tt_base":140,"tt_delay":20,"tt_effective":160}
{"layer":0,"x":3,"y":1,"duration":88,"hold":false,"tt_base":140,"tt_delay":20,"tt_effective":160}
{"layer":0,"x":2,"y":1,"duration":101,"hold":false,"tt_base":140,"tt_delay":20,"tt_effective":160}
{"layer":0,"x":4,"y":7,"duration":92,"hold":false,"tt_base":140,"tt_delay":0,"tt_effective":140}
{"layer":0,"x":2,"y":2,"duration":102,"hold":false,"tt_base":140,"tt_delay":20,"tt_effective":160}
{"layer":0,"x":2,"y":10,"duration":82,"hold":false,"tt_base":140,"tt_delay":20,"tt_effective":160}
{"layer":0,"x":2,"y":6,"duration":75,"hold":false,"tt_base":140,"tt_delay":0,"tt_effective":140}
{"layer":0,"x":2,"y":8,"duration":92,"hold":false,"tt_base":140,"tt_delay":0,"tt_effective":140}
{"layer":0,"x":2,"y":7,"duration":128,"hold":false,"tt_base":140,"tt_delay":0,"tt_effective":140}
{"layer":0,"x":2,"y":10,"duration":83,"hold":false,"tt_base":140,"tt_delay":20,"tt_effective":160}
{"layer":0,"x":4,"y":7,"duration":82,"hold":false,"tt_base":140,"tt_delay":0,"tt_effective":140}
{"layer":0,"x":3,"y":3,"duration":117,"hold":false,"tt_base":140,"tt_delay":0,"tt_effective":140}
{"layer":0,"x":2,"y":1,"duration":98,"hold":false,"tt_base":140,"tt_delay":20,"tt_effective":160}
{"layer":0,"x":1,"y":5,"duration":65,"hold":false,"tt_base":140,"tt_delay":0,"tt_effective":140}
{"layer":0,"x":2,"y":9,"duration":99,"hold":false,"tt_base":140,"tt_delay":20,"tt_effective":160}
{"layer":0,"x":2,"y":7,"duration":108,"hold":false,"tt_base":140,"tt_delay":0,"tt_effective":140}
{"layer":0,"x":2,"y":1,"duration":86,"hold":false,"tt_base":140,"tt_delay":20,"tt_effective":160}
{"layer":0,"x":4,"y":7,"duration":92,"hold":false,"tt_base":140,"tt_delay":0,"tt_effective":140}
{"layer":0,"x":3,"y":3,"duration":114,"hold":false,"tt_base":140,"tt_delay":0,"tt_effective":140}
{"layer":0,"x":2,"y":10,"duration":108,"hold":false,"tt_base":140,"tt_delay":20,"tt_effective":160}
{"layer":0,"x":1,"y":7,"duration":66,"hold":false,"tt_base":140,"tt_delay":0,"tt_effective":140}
{"layer":0,"x":2,"y":4,"duration":98,"hold":false,"tt_base":140,"tt_delay":0,"tt_effective":140}
{"layer":0,"x":2,"y":8,"duration":70,"hold":false,"tt_base":140,"tt_delay":0,"tt_effective":140}
{"layer":0,"x":1,"y":7,"duration":62,"hold":false,"tt_base":140,"tt_delay":0,"tt_effective":140}
{"layer":0,"x":1,"y":7,"duration":79,"hold":false,"tt_base":140,"tt_delay":0,"tt_effective":140}
{"layer":0,"x":2,"y":1,"duration":82,"hold":false,"tt_base":140,"tt_delay":20,"tt_effective":160}
{"layer":0,"x":2,"y":4,"duration":105,"hold":false,"tt_base":140,"tt_delay":0,"tt_effective":140}
{"layer":0,"x":2,"y":1,"duration":102,"hold":false,"tt_base":140,"tt_delay":20,"tt_effective":160}
{"layer":0,"x":4,"y":7,"duration":82,"hold":false,"tt_base":140,"tt_delay":0,"tt_effective":140}
{"layer":0,"x":1,"y":4,"duration":62,"hold":false,"tt_base":140,"tt_delay":0,"tt_effective":140}
{"layer":0,"x":2,"y":2,"duration":75,"hold":false,"tt_base":140,"tt_delay":20,"tt_effective":160}
{"layer":0,"x":2,"y":8,"duration":78,"hold":false,"tt_base":140,"tt_delay":0,"tt_effective":140}
{"layer":0,"x":3,"y":3,"duration":73,"hold":false,"tt_base":140,"tt_delay":0,"tt_effective":140}
{"layer":0,"x":2,"y":9,"duration":105,"hold":false,"tt_base":140,"tt_delay":20,"tt_effective":160}
{"layer":0,"x":2,"y":3,"duration":118,"hold":false,"tt_base":140,"tt_delay":0,"tt_effective":140}
{"layer":0,"x":2,"y":9,"duration":118,"hold":false,"tt_base":140,"tt_delay":20,"tt_effective":160}
{"layer":0,"x":2,"y":10,"duration":111,"hold":false,"tt_base":140,"tt_delay":20,"tt_effective":160}
{"layer":0,"x":2,"y":7,"duration":124,"hold":false,"tt_base":140,"tt_delay":0,"tt_effective":140}
{"layer":0,"x":2,"y":8,"duration":132,"hold":false,"tt_base":140,"tt_delay":0,"tt_effective":140}
{"layer":0,"x":4,"y":7,"duration":62,"hold":false,"tt_base":140,"tt_delay":0,"tt_effective":140}
{"layer":0,"x":3,"y":3,"duration":121,"hold":false,"tt_base":140,"tt_delay":0,"tt_effective":140}
{"layer":0,"x":2,"y":10,"duration":85,"hold":false,"tt_base":140,"tt_delay":20,"tt_effective":160}
{"layer":0,"x":2,"y":7,"duration":115,"hold":false,"tt_base":140,"tt_delay":0,"tt_effective":140}
{"layer":0,"x":2,"y":4,"duration":127,"hold":false,"tt_base":140,"tt_delay":0,"tt_effective":140}
{"layer":0,"x":2,"y":1,"duration":134,"hold":false,"tt_base":140,"tt_delay":20,"tt_effective":160}
{"layer":0,"x":2,"y":6,"duration":66,"hold":false,"tt_base":140,"tt_delay":0,"tt_effective":140}
{"layer":0,"x":2,"y":9,"duration":92,"hold":false,"tt_base":140,"tt_delay":20,"tt_effective":160}
{"layer":0,"x":2,"y":7,"duration":108,"hold":false,"tt_base":140,"tt_delay":0,"tt_effective":140}
{"layer":0,"x":2,"y":1,"duration":88,"hold":false,"tt_base":140,"tt_delay":20,"tt_effective":160}
{"layer":0,"x":2,"y":2,"duration":89,"hold":false,"tt_base":140,"tt_delay":20,"tt_effective":160}
{"layer":0,"x":2,"y":8,"duration":82,"hold":false,"tt_base":140,"tt_delay":0,"tt_effective":140}
{"layer":0,"x":4,"y":7,"duration":52,"hold":false,"tt_base":140,"tt_delay":0,"tt_effective":140}
{"layer":0,"x":2,"y":9,"duration":92,"hold":false,"tt_base":140,"tt_delay":20,"tt_effective":160}
{"layer":0,"x":1,"y":4,"duration":85,"hold":false,"tt_base":140,"tt_delay":0,"tt_effective":140}
{"layer":0,"x":1,"y":4,"duration":82,"hold":false,"tt_base":140,"tt_delay":0,"tt_effective":140}
{"layer":0,"x":2,"y":10,"duration":66,"hold":false,"tt_base":140,"tt_delay":20,"tt_effective":160}
{"layer":0,"x":1,"y":4,"duration":94,"hold":false,"tt_base":140,"tt_delay":0,"tt_effective":140}
{"layer":0,"x":2,"y":10,"duration":101,"hold":false,"tt_base":140,"tt_delay":20,"tt_effective":160}
{"layer":0,"x":1,"y":4,"duration":130,"hold":false,"tt_base":140,"tt_delay":0,"tt_effective":140}
{"layer":0,"x":2,"y":1,"duration":121,"hold":false,"tt_base":140,"tt_delay":20,"tt_effective":160}
{"layer":0,"x":4,"y":6,"duration":39,"hold":false,"tt_base":140,"tt_delay":0,"tt_effective":140}
{"layer":0,"x":4,"y":6,"duration":104,"hold":false,"tt_base":140,"tt_delay":0,"tt_effective":140}
{"layer":0,"x":2,"y":4,"duration":103,"hold":false,"tt_base":140,"tt_delay":0,"tt_effective":140}
{"layer":0,"x":2,"y":1,"duration":122,"hold":false,"tt_base":140,"tt_delay":20,"tt_effective":160}
{"layer":0,"x":2,"y":6,"duration":78,"hold":false,"tt_base":140,"tt_delay":0,"tt_effective":140}
{"layer":0,"x":2,"y":10,"duration":88,"hold":false,"tt_base":140,"tt_delay":20,"tt_effective":160}
{"layer":0,"x":4,"y":7,"duration":88,"hold":false,"tt_base":140,"tt_delay":0,"tt_effective":140}
{"layer":0,"x":2,"y":1,"duration":121,"hold":false,"tt_base":140,"tt_delay":20,"tt_effective":160}
{"layer":0,"x":2,"y":6,"duration":65,"hold":false,"tt_base":140,"tt_delay":0,"tt_effective":140}
{"layer":0,"x":1,"y":5,"duration":88,"hold":false,"tt_base":140,"tt_delay":0,"tt_effective":140}
{"layer":0,"x":2,"y":9,"duration":121,"hold":false,"tt_base":140,"tt_delay":20,"tt_effective":160}
{"layer":0,"x":2,"y":8,"duration":148,"hold":true,"tt_base":140,"tt_delay":0,"tt_effective":140}
{"layer":0,"x":2,"y":7,"duration":148,"hold":true,"tt_base":140,"tt_delay":0,"tt_effective":140}
{"layer":0,"x":2,"y":4,"duration":81,"hold":false,"tt_base":140,"tt_delay":0,"tt_effective":140}
{"layer":0,"x":2,"y":1,"duration":124,"hold":false,"tt_base":140,"tt_delay":20,"tt_effective":160}
{"layer":0,"x":2,"y":2,"duration":99,"hold":false,"tt_base":140,"tt_delay":20,"tt_effective":160}
{"layer":0,"x":2,"y":8,"duration":102,"hold":false,"tt_base":140,"tt_delay":0,"tt_effective":140}
{"layer":0,"x":4,"y":7,"duration":85,"hold":false,"tt_base":140,"tt_delay":0,"tt_effective":140}
{"layer":0,"x":2,"y":1,"duration":105,"hold":false,"tt_base":140,"tt_delay":20,"tt_effective":160}
{"layer":0,"x":3,"y":3,"duration":68,"hold":false,"tt_base":140,"tt_delay":0,"tt_effective":140}
{"layer":0,"x":3,"y":3,"duration":94,"hold":false,"tt_base":140,"tt_delay":0,"tt_effective":140}
{"layer":0,"x":2,"y":1,"duration":98,"hold":false,"tt_base":140,"tt_delay":20,"tt_effective":160}
{"layer":0,"x":2,"y":7,"duration":81,"hold":false,"tt_base":140,"tt_delay":0,"tt_effective":140}
{"layer":0,"x":2,"y":4,"duration":85,"hold":false,"tt_base":140,"tt_delay":0,"tt_effective":140}
{"layer":0,"x":2,"y":10,"duration":109,"hold":false,"tt_base":140,"tt_delay":20,"tt_effective":160}
{"layer":0,"x":4,"y":7,"duration":53,"hold":false,"tt_base":140,"tt_delay":0,"tt_effective":140}
{"layer":0,"x":3,"y":3,"duration":92,"hold":false,"tt_base":140,"tt_delay":0,"tt_effective":140}
{"layer":0,"x":2,"y":10,"duration":75,"hold":false,"tt_base":140,"tt_delay":20,"tt_effective":160}
{"layer":0,"x":2,"y":6,"duration":68,"hold":false,"tt_base":140,"tt_delay":0,"tt_effective":140}
{"layer":0,"x":2,"y":9,"duration":170,"hold":true,"tt_base":140,"tt_delay":20,"tt_effective":160}
{"layer":0,"x":4,"y":6,"duration":78,"hold":false,"tt_base":140,"tt_delay":0,"tt_effective":140}
{"layer":0,"x":2,"y":6,"duration":79,"hold":false,"tt_base":140,"tt_delay":0,"tt_effective":140}
{"layer":0,"x":2,"y":9,"duration":138,"hold":false,"tt_base":140,"tt_delay":20,"tt_effective":160}
{"layer":0,"x":2,"y":3,"duration":89,"hold":false,"tt_base":140,"tt_delay":0,"tt_effective":140}
{"layer":0,"x":2,"y":3,"duration":121,"hold":false,"tt_base":140,"tt_delay":0,"tt_effective":140}
{"layer":0,"x":2,"y":1,"duration":99,"hold":false,"tt_base":140,"tt_delay":20,"tt_effective":160}
{"layer":0,"x":2,"y":2,"duration":78,"hold":false,"tt_base":140,"tt_delay":20,"tt_effective":160}
{"layer":0,"x":2,"y":9,"duration":102,"hold":false,"tt_base":140,"tt_delay":20,"tt_effective":160}
{"layer":0,"x":2,"y":1,"duration":81,"hold":false,"tt_base":140,"tt_delay":20,"tt_effective":160}
{"layer":0,"x":2,"y":4,"duration":79,"hold":false,"tt_base":140,"tt_delay":0,"tt_effective":140}
{"layer":0,"x":2,"y":10,"duration":85,"hold":false,"tt_base":140,"tt_delay":20,"tt_effective":160}
{"layer":0,"x":4,"y":7,"duration":75,"hold":false,"tt_base":140,"tt_delay":0,"tt_effective":140}
{"layer":0,"x":3,"y":3,"duration":104,"hold":false,"tt_base":140,"tt_delay":0,"tt_effective":140}
{"layer":0,"x":2,"y":10,"duration":108,"hold":false,"tt_base":140,"tt_delay":20,"tt_effective":160}
{"layer":0,"x":1,"y":7,"duration":46,"hold":false,"tt_base":140,"tt_delay":0,"tt_effective":140}
{"layer":0,"x":1,"y":7,"duration":105,"hold":false,"tt_base":140,"tt_delay":0,"tt_effective":140}
{"layer":0,"x":2,"y":8,"duration":96,"hold":false,"tt_base":140,"tt_delay":0,"tt_effective":140}
{"layer":0,"x":2,"y":2,"duration":109,"hold":false,"tt_base":140,"tt_delay":20,"tt_effective":160}
{"layer":0,"x":2,"y":1,"duration":105,"hold":false,"tt_base":140,"tt_delay":20,"tt_effective":160}
{"layer":0,"x":4,"y":7,"duration":82,"hold":false,"tt_base":140,"tt_delay":0,"tt_effective":140}
{"layer":0,"x":2,"y":1,"duration":98,"hold":false,"tt_base":140,"tt_delay":20,"tt_effective":160}
{"layer":0,"x":2,"y":6,"duration":69,"hold":false,"tt_base":140,"tt_delay":0,"tt_effective":140}
{"layer":0,"x":2,"y":6,"duration":111,"hold":false,"tt_base":140,"tt_delay":0,"tt_effective":140}
{"layer":0,"x":2,"y":9,"duration":147,"hold":false,"tt_base":140,"tt_delay":20,"tt_effective":160}
{"layer":0,"x":2,"y":2,"duration":118,"hold":false,"tt_base":140,"tt_delay":20,"tt_effective":160}
{"layer":0,"x":2,"y":1,"duration":95,"hold":false,"tt_base":140,"tt_delay":20,"tt_effective":160}
{"layer":0,"x":2,"y":2,"duration":121,"hold":false,"tt_base":140,"tt_delay":20,"tt_effective":160}
{"layer":0,"x":2,"y":8,"duration":102,"hold":false,"tt_base":140,"tt_delay":0,"tt_effective":140}
{"layer":0,"x":4,"y":7,"duration":115,"hold":false,"tt_base":140,"tt_delay":0,"tt_effective":140}
{"layer":0,"x":1,"y":5,"duration":43,"hold":false,"tt_base":140,"tt_delay":0,"tt_effective":140}
{"layer":0,"x":2,"y":5,"duration":66,"hold":false,"tt_base":140,"tt_delay":0,"tt_effective":140}
{"layer":0,"x":1,"y":8,"duration":69,"hold":false,"tt_base":140,"tt_delay":0,"tt_effective":140}
{"layer":0,"x":2,"y":1,"duration":98,"hold":false,"tt_base":140,"tt_delay":20,"tt_effective":160}
{"layer":0,"x":2,"y":9,"duration":134,"hold":false,"tt_base":140,"tt_delay":20,"tt_effective":160}
{"layer":0,"x":2,"y":10,"duration":131,"hold":false,"tt_base":140,"tt_delay":20,"tt_effective":160}
{"layer":0,"x":4,"y":6,"duration":75,"hold":false,"tt_base":140,"tt_delay":0,"tt_effective":140}
{"layer":0,"x":2,"y":4,"duration":222,"hold":true,"tt_base":140,"tt_delay":0,"tt_effective":140}
{"layer":0,"x":2,"y":5,"duration":111,"hold":false,"tt_base":140,"tt_delay":0,"tt_effective":140}
{"layer":0,"x":4,"y":6,"duration":286,"hold":true,"tt_base":140,"tt_delay":0,"tt_effective":140}
{"layer":0,"x":2,"y":5,"duration":115,"hold":false,"tt_base":140,"tt_delay":0,"tt_effective":140}
{"layer":0,"x":1,"y":8,"duration":89,"hold":false,"tt_base":140,"tt_delay":0,"tt_effective":140}
{"layer":0,"x":2,"y":1,"duration":105,"hold":false,"tt_base":140,"tt_delay":20,"tt_effective":160}
{"layer":0,"x":2,"y":9,"duration":118,"hold":false,"tt_base":140,"tt_delay":20,"tt_effective":160}
{"layer":0,"x":2,"y":10,"duration":92,"hold":false,"tt_base":140,"tt_delay":20,"tt_effective":160}
{"layer":0,"x":4,"y":7,"duration":97,"hold":false,"tt_base":140,"tt_delay":0,"tt_effective":140}
{"layer":0,"x":2,"y":4,"duration":98,"hold":false,"tt_base":140,"tt_delay":0,"tt_effective":140}
{"layer":0,"x":2,"y":8,"duration":95,"hold":false,"tt_base":140,"tt_delay":0,"tt_effective":140}
{"layer":0,"x":2,"y":7,"duration":115,"hold":false,"tt_base":140,"tt_delay":0,"tt_effective":140}
{"layer":0,"x":2,"y":8,"duration":140,"hold":false,"tt_base":140,"tt_delay":0,"tt_effective":140}
{"layer":0,"x":2,"y":7,"duration":104,"hold":false,"tt_base":140,"tt_delay":0,"tt_effective":140}
{"layer":0,"x":2,"y":4,"duration":84,"hold":false,"tt_base":140,"tt_delay":0,"tt_effective":140}
{"layer":0,"x":2,"y":8,"duration":82,"hold":false,"tt_base":140,"tt_delay":0,"tt_effective":140}
{"layer":0,"x":4,"y":7,"duration":94,"hold":false,"tt_base":140,"tt_delay":0,"tt_effective":140}
{"layer":0,"x":2,"y":8,"duration":69,"hold":false,"tt_base":140,"tt_delay":0,"tt_effective":140}
{"layer":0,"x":2,"y":3,"duration":121,"hold":false,"tt_base":140,"tt_delay":0,"tt_effective":140}
{"layer":0,"x":2,"y":8,"duration":95,"hold":false,"tt_base":140,"tt_delay":0,"tt_effective":140}
{"layer":0,"x":2,"y":5,"duration":82,"hold":false,"tt_base":140,"tt_delay":0,"tt_effective":140}
{"layer":0,"x":1,"y":8,"duration":79,"hold":false,"tt_base":140,"tt_delay":0,"tt_effective":140}
{"layer":0,"x":2,"y":9,"duration":81,"hold":false,"tt_base":140,"tt_delay":20,"tt_effective":160}
{"layer":0,"x":2,"y":2,"duration":85,"hold":false,"tt_base":140,"tt_delay":20,"tt_effective":160}
{"layer":0,"x":2,"y":8,"duration":85,"hold":false,"tt_base":140,"tt_delay":0,"tt_effective":140}
{"layer":0,"x":4,"y":7,"duration":111,"hold":false,"tt_base":140,"tt_delay":0,"tt_effective":140}
{"layer":0,"x":2,"y":3,"duration":81,"hold":false,"tt_base":140,"tt_delay":0,"tt_effective":140}
{"layer":0,"x":2,"y":10,"duration":98,"hold":false,"tt_base":140,"tt_delay":20,"tt_effective":160}
{"layer":0,"x":3,"y":3,"duration":30,"hold":false,"tt_base":140,"tt_delay":0,"tt_effective":140}
{"layer":0,"x":4,"y":6,"duration":85,"hold":false,"tt_base":140,"tt_delay":0,"tt_effective":140}
{"layer":0,"x":2,"y":5,"duration":59,"hold":false,"tt_base":140,"tt_delay":0,"tt_effective":140}
{"layer":0,"x":2,"y":8,"duration":56,"hold":false,"tt_base":140,"tt_delay":0,"tt_effective":140}
{"layer":0,"x":4,"y":6,"duration":88,"hold":false,"tt_base":140,"tt_delay":0,"tt_effective":140}
{"layer":0,"x":2,"y":5,"duration":68,"hold":false,"tt_base":140,"tt_delay":0,"tt_effective":140}
{"layer":0,"x":2,"y":8,"duration":78,"hold":false,"tt_base":140,"tt_delay":0,"tt_effective":140}
{"layer":0,"x":3,"y":1,"duration":85,"hold":false,"tt_base":140,"tt_delay":20,"tt_effective":160}
{"layer":0,"x":2,"y":9,"duration":130,"hold":false,"tt_base":140,"tt_delay":20,"tt_effective":160}
{"layer":0,"x":2,"y":7,"duration":120,"hold":false,"tt_base":140,"tt_delay":0,"tt_effective":140}
{"layer":0,"x":2,"y":8,"duration":131,"hold":false,"tt_base":140,"tt_delay":0,"tt_effective":140}
{"layer":0,"x":4,"y":7,"duration":81,"hold":false,"tt_base":140,"tt_delay":0,"tt_effective":140}
{"layer":0,"x":3,"y":3,"duration":79,"hold":false,"tt_base":140,"tt_delay":0,"tt_effective":140}
{"layer":0,"x":2,"y":10,"duration":85,"hold":false,"tt_base":140,"tt_delay":20,"tt_effective":160}
{"layer":0,"x":2,"y":2,"duration":82,"hold":false,"tt_base":140,"tt_delay":20,"tt_effective":160}
{"layer":0,"x":4,"y":6,"duration":225,"hold":true,"tt_base":140,"tt_delay":0,"tt_effective":140}
{"layer":2,"x":2,"y":6,"duration":130,"hold":false,"tt_base":140,"tt_delay":0,"tt_effective":140}
{"layer":2,"x":2,"y":6,"duration":72,"hold":false,"tt_base":140,"tt_delay":0,"tt_effective":140}
{"layer":2,"x":2,"y":3,"duration":1310,"hold":true,"tt_base":140,"tt_delay":0,"tt_effective":140}
{"layer":0,"x":4,"y":7,"duration":1303,"hold":true,"tt_base":140,"tt_delay":0,"tt_effective":140}
{"layer":2,"x":2,"y":6,"duration":85,"hold":false,"tt_base":140,"tt_delay":0,"tt_effective":140}
{"layer":0,"x":4,"y":7,"duration":207,"hold":true,"tt_base":140,"tt_delay":0,"tt_effective":140}
{"layer":0,"x":2,"y":2,"duration":236,"hold":true,"tt_base":140,"tt_delay":20,"tt_effective":160}
